#
# A fatal error has been detected by the Java Runtime Environment:
#
#  EXCEPTION_INT_DIVIDE_BY_ZERO (0xc0000094) at pc=0x00007ffa9e20ef6a, pid=52036, tid=14152
#
# JRE version: Java(TM) SE Runtime Environment (18.0.2.1+1) (build 18.0.2.1+1-1)
# Java VM: Java HotSpot(TM) 64-Bit Server VM (18.0.2.1+1-1, mixed mode, sharing, tiered, compressed oops, compressed class ptrs, g1 gc, windows-amd64)
# Problematic frame:
# C  [jniRaylib.dll+0x9ef6a]
#
# No core dump will be written. Minidumps are not enabled by default on client versions of Windows
#
# If you would like to submit a bug report, please visit:
#   https://bugreport.java.com/bugreport/crash.jsp
# The crash happened outside the Java Virtual Machine in native code.
# See problematic frame for where to report the bug.
#

---------------  S U M M A R Y ------------

Command Line: --enable-preview -XX:+ShowCodeDetailsInExceptionMessages App

Host: 12th Gen Intel(R) Core(TM) i7-12800HX, 24 cores, 31G,  Windows 11 , 64 bit Build 22000 (10.0.22000.708)
Time: Tue Sep 27 20:56:23 2022 Pacific Daylight Time elapsed time: 0.586423 seconds (0d 0h 0m 0s)

---------------  T H R E A D  ---------------

Current thread (0x000002202ad21450):  JavaThread "main" [_thread_in_native, id=14152, stack(0x0000005e87300000,0x0000005e87400000)]

Stack: [0x0000005e87300000,0x0000005e87400000],  sp=0x0000005e873ff2a0,  free space=1020k
Native frames: (J=compiled Java code, j=interpreted, Vv=VM code, C=native code)
C  [jniRaylib.dll+0x9ef6a]

Java frames: (J=compiled Java code, j=interpreted, Vv=VM code)
j  com.raylib.Raylib.ImageResizeNN(Lcom/raylib/Raylib$Image;II)V+0
j  tiles.tile.resize(Lactial/renderer;I)V+29
j  actial.tilesys.lambda$0(Lactial/renderer;ILjava/lang/String;Ltiles/tile;)V+3
j  actial.tilesys$$Lambda$24+0x0000000800c15368.accept(Ljava/lang/Object;Ljava/lang/Object;)V+16
j  java.util.HashMap.forEach(Ljava/util/function/BiConsumer;)V+74 java.base@18.0.2.1
j  actial.tilesys.resize(Lactial/renderer;I)V+16
j  App$1.resized()V+33
j  actial.renderer.<init>(IILjava/lang/String;Ljava/lang/String;)V+31
j  App$1.<init>(IILjava/lang/String;Ljava/lang/String;)V+6
j  App.main([Ljava/lang/String;)V+13
v  ~StubRoutines::call_stub

siginfo: EXCEPTION_INT_DIVIDE_BY_ZERO (0xc0000094)


Register to memory mapping:

RIP=0x00007ffa9e20ef6a jniRaylib.dll
RAX=0x0000000000200000 is an unknown value
RBX=0x000002205db1aaf0 points into unknown readable memory: 0x000002205db6bc50 | 50 bc b6 5d 20 02 00 00
RCX=0x000002205e371910 points into unknown readable memory: 0x000002205ec42df8 | f8 2d c4 5e 20 02 00 00
RDX=0x0 is NULL
RSP=0x0000005e873ff2a0 is pointing into the stack for thread: 0x000002202ad21450
RBP=0x0 is NULL
RSI=0x000002205db65bf0 points into unknown readable memory: 0x0000000000000000 | 00 00 00 00 00 00 00 00
RDI=0x000002205db1aaf0 points into unknown readable memory: 0x000002205db6bc50 | 50 bc b6 5d 20 02 00 00
R8 =0x00000000000000b9 is an unknown value
R9 =0x0000000000000040 is an unknown value
R10=0x0000000000000080 is an unknown value
R11=0xf565aeb007ecd4ff is an unknown value
R12=0x0 is NULL
R13={method} {0x0000022058c22e88} 'ImageResizeNN' '(Lcom/raylib/Raylib$Image;II)V' in 'com/raylib/Raylib'
R14=0x0 is NULL
R15=0x0 is NULL


Registers:
RAX=0x0000000000200000, RBX=0x000002205db1aaf0, RCX=0x000002205e371910, RDX=0x0000000000000000
RSP=0x0000005e873ff2a0, RBP=0x0000000000000000, RSI=0x000002205db65bf0, RDI=0x000002205db1aaf0
R8 =0x00000000000000b9, R9 =0x0000000000000040, R10=0x0000000000000080, R11=0xf565aeb007ecd4ff
R12=0x0000000000000000, R13=0x0000022058c22e80, R14=0x0000000000000000, R15=0x0000000000000000
RIP=0x00007ffa9e20ef6a, EFLAGS=0x0000000000010206

Top of Stack: (sp=0x0000005e873ff2a0)
0x0000005e873ff2a0:   000002205db1aaf0 000002202ad216e0
0x0000005e873ff2b0:   000002205db1aaf0 00000220326694fe
0x0000005e873ff2c0:   000002205db6bc50 0000002000000020
0x0000005e873ff2d0:   0000000700000001 00007ffa7f0e40e5
0x0000005e873ff2e0:   0000022058c22e80 0000022032684936
0x0000005e873ff2f0:   000002202ad216e0 0000000000000000
0x0000005e873ff300:   000002202ad21450 0000005e873ff400
0x0000005e873ff310:   0000005e873ff400 00007ffa9e1a2ae9
0x0000005e873ff320:   000002205e371910 000002205db1aaf0
0x0000005e873ff330:   0000022000000000 0000000623921850
0x0000005e873ff340:   00000220326694fe 000002203266d621
0x0000005e873ff350:   0000022058c22e80 0000005e873ff3d0
0x0000005e873ff360:   00000000ffffffff 00000000ffffffff
0x0000005e873ff370:   0000022000000000 0000000000000000
0x0000005e873ff380:   000002203266d2f6 0000005e873ff388
0x0000005e873ff390:   0000022058c22e80 0000005e873ff400 

Instructions: (pc=0x00007ffa9e20ef6a)
0x00007ffa9e20ee6a:   c7 3b 7c 24 20 7c cf 8b ac 24 e0 00 00 00 44 8b
0x00007ffa9e20ee7a:   b4 24 d8 00 00 00 4c 8b ac 24 98 00 00 00 48 8b
0x00007ffa9e20ee8a:   0b ff 15 87 57 0a 00 44 0f 28 5c 24 30 44 0f 28
0x00007ffa9e20ee9a:   54 24 40 44 0f 28 44 24 60 4c 8b bc 24 90 00 00
0x00007ffa9e20eeaa:   00 48 8b b4 24 e8 00 00 00 4c 89 23 4c 8b a4 24
0x00007ffa9e20eeba:   a0 00 00 00 44 89 73 08 89 6b 0c 48 81 c4 a8 00
0x00007ffa9e20eeca:   00 00 41 5e 5f 5d 5b c3 cc cc cc cc cc cc cc cc
0x00007ffa9e20eeda:   cc cc cc cc cc cc 48 8b c4 44 89 40 18 57 41 56
0x00007ffa9e20eeea:   41 57 48 83 ec 60 48 83 39 00 48 8b f9 45 8b f8
0x00007ffa9e20eefa:   44 8b f2 0f 84 3b 01 00 00 83 79 08 00 0f 84 31
0x00007ffa9e20ef0a:   01 00 00 83 79 0c 00 0f 84 27 01 00 00 0f 10 01
0x00007ffa9e20ef1a:   48 89 58 10 f2 0f 10 49 10 48 8d 48 a8 48 89 68
0x00007ffa9e20ef2a:   e0 48 89 70 d8 0f 29 40 a8 4c 89 68 c8 f2 0f 11
0x00007ffa9e20ef3a:   48 b8 e8 bf 0f 00 00 41 8b ce 48 8b f0 41 0f af
0x00007ffa9e20ef4a:   cf 48 63 c9 48 c1 e1 02 ff 15 b8 56 0a 00 48 8b
0x00007ffa9e20ef5a:   c8 48 89 84 24 80 00 00 00 8b 47 08 c1 e0 10 99
0x00007ffa9e20ef6a:   41 f7 fe 8d 68 01 8b 47 0c c1 e0 10 99 41 f7 ff
0x00007ffa9e20ef7a:   44 8d 68 01 45 85 ff 7e 6b 4c 89 64 24 48 45 33
0x00007ffa9e20ef8a:   db 4d 63 e6 48 8b d9 49 c1 e4 02 45 85 f6 7e 3b
0x00007ffa9e20ef9a:   45 8b d3 48 8b c3 41 c1 fa 10 4d 8b ce 45 33 c0
0x00007ffa9e20efaa:   66 0f 1f 44 00 00 41 8b c8 48 8d 40 04 c1 f9 10
0x00007ffa9e20efba:   41 8b d2 0f af 57 08 44 03 c5 03 d1 48 63 ca 8b
0x00007ffa9e20efca:   14 8e 89 50 fc 49 83 e9 01 75 db 45 03 dd 49 03
0x00007ffa9e20efda:   dc 49 83 ef 01 75 b4 44 8b bc 24 90 00 00 00 4c
0x00007ffa9e20efea:   8b 64 24 48 48 8b 0f 8b 5f 14 ff 15 1e 56 0a 00
0x00007ffa9e20effa:   48 8b 84 24 80 00 00 00 8b d3 48 8b cf 48 89 07
0x00007ffa9e20f00a:   44 89 77 08 44 89 7f 0c c7 47 14 07 00 00 00 e8
0x00007ffa9e20f01a:   52 ed ff ff 48 8b ce ff 15 f1 55 0a 00 4c 8b 6c
0x00007ffa9e20f02a:   24 40 48 8b 74 24 50 48 8b 6c 24 58 48 8b 9c 24
0x00007ffa9e20f03a:   88 00 00 00 48 83 c4 60 41 5f 41 5e 5f c3 cc cc
0x00007ffa9e20f04a:   cc cc cc cc cc cc 40 53 48 83 ec 20 48 83 39 00
0x00007ffa9e20f05a:   48 8b d9 0f 84 22 01 00 00 83 79 08 00 0f 84 18 


Stack slot to memory mapping:
stack at sp + 0 slots: 0x000002205db1aaf0 points into unknown readable memory: 0x000002205db6bc50 | 50 bc b6 5d 20 02 00 00
stack at sp + 1 slots: 0x000002202ad216e0 points into unknown readable memory: 0x00007ffa7f804720 | 20 47 80 7f fa 7f 00 00
stack at sp + 2 slots: 0x000002205db1aaf0 points into unknown readable memory: 0x000002205db6bc50 | 50 bc b6 5d 20 02 00 00
stack at sp + 3 slots: 0x00000220326694fe is at code_begin+1118 in an Interpreter codelet
return entry points  [0x00000220326690a0, 0x0000022032669ba0]  2816 bytes
stack at sp + 4 slots: 0x000002205db6bc50 points into unknown readable memory: 0x0000000000000000 | 00 00 00 00 00 00 00 00
stack at sp + 5 slots: 0x0000002000000020 is an unknown value
stack at sp + 6 slots: 0x0000000700000001 is an unallocated location in the heap
stack at sp + 7 slots: 0x00007ffa7f0e40e5 jvm.dll


---------------  P R O C E S S  ---------------

Threads class SMR info:
_java_thread_list=0x000002205d9ab460, length=16, elements={
0x000002202ad21450, 0x000002205756eb10, 0x000002205c801570, 0x000002205c81a160,
0x000002205c81ab00, 0x000002205c81b4a0, 0x000002205c81c250, 0x000002205c821380,
0x000002205c81dc00, 0x000002205c81e4f0, 0x000002205c940eb0, 0x000002205c951f30,
0x000002205c957080, 0x000002205c98f960, 0x000002205c9ab690, 0x000002205d8bf280
}

Java Threads: ( => current thread )
=>0x000002202ad21450 JavaThread "main" [_thread_in_native, id=14152, stack(0x0000005e87300000,0x0000005e87400000)]
  0x000002205756eb10 JavaThread "Reference Handler" daemon [_thread_blocked, id=50404, stack(0x0000005e87a00000,0x0000005e87b00000)]
  0x000002205c801570 JavaThread "Finalizer" daemon [_thread_blocked, id=38888, stack(0x0000005e87b00000,0x0000005e87c00000)]
  0x000002205c81a160 JavaThread "Signal Dispatcher" daemon [_thread_blocked, id=51512, stack(0x0000005e87c00000,0x0000005e87d00000)]
  0x000002205c81ab00 JavaThread "Attach Listener" daemon [_thread_blocked, id=45808, stack(0x0000005e87d00000,0x0000005e87e00000)]
  0x000002205c81b4a0 JavaThread "Service Thread" daemon [_thread_blocked, id=26576, stack(0x0000005e87e00000,0x0000005e87f00000)]
  0x000002205c81c250 JavaThread "Monitor Deflation Thread" daemon [_thread_blocked, id=36124, stack(0x0000005e87f00000,0x0000005e88000000)]
  0x000002205c821380 JavaThread "C2 CompilerThread0" daemon [_thread_blocked, id=21040, stack(0x0000005e88000000,0x0000005e88100000)]
  0x000002205c81dc00 JavaThread "C1 CompilerThread0" daemon [_thread_blocked, id=51820, stack(0x0000005e88100000,0x0000005e88200000)]
  0x000002205c81e4f0 JavaThread "Sweeper thread" daemon [_thread_blocked, id=40596, stack(0x0000005e88200000,0x0000005e88300000)]
  0x000002205c940eb0 JavaThread "C1 CompilerThread1" daemon [_thread_blocked, id=35128, stack(0x0000005e88300000,0x0000005e88400000)]
  0x000002205c951f30 JavaThread "C1 CompilerThread2" daemon [_thread_blocked, id=31060, stack(0x0000005e88400000,0x0000005e88500000)]
  0x000002205c957080 JavaThread "C1 CompilerThread3" daemon [_thread_blocked, id=33712, stack(0x0000005e88500000,0x0000005e88600000)]
  0x000002205c98f960 JavaThread "Notification Thread" daemon [_thread_blocked, id=27056, stack(0x0000005e88600000,0x0000005e88700000)]
  0x000002205c9ab690 JavaThread "Common-Cleaner" daemon [_thread_blocked, id=51120, stack(0x0000005e88800000,0x0000005e88900000)]
  0x000002205d8bf280 JavaThread "JavaCPP Deallocator" daemon [_thread_blocked, id=5036, stack(0x0000005e88c00000,0x0000005e88d00000)]

Other Threads:
  0x00000220573b28f0 VMThread "VM Thread" [stack: 0x0000005e87900000,0x0000005e87a00000] [id=26020]
  0x000002205c9aa650 WatcherThread "VM Periodic Task Thread" [stack: 0x0000005e88700000,0x0000005e88800000] [id=43944]
  0x000002202add9600 WorkerThread "GC Thread#0" [stack: 0x0000005e87400000,0x0000005e87500000] [id=29376]
  0x000002202adea250 ConcurrentGCThread "G1 Main Marker" [stack: 0x0000005e87500000,0x0000005e87600000] [id=47760]
  0x000002202adebcb0 WorkerThread "G1 Conc#0" [stack: 0x0000005e87600000,0x0000005e87700000] [id=46688]
  0x000002202ad46870 ConcurrentGCThread "G1 Refine#0" [stack: 0x0000005e87700000,0x0000005e87800000] [id=24312]
  0x0000022057427ab0 ConcurrentGCThread "G1 Service" [stack: 0x0000005e87800000,0x0000005e87900000] [id=50916]

Threads with active compile tasks:

VM state: not at safepoint (normal execution)

VM Mutex/Monitor currently owned by a thread: None

Heap address: 0x0000000605000000, size: 8112 MB, Compressed Oops mode: Zero based, Oop shift amount: 3

CDS archive(s) mapped at: [0x0000000800000000-0x0000000800ba0000-0x0000000800ba0000), size 12189696, SharedBaseAddress: 0x0000000800000000, ArchiveRelocationMode: 0.
Compressed class space mapped at: 0x0000000800c00000-0x0000000840c00000, reserved size: 1073741824
Narrow klass base: 0x0000000800000000, Narrow klass shift: 0, Narrow klass range: 0x100000000

GC Precious Log:
 CardTable entry size: 512
 Card Set container configuration: InlinePtr #cards 4 size 8 Array Of Cards #cards 32 size 80 Howl #buckets 8 coarsen threshold 7372 Howl Bitmap #cards 1024 size 144 coarsen threshold 921 Card regions per heap region 1 cards per card region 8192
 CPUs: 24 total, 24 available
 Memory: 32436M
 Large Page Support: Disabled
 NUMA Support: Disabled
 Compressed Oops: Enabled (Zero based)
 Heap Region Size: 4M
 Heap Min Capacity: 8M
 Heap Initial Capacity: 508M
 Heap Max Capacity: 8112M
 Pre-touch: Disabled
 Parallel Workers: 18
 Concurrent Workers: 5
 Concurrent Refinement Workers: 18
 Periodic GC: Disabled

Heap:
 garbage-first heap   total 520192K, used 16384K [0x0000000605000000, 0x0000000800000000)
  region size 4096K, 5 young (20480K), 0 survivors (0K)
 Metaspace       used 2018K, committed 2176K, reserved 1114112K
  class space    used 175K, committed 256K, reserved 1048576K

Heap Regions: E=young(eden), S=young(survivor), O=old, HS=humongous(starts), HC=humongous(continues), CS=collection set, F=free, OA=open archive, CA=closed archive, TAMS=top-at-mark-start (previous, next)
|   0|0x0000000605000000, 0x0000000605000000, 0x0000000605400000|  0%| F|  |TAMS 0x0000000605000000, 0x0000000605000000| Untracked 
|   1|0x0000000605400000, 0x0000000605400000, 0x0000000605800000|  0%| F|  |TAMS 0x0000000605400000, 0x0000000605400000| Untracked 
|   2|0x0000000605800000, 0x0000000605800000, 0x0000000605c00000|  0%| F|  |TAMS 0x0000000605800000, 0x0000000605800000| Untracked 
|   3|0x0000000605c00000, 0x0000000605c00000, 0x0000000606000000|  0%| F|  |TAMS 0x0000000605c00000, 0x0000000605c00000| Untracked 
|   4|0x0000000606000000, 0x0000000606000000, 0x0000000606400000|  0%| F|  |TAMS 0x0000000606000000, 0x0000000606000000| Untracked 
|   5|0x0000000606400000, 0x0000000606400000, 0x0000000606800000|  0%| F|  |TAMS 0x0000000606400000, 0x0000000606400000| Untracked 
|   6|0x0000000606800000, 0x0000000606800000, 0x0000000606c00000|  0%| F|  |TAMS 0x0000000606800000, 0x0000000606800000| Untracked 
|   7|0x0000000606c00000, 0x0000000606c00000, 0x0000000607000000|  0%| F|  |TAMS 0x0000000606c00000, 0x0000000606c00000| Untracked 
|   8|0x0000000607000000, 0x0000000607000000, 0x0000000607400000|  0%| F|  |TAMS 0x0000000607000000, 0x0000000607000000| Untracked 
|   9|0x0000000607400000, 0x0000000607400000, 0x0000000607800000|  0%| F|  |TAMS 0x0000000607400000, 0x0000000607400000| Untracked 
|  10|0x0000000607800000, 0x0000000607800000, 0x0000000607c00000|  0%| F|  |TAMS 0x0000000607800000, 0x0000000607800000| Untracked 
|  11|0x0000000607c00000, 0x0000000607c00000, 0x0000000608000000|  0%| F|  |TAMS 0x0000000607c00000, 0x0000000607c00000| Untracked 
|  12|0x0000000608000000, 0x0000000608000000, 0x0000000608400000|  0%| F|  |TAMS 0x0000000608000000, 0x0000000608000000| Untracked 
|  13|0x0000000608400000, 0x0000000608400000, 0x0000000608800000|  0%| F|  |TAMS 0x0000000608400000, 0x0000000608400000| Untracked 
|  14|0x0000000608800000, 0x0000000608800000, 0x0000000608c00000|  0%| F|  |TAMS 0x0000000608800000, 0x0000000608800000| Untracked 
|  15|0x0000000608c00000, 0x0000000608c00000, 0x0000000609000000|  0%| F|  |TAMS 0x0000000608c00000, 0x0000000608c00000| Untracked 
|  16|0x0000000609000000, 0x0000000609000000, 0x0000000609400000|  0%| F|  |TAMS 0x0000000609000000, 0x0000000609000000| Untracked 
|  17|0x0000000609400000, 0x0000000609400000, 0x0000000609800000|  0%| F|  |TAMS 0x0000000609400000, 0x0000000609400000| Untracked 
|  18|0x0000000609800000, 0x0000000609800000, 0x0000000609c00000|  0%| F|  |TAMS 0x0000000609800000, 0x0000000609800000| Untracked 
|  19|0x0000000609c00000, 0x0000000609c00000, 0x000000060a000000|  0%| F|  |TAMS 0x0000000609c00000, 0x0000000609c00000| Untracked 
|  20|0x000000060a000000, 0x000000060a000000, 0x000000060a400000|  0%| F|  |TAMS 0x000000060a000000, 0x000000060a000000| Untracked 
|  21|0x000000060a400000, 0x000000060a400000, 0x000000060a800000|  0%| F|  |TAMS 0x000000060a400000, 0x000000060a400000| Untracked 
|  22|0x000000060a800000, 0x000000060a800000, 0x000000060ac00000|  0%| F|  |TAMS 0x000000060a800000, 0x000000060a800000| Untracked 
|  23|0x000000060ac00000, 0x000000060ac00000, 0x000000060b000000|  0%| F|  |TAMS 0x000000060ac00000, 0x000000060ac00000| Untracked 
|  24|0x000000060b000000, 0x000000060b000000, 0x000000060b400000|  0%| F|  |TAMS 0x000000060b000000, 0x000000060b000000| Untracked 
|  25|0x000000060b400000, 0x000000060b400000, 0x000000060b800000|  0%| F|  |TAMS 0x000000060b400000, 0x000000060b400000| Untracked 
|  26|0x000000060b800000, 0x000000060b800000, 0x000000060bc00000|  0%| F|  |TAMS 0x000000060b800000, 0x000000060b800000| Untracked 
|  27|0x000000060bc00000, 0x000000060bc00000, 0x000000060c000000|  0%| F|  |TAMS 0x000000060bc00000, 0x000000060bc00000| Untracked 
|  28|0x000000060c000000, 0x000000060c000000, 0x000000060c400000|  0%| F|  |TAMS 0x000000060c000000, 0x000000060c000000| Untracked 
|  29|0x000000060c400000, 0x000000060c400000, 0x000000060c800000|  0%| F|  |TAMS 0x000000060c400000, 0x000000060c400000| Untracked 
|  30|0x000000060c800000, 0x000000060c800000, 0x000000060cc00000|  0%| F|  |TAMS 0x000000060c800000, 0x000000060c800000| Untracked 
|  31|0x000000060cc00000, 0x000000060cc00000, 0x000000060d000000|  0%| F|  |TAMS 0x000000060cc00000, 0x000000060cc00000| Untracked 
|  32|0x000000060d000000, 0x000000060d000000, 0x000000060d400000|  0%| F|  |TAMS 0x000000060d000000, 0x000000060d000000| Untracked 
|  33|0x000000060d400000, 0x000000060d400000, 0x000000060d800000|  0%| F|  |TAMS 0x000000060d400000, 0x000000060d400000| Untracked 
|  34|0x000000060d800000, 0x000000060d800000, 0x000000060dc00000|  0%| F|  |TAMS 0x000000060d800000, 0x000000060d800000| Untracked 
|  35|0x000000060dc00000, 0x000000060dc00000, 0x000000060e000000|  0%| F|  |TAMS 0x000000060dc00000, 0x000000060dc00000| Untracked 
|  36|0x000000060e000000, 0x000000060e000000, 0x000000060e400000|  0%| F|  |TAMS 0x000000060e000000, 0x000000060e000000| Untracked 
|  37|0x000000060e400000, 0x000000060e400000, 0x000000060e800000|  0%| F|  |TAMS 0x000000060e400000, 0x000000060e400000| Untracked 
|  38|0x000000060e800000, 0x000000060e800000, 0x000000060ec00000|  0%| F|  |TAMS 0x000000060e800000, 0x000000060e800000| Untracked 
|  39|0x000000060ec00000, 0x000000060ec00000, 0x000000060f000000|  0%| F|  |TAMS 0x000000060ec00000, 0x000000060ec00000| Untracked 
|  40|0x000000060f000000, 0x000000060f000000, 0x000000060f400000|  0%| F|  |TAMS 0x000000060f000000, 0x000000060f000000| Untracked 
|  41|0x000000060f400000, 0x000000060f400000, 0x000000060f800000|  0%| F|  |TAMS 0x000000060f400000, 0x000000060f400000| Untracked 
|  42|0x000000060f800000, 0x000000060f800000, 0x000000060fc00000|  0%| F|  |TAMS 0x000000060f800000, 0x000000060f800000| Untracked 
|  43|0x000000060fc00000, 0x000000060fc00000, 0x0000000610000000|  0%| F|  |TAMS 0x000000060fc00000, 0x000000060fc00000| Untracked 
|  44|0x0000000610000000, 0x0000000610000000, 0x0000000610400000|  0%| F|  |TAMS 0x0000000610000000, 0x0000000610000000| Untracked 
|  45|0x0000000610400000, 0x0000000610400000, 0x0000000610800000|  0%| F|  |TAMS 0x0000000610400000, 0x0000000610400000| Untracked 
|  46|0x0000000610800000, 0x0000000610800000, 0x0000000610c00000|  0%| F|  |TAMS 0x0000000610800000, 0x0000000610800000| Untracked 
|  47|0x0000000610c00000, 0x0000000610c00000, 0x0000000611000000|  0%| F|  |TAMS 0x0000000610c00000, 0x0000000610c00000| Untracked 
|  48|0x0000000611000000, 0x0000000611000000, 0x0000000611400000|  0%| F|  |TAMS 0x0000000611000000, 0x0000000611000000| Untracked 
|  49|0x0000000611400000, 0x0000000611400000, 0x0000000611800000|  0%| F|  |TAMS 0x0000000611400000, 0x0000000611400000| Untracked 
|  50|0x0000000611800000, 0x0000000611800000, 0x0000000611c00000|  0%| F|  |TAMS 0x0000000611800000, 0x0000000611800000| Untracked 
|  51|0x0000000611c00000, 0x0000000611c00000, 0x0000000612000000|  0%| F|  |TAMS 0x0000000611c00000, 0x0000000611c00000| Untracked 
|  52|0x0000000612000000, 0x0000000612000000, 0x0000000612400000|  0%| F|  |TAMS 0x0000000612000000, 0x0000000612000000| Untracked 
|  53|0x0000000612400000, 0x0000000612400000, 0x0000000612800000|  0%| F|  |TAMS 0x0000000612400000, 0x0000000612400000| Untracked 
|  54|0x0000000612800000, 0x0000000612800000, 0x0000000612c00000|  0%| F|  |TAMS 0x0000000612800000, 0x0000000612800000| Untracked 
|  55|0x0000000612c00000, 0x0000000612c00000, 0x0000000613000000|  0%| F|  |TAMS 0x0000000612c00000, 0x0000000612c00000| Untracked 
|  56|0x0000000613000000, 0x0000000613000000, 0x0000000613400000|  0%| F|  |TAMS 0x0000000613000000, 0x0000000613000000| Untracked 
|  57|0x0000000613400000, 0x0000000613400000, 0x0000000613800000|  0%| F|  |TAMS 0x0000000613400000, 0x0000000613400000| Untracked 
|  58|0x0000000613800000, 0x0000000613800000, 0x0000000613c00000|  0%| F|  |TAMS 0x0000000613800000, 0x0000000613800000| Untracked 
|  59|0x0000000613c00000, 0x0000000613c00000, 0x0000000614000000|  0%| F|  |TAMS 0x0000000613c00000, 0x0000000613c00000| Untracked 
|  60|0x0000000614000000, 0x0000000614000000, 0x0000000614400000|  0%| F|  |TAMS 0x0000000614000000, 0x0000000614000000| Untracked 
|  61|0x0000000614400000, 0x0000000614400000, 0x0000000614800000|  0%| F|  |TAMS 0x0000000614400000, 0x0000000614400000| Untracked 
|  62|0x0000000614800000, 0x0000000614800000, 0x0000000614c00000|  0%| F|  |TAMS 0x0000000614800000, 0x0000000614800000| Untracked 
|  63|0x0000000614c00000, 0x0000000614c00000, 0x0000000615000000|  0%| F|  |TAMS 0x0000000614c00000, 0x0000000614c00000| Untracked 
|  64|0x0000000615000000, 0x0000000615000000, 0x0000000615400000|  0%| F|  |TAMS 0x0000000615000000, 0x0000000615000000| Untracked 
|  65|0x0000000615400000, 0x0000000615400000, 0x0000000615800000|  0%| F|  |TAMS 0x0000000615400000, 0x0000000615400000| Untracked 
|  66|0x0000000615800000, 0x0000000615800000, 0x0000000615c00000|  0%| F|  |TAMS 0x0000000615800000, 0x0000000615800000| Untracked 
|  67|0x0000000615c00000, 0x0000000615c00000, 0x0000000616000000|  0%| F|  |TAMS 0x0000000615c00000, 0x0000000615c00000| Untracked 
|  68|0x0000000616000000, 0x0000000616000000, 0x0000000616400000|  0%| F|  |TAMS 0x0000000616000000, 0x0000000616000000| Untracked 
|  69|0x0000000616400000, 0x0000000616400000, 0x0000000616800000|  0%| F|  |TAMS 0x0000000616400000, 0x0000000616400000| Untracked 
|  70|0x0000000616800000, 0x0000000616800000, 0x0000000616c00000|  0%| F|  |TAMS 0x0000000616800000, 0x0000000616800000| Untracked 
|  71|0x0000000616c00000, 0x0000000616c00000, 0x0000000617000000|  0%| F|  |TAMS 0x0000000616c00000, 0x0000000616c00000| Untracked 
|  72|0x0000000617000000, 0x0000000617000000, 0x0000000617400000|  0%| F|  |TAMS 0x0000000617000000, 0x0000000617000000| Untracked 
|  73|0x0000000617400000, 0x0000000617400000, 0x0000000617800000|  0%| F|  |TAMS 0x0000000617400000, 0x0000000617400000| Untracked 
|  74|0x0000000617800000, 0x0000000617800000, 0x0000000617c00000|  0%| F|  |TAMS 0x0000000617800000, 0x0000000617800000| Untracked 
|  75|0x0000000617c00000, 0x0000000617c00000, 0x0000000618000000|  0%| F|  |TAMS 0x0000000617c00000, 0x0000000617c00000| Untracked 
|  76|0x0000000618000000, 0x0000000618000000, 0x0000000618400000|  0%| F|  |TAMS 0x0000000618000000, 0x0000000618000000| Untracked 
|  77|0x0000000618400000, 0x0000000618400000, 0x0000000618800000|  0%| F|  |TAMS 0x0000000618400000, 0x0000000618400000| Untracked 
|  78|0x0000000618800000, 0x0000000618800000, 0x0000000618c00000|  0%| F|  |TAMS 0x0000000618800000, 0x0000000618800000| Untracked 
|  79|0x0000000618c00000, 0x0000000618c00000, 0x0000000619000000|  0%| F|  |TAMS 0x0000000618c00000, 0x0000000618c00000| Untracked 
|  80|0x0000000619000000, 0x0000000619000000, 0x0000000619400000|  0%| F|  |TAMS 0x0000000619000000, 0x0000000619000000| Untracked 
|  81|0x0000000619400000, 0x0000000619400000, 0x0000000619800000|  0%| F|  |TAMS 0x0000000619400000, 0x0000000619400000| Untracked 
|  82|0x0000000619800000, 0x0000000619800000, 0x0000000619c00000|  0%| F|  |TAMS 0x0000000619800000, 0x0000000619800000| Untracked 
|  83|0x0000000619c00000, 0x0000000619c00000, 0x000000061a000000|  0%| F|  |TAMS 0x0000000619c00000, 0x0000000619c00000| Untracked 
|  84|0x000000061a000000, 0x000000061a000000, 0x000000061a400000|  0%| F|  |TAMS 0x000000061a000000, 0x000000061a000000| Untracked 
|  85|0x000000061a400000, 0x000000061a400000, 0x000000061a800000|  0%| F|  |TAMS 0x000000061a400000, 0x000000061a400000| Untracked 
|  86|0x000000061a800000, 0x000000061a800000, 0x000000061ac00000|  0%| F|  |TAMS 0x000000061a800000, 0x000000061a800000| Untracked 
|  87|0x000000061ac00000, 0x000000061ac00000, 0x000000061b000000|  0%| F|  |TAMS 0x000000061ac00000, 0x000000061ac00000| Untracked 
|  88|0x000000061b000000, 0x000000061b000000, 0x000000061b400000|  0%| F|  |TAMS 0x000000061b000000, 0x000000061b000000| Untracked 
|  89|0x000000061b400000, 0x000000061b400000, 0x000000061b800000|  0%| F|  |TAMS 0x000000061b400000, 0x000000061b400000| Untracked 
|  90|0x000000061b800000, 0x000000061b800000, 0x000000061bc00000|  0%| F|  |TAMS 0x000000061b800000, 0x000000061b800000| Untracked 
|  91|0x000000061bc00000, 0x000000061bc00000, 0x000000061c000000|  0%| F|  |TAMS 0x000000061bc00000, 0x000000061bc00000| Untracked 
|  92|0x000000061c000000, 0x000000061c000000, 0x000000061c400000|  0%| F|  |TAMS 0x000000061c000000, 0x000000061c000000| Untracked 
|  93|0x000000061c400000, 0x000000061c400000, 0x000000061c800000|  0%| F|  |TAMS 0x000000061c400000, 0x000000061c400000| Untracked 
|  94|0x000000061c800000, 0x000000061c800000, 0x000000061cc00000|  0%| F|  |TAMS 0x000000061c800000, 0x000000061c800000| Untracked 
|  95|0x000000061cc00000, 0x000000061cc00000, 0x000000061d000000|  0%| F|  |TAMS 0x000000061cc00000, 0x000000061cc00000| Untracked 
|  96|0x000000061d000000, 0x000000061d000000, 0x000000061d400000|  0%| F|  |TAMS 0x000000061d000000, 0x000000061d000000| Untracked 
|  97|0x000000061d400000, 0x000000061d400000, 0x000000061d800000|  0%| F|  |TAMS 0x000000061d400000, 0x000000061d400000| Untracked 
|  98|0x000000061d800000, 0x000000061d800000, 0x000000061dc00000|  0%| F|  |TAMS 0x000000061d800000, 0x000000061d800000| Untracked 
|  99|0x000000061dc00000, 0x000000061dc00000, 0x000000061e000000|  0%| F|  |TAMS 0x000000061dc00000, 0x000000061dc00000| Untracked 
| 100|0x000000061e000000, 0x000000061e000000, 0x000000061e400000|  0%| F|  |TAMS 0x000000061e000000, 0x000000061e000000| Untracked 
| 101|0x000000061e400000, 0x000000061e400000, 0x000000061e800000|  0%| F|  |TAMS 0x000000061e400000, 0x000000061e400000| Untracked 
| 102|0x000000061e800000, 0x000000061e800000, 0x000000061ec00000|  0%| F|  |TAMS 0x000000061e800000, 0x000000061e800000| Untracked 
| 103|0x000000061ec00000, 0x000000061ec00000, 0x000000061f000000|  0%| F|  |TAMS 0x000000061ec00000, 0x000000061ec00000| Untracked 
| 104|0x000000061f000000, 0x000000061f000000, 0x000000061f400000|  0%| F|  |TAMS 0x000000061f000000, 0x000000061f000000| Untracked 
| 105|0x000000061f400000, 0x000000061f400000, 0x000000061f800000|  0%| F|  |TAMS 0x000000061f400000, 0x000000061f400000| Untracked 
| 106|0x000000061f800000, 0x000000061f800000, 0x000000061fc00000|  0%| F|  |TAMS 0x000000061f800000, 0x000000061f800000| Untracked 
| 107|0x000000061fc00000, 0x000000061fc00000, 0x0000000620000000|  0%| F|  |TAMS 0x000000061fc00000, 0x000000061fc00000| Untracked 
| 108|0x0000000620000000, 0x0000000620000000, 0x0000000620400000|  0%| F|  |TAMS 0x0000000620000000, 0x0000000620000000| Untracked 
| 109|0x0000000620400000, 0x0000000620400000, 0x0000000620800000|  0%| F|  |TAMS 0x0000000620400000, 0x0000000620400000| Untracked 
| 110|0x0000000620800000, 0x0000000620800000, 0x0000000620c00000|  0%| F|  |TAMS 0x0000000620800000, 0x0000000620800000| Untracked 
| 111|0x0000000620c00000, 0x0000000620c00000, 0x0000000621000000|  0%| F|  |TAMS 0x0000000620c00000, 0x0000000620c00000| Untracked 
| 112|0x0000000621000000, 0x0000000621000000, 0x0000000621400000|  0%| F|  |TAMS 0x0000000621000000, 0x0000000621000000| Untracked 
| 113|0x0000000621400000, 0x0000000621400000, 0x0000000621800000|  0%| F|  |TAMS 0x0000000621400000, 0x0000000621400000| Untracked 
| 114|0x0000000621800000, 0x0000000621800000, 0x0000000621c00000|  0%| F|  |TAMS 0x0000000621800000, 0x0000000621800000| Untracked 
| 115|0x0000000621c00000, 0x0000000621c00000, 0x0000000622000000|  0%| F|  |TAMS 0x0000000621c00000, 0x0000000621c00000| Untracked 
| 116|0x0000000622000000, 0x0000000622000000, 0x0000000622400000|  0%| F|  |TAMS 0x0000000622000000, 0x0000000622000000| Untracked 
| 117|0x0000000622400000, 0x0000000622400000, 0x0000000622800000|  0%| F|  |TAMS 0x0000000622400000, 0x0000000622400000| Untracked 
| 118|0x0000000622800000, 0x0000000622800000, 0x0000000622c00000|  0%| F|  |TAMS 0x0000000622800000, 0x0000000622800000| Untracked 
| 119|0x0000000622c00000, 0x0000000622c00000, 0x0000000623000000|  0%| F|  |TAMS 0x0000000622c00000, 0x0000000622c00000| Untracked 
| 120|0x0000000623000000, 0x0000000623000000, 0x0000000623400000|  0%| F|  |TAMS 0x0000000623000000, 0x0000000623000000| Untracked 
| 121|0x0000000623400000, 0x0000000623400000, 0x0000000623800000|  0%| F|  |TAMS 0x0000000623400000, 0x0000000623400000| Untracked 
| 122|0x0000000623800000, 0x00000006239749f8, 0x0000000623c00000| 36%| E|  |TAMS 0x0000000623800000, 0x0000000623800000| Complete 
| 123|0x0000000623c00000, 0x0000000624000000, 0x0000000624000000|100%| E|CS|TAMS 0x0000000623c00000, 0x0000000623c00000| Complete 
| 124|0x0000000624000000, 0x0000000624400000, 0x0000000624400000|100%| E|CS|TAMS 0x0000000624000000, 0x0000000624000000| Complete 
| 125|0x0000000624400000, 0x0000000624800000, 0x0000000624800000|100%| E|CS|TAMS 0x0000000624400000, 0x0000000624400000| Complete 
| 126|0x0000000624800000, 0x0000000624c00000, 0x0000000624c00000|100%| E|CS|TAMS 0x0000000624800000, 0x0000000624800000| Complete 

Card table byte_map: [0x0000022043410000,0x00000220443f0000] _byte_map_base: 0x00000220403e8000

Marking Bits (Prev, Next): (CMBitMap*) 0x000002202add9b00, (CMBitMap*) 0x000002202add9b40
 Prev Bits: [0x00000220453d0000, 0x000002204d290000)
 Next Bits: [0x000002204d290000, 0x0000022055150000)

Polling page: 0x0000022028c60000

Metaspace:

Usage:
  Non-class:      1.80 MB used.
      Class:    175.49 KB used.
       Both:      1.97 MB used.

Virtual space:
  Non-class space:       64.00 MB reserved,       1.88 MB (  3%) committed,  1 nodes.
      Class space:        1.00 GB reserved,     256.00 KB ( <1%) committed,  1 nodes.
             Both:        1.06 GB reserved,       2.12 MB ( <1%) committed. 

Chunk freelists:
   Non-Class:  3.26 MB
       Class:  3.65 MB
        Both:  6.92 MB

MaxMetaspaceSize: unlimited
CompressedClassSpaceSize: 1.00 GB
Initial GC threshold: 21.00 MB
Current GC threshold: 21.00 MB
CDS: on
MetaspaceReclaimPolicy: balanced
 - commit_granule_bytes: 65536.
 - commit_granule_words: 8192.
 - virtual_space_node_default_size: 8388608.
 - enlarge_chunks_in_place: 1.
 - new_chunks_are_fully_committed: 0.
 - uncommit_free_chunks: 1.
 - use_allocation_guard: 0.


Internal statistics:

num_allocs_failed_limit: 0.
num_arena_births: 30.
num_arena_deaths: 0.
num_vsnodes_births: 2.
num_vsnodes_deaths: 0.
num_space_committed: 34.
num_space_uncommitted: 0.
num_chunks_returned_to_freelist: 0.
num_chunks_taken_from_freelist: 70.
num_chunk_merges: 0.
num_chunk_splits: 47.
num_chunks_enlarged: 36.
num_inconsistent_stats: 0.

CodeHeap 'non-profiled nmethods': size=119168Kb used=507Kb max_used=507Kb free=118660Kb
 bounds [0x000002203a200000, 0x000002203a470000, 0x0000022041660000]
CodeHeap 'profiled nmethods': size=119104Kb used=1243Kb max_used=1243Kb free=117860Kb
 bounds [0x0000022032db0000, 0x0000022033020000, 0x000002203a200000]
CodeHeap 'non-nmethods': size=7488Kb used=2848Kb max_used=2899Kb free=4639Kb
 bounds [0x0000022032660000, 0x0000022032940000, 0x0000022032db0000]
 total_blobs=1180 nmethods=738 adapters=352
 compilation: enabled
              stopped_count=0, restarted_count=0
 full_count=0

Compilation events (20 events):
Event: 0.472 Thread 0x000002205c821380 nmethod 568 0x000002203a26e990 code [0x000002203a26f040, 0x000002203a278738]
Event: 0.563 Thread 0x000002205c951f30  724       3       jdk.internal.loader.NativeLibraries$NativeLibraryImpl::find (6 bytes)
Event: 0.563 Thread 0x000002205c951f30 nmethod 724 0x0000022032ee3d90 code [0x0000022032ee3f20, 0x0000022032ee4048]
Event: 0.564 Thread 0x000002205c940eb0  726       3       java.util.ArrayList::contains (14 bytes)
Event: 0.564 Thread 0x000002205c81dc00  727       3       java.util.Arrays::asList (9 bytes)
Event: 0.564 Thread 0x000002205c951f30  728       3       java.util.Arrays$ArrayList::<init> (16 bytes)
Event: 0.564 Thread 0x000002205c940eb0 nmethod 726 0x0000022032ee4110 code [0x0000022032ee42c0, 0x0000022032ee44c8]
Event: 0.564 Thread 0x000002205c940eb0  729       3       java.net.URI::match (56 bytes)
Event: 0.564 Thread 0x000002205c940eb0 nmethod 729 0x0000022032ee4590 code [0x0000022032ee4740, 0x0000022032ee4a58]
Event: 0.564 Thread 0x000002205c951f30 nmethod 728 0x0000022032ee4b10 code [0x0000022032ee4ce0, 0x0000022032ee50c8]
Event: 0.564 Thread 0x000002205c81dc00 nmethod 727 0x0000022032ee5290 code [0x0000022032ee5460, 0x0000022032ee58e8]
Event: 0.575 Thread 0x000002205c81dc00  731       3       java.lang.invoke.LambdaForm::argument (27 bytes)
Event: 0.576 Thread 0x000002205c81dc00 nmethod 731 0x0000022032ee5a90 code [0x0000022032ee5c40, 0x0000022032ee5ea8]
Event: 0.576 Thread 0x000002205c81dc00  733       3       jdk.internal.org.objectweb.asm.ByteVector::<init> (13 bytes)
Event: 0.576 Thread 0x000002205c821380  734       4       jdk.internal.org.objectweb.asm.ByteVector::putUTF8 (144 bytes)
Event: 0.576 Thread 0x000002205c940eb0  735       3       jdk.internal.org.objectweb.asm.ByteVector::putByteArray (49 bytes)
Event: 0.576 Thread 0x000002205c81dc00 nmethod 733 0x0000022032ee6010 code [0x0000022032ee61c0, 0x0000022032ee6438]
Event: 0.576 Thread 0x000002205c940eb0 nmethod 735 0x0000022032ee6510 code [0x0000022032ee66c0, 0x0000022032ee6998]
Event: 0.576 Thread 0x000002205c951f30  738       3       java.lang.invoke.LambdaForm$Name::initIndex (26 bytes)
Event: 0.576 Thread 0x000002205c951f30 nmethod 738 0x0000022032ee6a90 code [0x0000022032ee6c20, 0x0000022032ee6dd8]

GC Heap History (0 events):
No events

Deoptimization events (20 events):
Event: 0.276 Thread 0x000002202ad21450 DEOPT PACKING pc=0x000002203a241640 sp=0x0000005e873fe2a0
Event: 0.276 Thread 0x000002202ad21450 DEOPT UNPACKING pc=0x00000220326b23a3 sp=0x0000005e873fe078 mode 2
Event: 0.276 Thread 0x000002202ad21450 Uncommon trap: trap_request=0xffffff45 fr.pc=0x000002203a23fcac relative=0x000000000000046c
Event: 0.276 Thread 0x000002202ad21450 Uncommon trap: reason=unstable_if action=reinterpret pc=0x000002203a23fcac method=java.util.zip.ZipFile$Source.getEntryPos(Ljava/lang/String;Z)I @ 43 c2
Event: 0.276 Thread 0x000002202ad21450 DEOPT PACKING pc=0x000002203a23fcac sp=0x0000005e873fe210
Event: 0.278 Thread 0x000002202ad21450 DEOPT UNPACKING pc=0x00000220326b23a3 sp=0x0000005e873fe098 mode 2
Event: 0.280 Thread 0x000002202ad21450 Uncommon trap: trap_request=0xffffff45 fr.pc=0x000002203a23ee1c relative=0x000000000000045c
Event: 0.280 Thread 0x000002202ad21450 Uncommon trap: reason=unstable_if action=reinterpret pc=0x000002203a23ee1c method=java.util.zip.ZipFile$Source.getEntryPos(Ljava/lang/String;Z)I @ 43 c2
Event: 0.280 Thread 0x000002202ad21450 DEOPT PACKING pc=0x000002203a23ee1c sp=0x0000005e873fe180
Event: 0.280 Thread 0x000002202ad21450 DEOPT UNPACKING pc=0x00000220326b23a3 sp=0x0000005e873fe088 mode 2
Event: 0.280 Thread 0x000002202ad21450 Uncommon trap: trap_request=0xffffff45 fr.pc=0x000002203a23996c relative=0x00000000000002ac
Event: 0.281 Thread 0x000002202ad21450 Uncommon trap: reason=unstable_if action=reinterpret pc=0x000002203a23996c method=java.util.zip.ZipFile$Source.getEntryPos(Ljava/lang/String;Z)I @ 43 c2
Event: 0.282 Thread 0x000002202ad21450 DEOPT PACKING pc=0x000002203a23996c sp=0x0000005e873fe110
Event: 0.282 Thread 0x000002202ad21450 DEOPT UNPACKING pc=0x00000220326b23a3 sp=0x0000005e873fe088 mode 2
Event: 0.290 Thread 0x000002202ad21450 Uncommon trap: trap_request=0xffffff45 fr.pc=0x000002203a247494 relative=0x0000000000003d54
Event: 0.290 Thread 0x000002202ad21450 Uncommon trap: reason=unstable_if action=reinterpret pc=0x000002203a247494 method=sun.net.www.ParseUtil.firstEncodeIndex(Ljava/lang/String;)I @ 51 c2
Event: 0.290 Thread 0x000002202ad21450 DEOPT PACKING pc=0x000002203a247494 sp=0x0000005e873fd260
Event: 0.290 Thread 0x000002202ad21450 DEOPT UNPACKING pc=0x00000220326b23a3 sp=0x0000005e873fcfd8 mode 2
Event: 0.309 Thread 0x000002202ad21450 DEOPT PACKING pc=0x0000022032eb0e11 sp=0x0000005e873f9850
Event: 0.309 Thread 0x000002202ad21450 DEOPT UNPACKING pc=0x00000220326b2b43 sp=0x0000005e873f8d58 mode 0

Classes loaded (20 events):
Event: 0.290 Loading class java/time/zone/Ser
Event: 0.291 Loading class java/io/Externalizable
Event: 0.291 Loading class java/io/Externalizable done
Event: 0.291 Loading class java/time/zone/Ser done
Event: 0.291 Loading class java/time/Month
Event: 0.292 Loading class java/time/Month done
Event: 0.292 Loading class java/time/DayOfWeek
Event: 0.292 Loading class java/time/DayOfWeek done
Event: 0.293 Loading class java/time/zone/ZoneOffsetTransitionRule$TimeDefinition
Event: 0.293 Loading class java/time/zone/ZoneOffsetTransitionRule$TimeDefinition done
Event: 0.293 Loading class java/time/zone/ZoneOffsetTransition
Event: 0.293 Loading class java/time/zone/ZoneOffsetTransition done
Event: 0.293 Loading class java/time/temporal/TemporalAdjusters
Event: 0.294 Loading class java/time/temporal/TemporalAdjusters done
Event: 0.296 Loading class java/time/zone/ZoneOffsetTransitionRule$1
Event: 0.296 Loading class java/time/zone/ZoneOffsetTransitionRule$1 done
Event: 0.296 Loading class java/util/concurrent/TimeUnit$1
Event: 0.296 Loading class java/util/concurrent/TimeUnit$1 done
Event: 0.309 Loading class java/lang/NumberFormatException
Event: 0.309 Loading class java/lang/NumberFormatException done

Classes unloaded (0 events):
No events

Classes redefined (0 events):
No events

Internal exceptions (8 events):
Event: 0.057 Thread 0x000002202ad21450 Exception <a 'java/lang/NoSuchMethodError'{0x0000000624ad2740}: 'int java.lang.invoke.DirectMethodHandle$Holder.invokeStaticInit(java.lang.Object, java.lang.Object, java.lang.Object, java.lang.Object)'> (0x0000000624ad2740) 
thrown [s\open\src\hotspot\share\interpreter\linkResolver.cpp, line 759]
Event: 0.058 Thread 0x000002202ad21450 Exception <a 'java/lang/NoSuchMethodError'{0x0000000624add378}: 'java.lang.Object java.lang.invoke.DirectMethodHandle$Holder.invokeInterface(java.lang.Object, java.lang.Object)'> (0x0000000624add378) 
thrown [s\open\src\hotspot\share\interpreter\linkResolver.cpp, line 759]
Event: 0.058 Thread 0x000002202ad21450 Exception <a 'java/lang/IncompatibleClassChangeError'{0x0000000624ae0960}: Found class java.lang.Object, but interface was expected> (0x0000000624ae0960) 
thrown [s\open\src\hotspot\share\interpreter\linkResolver.cpp, line 826]
Event: 0.058 Thread 0x000002202ad21450 Exception <a 'java/lang/NoSuchMethodError'{0x0000000624ae3bb0}: 'void java.lang.invoke.DirectMethodHandle$Holder.invokeStatic(java.lang.Object, java.lang.Object)'> (0x0000000624ae3bb0) 
thrown [s\open\src\hotspot\share\interpreter\linkResolver.cpp, line 759]
Event: 0.058 Thread 0x000002202ad21450 Exception <a 'java/lang/NoSuchMethodError'{0x0000000624ae7218}: 'void java.lang.invoke.DirectMethodHandle$Holder.invokeStaticInit(java.lang.Object, java.lang.Object)'> (0x0000000624ae7218) 
thrown [s\open\src\hotspot\share\interpreter\linkResolver.cpp, line 759]
Event: 0.059 Thread 0x000002202ad21450 Exception <a 'java/lang/NoSuchMethodError'{0x0000000624aeda90}: 'int java.lang.invoke.DirectMethodHandle$Holder.invokeStaticInit(java.lang.Object, java.lang.Object)'> (0x0000000624aeda90) 
thrown [s\open\src\hotspot\share\interpreter\linkResolver.cpp, line 759]
Event: 0.294 Thread 0x000002202ad21450 Exception <a 'java/lang/NoSuchMethodError'{0x00000006238478b0}: 'java.lang.Object java.lang.invoke.DirectMethodHandle$Holder.invokeStatic(java.lang.Object, int, java.lang.Object)'> (0x00000006238478b0) 
thrown [s\open\src\hotspot\share\interpreter\linkResolver.cpp, line 759]
Event: 0.576 Thread 0x000002202ad21450 Exception <a 'java/lang/NoSuchMethodError'{0x00000006239292e8}: 'java.lang.Object java.lang.invoke.DirectMethodHandle$Holder.newInvokeSpecial(java.lang.Object, java.lang.Object, int)'> (0x00000006239292e8) 
thrown [s\open\src\hotspot\share\interpreter\linkResolver.cpp, line 759]

VM Operations (4 events):
Event: 0.043 Executing VM operation: HandshakeAllThreads
Event: 0.043 Executing VM operation: HandshakeAllThreads done
Event: 0.082 Executing VM operation: HandshakeAllThreads
Event: 0.082 Executing VM operation: HandshakeAllThreads done

Events (20 events):
Event: 0.203 Thread 0x000002205dbedad0 Thread added: 0x000002205dbedad0
Event: 0.203 Loaded shared library C:\Program Files\Java\jdk-18.0.2.1\bin\api-ms-win-core-util-l1-1-0.dll
Event: 0.208 Loaded shared library C:\Program Files\Java\jdk-18.0.2.1\bin\api-ms-win-core-interlocked-l1-1-0.dll
Event: 0.214 Loaded shared library C:\Program Files\Java\jdk-18.0.2.1\bin\ucrtbase.dll
Event: 0.220 Loaded shared library C:\Program Files\Java\jdk-18.0.2.1\bin\vcruntime140.dll
Event: 0.232 Loaded shared library C:\Program Files\Java\jdk-18.0.2.1\bin\vcruntime140_1.dll
Event: 0.239 Loaded shared library C:\Program Files\Java\jdk-18.0.2.1\bin\msvcp140.dll
Event: 0.244 Loaded shared library C:\Windows\System32\msvcp140_1.dll
Event: 0.250 Loaded shared library C:\Windows\System32\concrt140.dll
Event: 0.256 Loaded shared library C:\Windows\System32\vcomp140.dll
Event: 0.264 Loaded shared library C:\Windows\System32\winmm.dll
Event: 0.271 Loaded shared library C:\Windows\System32\opengl32.dll
Event: 0.272 Loaded shared library C:\Windows\System32\user32.dll
Event: 0.272 Loaded shared library C:\Windows\System32\shell32.dll
Event: 0.273 Loaded shared library C:\Windows\System32\gdi32.dll
Event: 0.300 Loaded shared library C:\Users\thesp\.javacpp\cache\jaylib-4.2.0-1.jar\com\raylib\windows-x86_64\jniRaylib.dll
Event: 0.310 Thread 0x000002205d8bf280 Thread added: 0x000002205d8bf280
Event: 0.563 Thread 0x000002205dbedad0 Thread exited: 0x000002205dbedad0
Event: 0.564 Thread 0x000002205cbd5540 Thread exited: 0x000002205cbd5540
Event: 0.564 Thread 0x000002205cda61e0 Thread exited: 0x000002205cda61e0


Dynamic libraries:
0x00007ff7b1690000 - 0x00007ff7b16a0000 	C:\Program Files\Java\jdk-18.0.2.1\bin\java.exe
0x00007ffb1da80000 - 0x00007ffb1dc89000 	C:\windows\SYSTEM32\ntdll.dll
0x00007ffb1c670000 - 0x00007ffb1c72d000 	C:\windows\System32\KERNEL32.DLL
0x00007ffb1b380000 - 0x00007ffb1b6fc000 	C:\windows\System32\KERNELBASE.dll
0x00007ffb1b080000 - 0x00007ffb1b191000 	C:\windows\System32\ucrtbase.dll
0x00007ffb09000000 - 0x00007ffb0901a000 	C:\Program Files\Java\jdk-18.0.2.1\bin\VCRUNTIME140.dll
0x00007ffb0c840000 - 0x00007ffb0c858000 	C:\Program Files\Java\jdk-18.0.2.1\bin\jli.dll
0x00007ffb1d8f0000 - 0x00007ffb1d99e000 	C:\windows\System32\ADVAPI32.dll
0x00007ffb1d820000 - 0x00007ffb1d8c3000 	C:\windows\System32\msvcrt.dll
0x00007ffb1bdb0000 - 0x00007ffb1be4e000 	C:\windows\System32\sechost.dll
0x00007ffb1d6f0000 - 0x00007ffb1d810000 	C:\windows\System32\RPCRT4.dll
0x00007ffb1be50000 - 0x00007ffb1bffd000 	C:\windows\System32\USER32.dll
0x00007ffb1b2d0000 - 0x00007ffb1b2f6000 	C:\windows\System32\win32u.dll
0x00007ffb1da10000 - 0x00007ffb1da39000 	C:\windows\System32\GDI32.dll
0x00007ffb1af60000 - 0x00007ffb1b079000 	C:\windows\System32\gdi32full.dll
0x00007ffaf58c0000 - 0x00007ffaf5b65000 	C:\windows\WinSxS\amd64_microsoft.windows.common-controls_6595b64144ccf1df_6.0.22000.120_none_9d947278b86cc467\COMCTL32.dll
0x00007ffb1b870000 - 0x00007ffb1b90d000 	C:\windows\System32\msvcp_win.dll
0x00007ffb110f0000 - 0x00007ffb110fa000 	C:\windows\SYSTEM32\VERSION.dll
0x00007ffb1c730000 - 0x00007ffb1c761000 	C:\windows\System32\IMM32.DLL
0x00007ffb137c0000 - 0x00007ffb137cc000 	C:\Program Files\Java\jdk-18.0.2.1\bin\vcruntime140_1.dll
0x00007ffadf880000 - 0x00007ffadf90d000 	C:\Program Files\Java\jdk-18.0.2.1\bin\msvcp140.dll
0x00007ffa7ed40000 - 0x00007ffa7f951000 	C:\Program Files\Java\jdk-18.0.2.1\bin\server\jvm.dll
0x00007ffb1d810000 - 0x00007ffb1d818000 	C:\windows\System32\PSAPI.DLL
0x00007ffb11850000 - 0x00007ffb11883000 	C:\windows\SYSTEM32\WINMM.dll
0x00007ffaff290000 - 0x00007ffaff299000 	C:\windows\SYSTEM32\WSOCK32.dll
0x00007ffb1d9a0000 - 0x00007ffb1da0f000 	C:\windows\System32\WS2_32.dll
0x00007ffb1a140000 - 0x00007ffb1a158000 	C:\windows\SYSTEM32\kernel.appcore.dll
0x00007ffaff0c0000 - 0x00007ffaff0ca000 	C:\Program Files\Java\jdk-18.0.2.1\bin\jimage.dll
0x00007ffb18a80000 - 0x00007ffb18ca1000 	C:\windows\SYSTEM32\DBGHELP.DLL
0x00007ffb0b5e0000 - 0x00007ffb0b611000 	C:\windows\SYSTEM32\dbgcore.DLL
0x00007ffb1b300000 - 0x00007ffb1b37f000 	C:\windows\System32\bcryptPrimitives.dll
0x00007ffafe4a0000 - 0x00007ffafe4c5000 	C:\Program Files\Java\jdk-18.0.2.1\bin\java.dll
0x00007ffad1410000 - 0x00007ffad14e6000 	C:\Program Files\Java\jdk-18.0.2.1\bin\jsvml.dll
0x00007ffb1c860000 - 0x00007ffb1d018000 	C:\windows\System32\SHELL32.dll
0x00007ffb190d0000 - 0x00007ffb19938000 	C:\windows\SYSTEM32\windows.storage.dll
0x00007ffb1c000000 - 0x00007ffb1c379000 	C:\windows\System32\combase.dll
0x00007ffb18f60000 - 0x00007ffb190c6000 	C:\windows\SYSTEM32\wintypes.dll
0x00007ffb1c770000 - 0x00007ffb1c85a000 	C:\windows\System32\SHCORE.dll
0x00007ffb1bb70000 - 0x00007ffb1bbcd000 	C:\windows\System32\shlwapi.dll
0x00007ffb1ae90000 - 0x00007ffb1aeb1000 	C:\windows\SYSTEM32\profapi.dll
0x00007ffafc430000 - 0x00007ffafc443000 	C:\Program Files\Java\jdk-18.0.2.1\bin\net.dll
0x00007ffb139a0000 - 0x00007ffb13aac000 	C:\windows\SYSTEM32\WINHTTP.dll
0x00007ffb1a570000 - 0x00007ffb1a5d7000 	C:\windows\system32\mswsock.dll
0x00007ffafb430000 - 0x00007ffafb446000 	C:\Program Files\Java\jdk-18.0.2.1\bin\nio.dll
0x00007ffafe3d0000 - 0x00007ffafe3e8000 	C:\Program Files\Java\jdk-18.0.2.1\bin\zip.dll
0x0000022028ca0000 - 0x0000022028ca3000 	C:\Program Files\Java\jdk-18.0.2.1\bin\api-ms-win-crt-locale-l1-1-0.dll
0x0000022028cb0000 - 0x0000022028cb4000 	C:\Program Files\Java\jdk-18.0.2.1\bin\api-ms-win-crt-string-l1-1-0.dll
0x0000022028cc0000 - 0x0000022028cc4000 	C:\Program Files\Java\jdk-18.0.2.1\bin\api-ms-win-crt-stdio-l1-1-0.dll
0x0000022028cd0000 - 0x0000022028cd5000 	C:\Program Files\Java\jdk-18.0.2.1\bin\api-ms-win-crt-math-l1-1-0.dll
0x0000022028ce0000 - 0x0000022028ce3000 	C:\Program Files\Java\jdk-18.0.2.1\bin\api-ms-win-crt-heap-l1-1-0.dll
0x0000022028cf0000 - 0x0000022028cf4000 	C:\Program Files\Java\jdk-18.0.2.1\bin\api-ms-win-crt-runtime-l1-1-0.dll
0x0000022028d00000 - 0x0000022028d04000 	C:\Program Files\Java\jdk-18.0.2.1\bin\api-ms-win-crt-convert-l1-1-0.dll
0x0000022028d10000 - 0x0000022028d13000 	C:\Program Files\Java\jdk-18.0.2.1\bin\api-ms-win-crt-environment-l1-1-0.dll
0x0000022028d20000 - 0x0000022028d23000 	C:\Program Files\Java\jdk-18.0.2.1\bin\api-ms-win-crt-time-l1-1-0.dll
0x0000022028d30000 - 0x0000022028d33000 	C:\Program Files\Java\jdk-18.0.2.1\bin\api-ms-win-crt-filesystem-l1-1-0.dll
0x000002202ac20000 - 0x000002202ac23000 	C:\Program Files\Java\jdk-18.0.2.1\bin\api-ms-win-crt-utility-l1-1-0.dll
0x000002202ac30000 - 0x000002202ac35000 	C:\Program Files\Java\jdk-18.0.2.1\bin\api-ms-win-crt-multibyte-l1-1-0.dll
0x000002202ac40000 - 0x000002202ac43000 	C:\Program Files\Java\jdk-18.0.2.1\bin\api-ms-win-crt-conio-l1-1-0.dll
0x000002202ac50000 - 0x000002202ac60000 	C:\Program Files\Java\jdk-18.0.2.1\bin\api-ms-win-crt-private-l1-1-0.dll
0x000002202ac60000 - 0x000002202ac63000 	C:\Program Files\Java\jdk-18.0.2.1\bin\api-ms-win-crt-process-l1-1-0.dll
0x000002202ac70000 - 0x000002202ac73000 	C:\Program Files\Java\jdk-18.0.2.1\bin\api-ms-win-core-console-l1-2-0.dll
0x000002202ac80000 - 0x000002202ac83000 	C:\Program Files\Java\jdk-18.0.2.1\bin\api-ms-win-core-string-l1-1-0.dll
0x000002202ac90000 - 0x000002202ac93000 	C:\Program Files\Java\jdk-18.0.2.1\bin\api-ms-win-core-errorhandling-l1-1-0.dll
0x000002202aca0000 - 0x000002202aca3000 	C:\Program Files\Java\jdk-18.0.2.1\bin\api-ms-win-core-timezone-l1-1-0.dll
0x000002202acb0000 - 0x000002202acb4000 	C:\Program Files\Java\jdk-18.0.2.1\bin\api-ms-win-core-file-l1-1-0.dll
0x000002202acc0000 - 0x000002202acc3000 	C:\Program Files\Java\jdk-18.0.2.1\bin\api-ms-win-core-namedpipe-l1-1-0.dll
0x000002202acd0000 - 0x000002202acd3000 	C:\Program Files\Java\jdk-18.0.2.1\bin\api-ms-win-core-handle-l1-1-0.dll
0x000002202ace0000 - 0x000002202ace3000 	C:\Program Files\Java\jdk-18.0.2.1\bin\api-ms-win-core-file-l2-1-0.dll
0x0000022058780000 - 0x0000022058783000 	C:\Program Files\Java\jdk-18.0.2.1\bin\api-ms-win-core-heap-l1-1-0.dll
0x0000022058790000 - 0x0000022058793000 	C:\Program Files\Java\jdk-18.0.2.1\bin\api-ms-win-core-libraryloader-l1-1-0.dll
0x00000220587a0000 - 0x00000220587a3000 	C:\Program Files\Java\jdk-18.0.2.1\bin\api-ms-win-core-synch-l1-1-0.dll
0x00000220587b0000 - 0x00000220587b3000 	C:\Program Files\Java\jdk-18.0.2.1\bin\api-ms-win-core-processthreads-l1-1-0.dll
0x00000220587c0000 - 0x00000220587c3000 	C:\Program Files\Java\jdk-18.0.2.1\bin\api-ms-win-core-processenvironment-l1-1-0.dll
0x00000220587d0000 - 0x00000220587d3000 	C:\Program Files\Java\jdk-18.0.2.1\bin\api-ms-win-core-datetime-l1-1-0.dll
0x00000220587e0000 - 0x00000220587e3000 	C:\Program Files\Java\jdk-18.0.2.1\bin\api-ms-win-core-localization-l1-2-0.dll
0x00000220587f0000 - 0x00000220587f3000 	C:\Program Files\Java\jdk-18.0.2.1\bin\api-ms-win-core-sysinfo-l1-1-0.dll
0x000002205d500000 - 0x000002205d503000 	C:\Program Files\Java\jdk-18.0.2.1\bin\api-ms-win-core-synch-l1-2-0.dll
0x000002205d510000 - 0x000002205d513000 	C:\Program Files\Java\jdk-18.0.2.1\bin\api-ms-win-core-console-l1-1-0.dll
0x000002205d520000 - 0x000002205d523000 	C:\Program Files\Java\jdk-18.0.2.1\bin\api-ms-win-core-debug-l1-1-0.dll
0x000002205e500000 - 0x000002205e503000 	C:\Program Files\Java\jdk-18.0.2.1\bin\api-ms-win-core-rtlsupport-l1-1-0.dll
0x000002205e510000 - 0x000002205e513000 	C:\Program Files\Java\jdk-18.0.2.1\bin\api-ms-win-core-processthreads-l1-1-1.dll
0x000002205e520000 - 0x000002205e523000 	C:\Program Files\Java\jdk-18.0.2.1\bin\api-ms-win-core-file-l1-2-0.dll
0x000002205e530000 - 0x000002205e533000 	C:\Program Files\Java\jdk-18.0.2.1\bin\api-ms-win-core-profile-l1-1-0.dll
0x000002205e540000 - 0x000002205e543000 	C:\Program Files\Java\jdk-18.0.2.1\bin\api-ms-win-core-memory-l1-1-0.dll
0x000002205e550000 - 0x000002205e553000 	C:\Program Files\Java\jdk-18.0.2.1\bin\api-ms-win-core-util-l1-1-0.dll
0x000002205e560000 - 0x000002205e563000 	C:\Program Files\Java\jdk-18.0.2.1\bin\api-ms-win-core-interlocked-l1-1-0.dll
0x00007ffad2960000 - 0x00007ffad2a5a000 	C:\Program Files\Java\jdk-18.0.2.1\bin\ucrtbase.dll
0x00007ffb133f0000 - 0x00007ffb133f9000 	C:\Windows\System32\msvcp140_1.dll
0x00007ffafc7c0000 - 0x00007ffafc80e000 	C:\Windows\System32\concrt140.dll
0x00007ffafc960000 - 0x00007ffafc991000 	C:\Windows\System32\vcomp140.dll
0x00007ffacc6b0000 - 0x00007ffacc7b1000 	C:\Windows\System32\opengl32.dll
0x00007ffaef340000 - 0x00007ffaef36d000 	C:\windows\SYSTEM32\GLU32.dll
0x00007ffb184b0000 - 0x00007ffb184e8000 	C:\windows\SYSTEM32\dxcore.dll
0x00007ffa9e170000 - 0x00007ffa9e3a2000 	C:\Users\thesp\.javacpp\cache\jaylib-4.2.0-1.jar\com\raylib\windows-x86_64\jniRaylib.dll
0x00007ffb15830000 - 0x00007ffb158dc000 	C:\windows\system32\uxtheme.dll
0x00007ffaecdf0000 - 0x00007ffaece35000 	C:\windows\SYSTEM32\dinput8.dll
0x00007ffb09250000 - 0x00007ffb09261000 	C:\windows\SYSTEM32\xinput1_4.dll
0x00007ffb1ac60000 - 0x00007ffb1acac000 	C:\windows\SYSTEM32\cfgmgr32.dll
0x00007ffb1ac30000 - 0x00007ffb1ac5c000 	C:\windows\SYSTEM32\DEVOBJ.dll
0x00007ffb18520000 - 0x00007ffb1854f000 	C:\windows\SYSTEM32\dwmapi.dll
0x00007ffae4d50000 - 0x00007ffae4f19000 	C:\windows\SYSTEM32\inputhost.dll
0x00007ffb14ac0000 - 0x00007ffb14bf2000 	C:\windows\SYSTEM32\CoreMessaging.dll
0x00007ffb1c550000 - 0x00007ffb1c66e000 	C:\windows\System32\MSCTF.dll
0x00007ffb1a7d0000 - 0x00007ffb1a7dc000 	C:\windows\SYSTEM32\CRYPTBASE.DLL
0x00007ffb19940000 - 0x00007ffb1994e000 	C:\windows\SYSTEM32\HID.DLL
0x00007ffb1d280000 - 0x00007ffb1d6ec000 	C:\windows\System32\SETUPAPI.DLL
0x00007ffb1b260000 - 0x00007ffb1b2c8000 	C:\windows\System32\WINTRUST.dll
0x00007ffb1b700000 - 0x00007ffb1b862000 	C:\windows\System32\CRYPT32.dll
0x00007ffb1a810000 - 0x00007ffb1a822000 	C:\windows\SYSTEM32\MSASN1.dll
0x00007ffb11800000 - 0x00007ffb11844000 	C:\windows\SYSTEM32\directxdatabasehelper.dll
0x00007ffb18550000 - 0x00007ffb18584000 	C:\windows\SYSTEM32\ntmarta.dll
0x00007ffb1bac0000 - 0x00007ffb1bb6f000 	C:\windows\System32\clbcatq.dll
0x00007ffa791f0000 - 0x00007ffa7a1e3000 	C:\windows\System32\DriverStore\FileRepository\iigd_dch.inf_amd64_0dd2d545659c5aba\igxelpicd64.dll
0x00007ffb1c3b0000 - 0x00007ffb1c54a000 	C:\windows\System32\ole32.dll
0x00007ffb159a0000 - 0x00007ffb15a93000 	C:\windows\system32\dxgi.dll
0x00007ffa82de0000 - 0x00007ffa83233000 	C:\windows\System32\DriverStore\FileRepository\iigd_dch.inf_amd64_0dd2d545659c5aba\igdml64.dll
0x00007ffb09c90000 - 0x00007ffb0a057000 	C:\windows\System32\DriverStore\FileRepository\iigd_dch.inf_amd64_0dd2d545659c5aba\igdgmm64.dll
0x00007ffaffd40000 - 0x00007ffb03351000 	C:\windows\System32\DriverStore\FileRepository\iigd_dch.inf_amd64_0dd2d545659c5aba\igc64.dll
0x00007ffb19950000 - 0x00007ffb1999d000 	C:\windows\SYSTEM32\powrprof.dll
0x00007ffb19a40000 - 0x00007ffb19a53000 	C:\windows\SYSTEM32\UMPDC.dll
0x00007ffaf80d0000 - 0x00007ffaf81fd000 	C:\windows\SYSTEM32\textinputframework.dll
0x00007ffb1d1a0000 - 0x00007ffb1d276000 	C:\windows\System32\OLEAUT32.dll
0x00007ffb10560000 - 0x00007ffb108cd000 	C:\windows\SYSTEM32\CoreUIComponents.dll
0x00007ffb12810000 - 0x00007ffb128c8000 	C:\windows\SYSTEM32\mscms.dll
0x00007ffb1a940000 - 0x00007ffb1a967000 	C:\windows\SYSTEM32\bcrypt.dll
0x00007ffafc810000 - 0x00007ffafc854000 	C:\windows\SYSTEM32\icm32.dll

dbghelp: loaded successfully - version: 4.0.5 - missing functions: none
symbol engine: initialized successfully - sym options: 0x614 - pdb path: .;C:\Program Files\Java\jdk-18.0.2.1\bin;C:\windows\SYSTEM32;C:\windows\WinSxS\amd64_microsoft.windows.common-controls_6595b64144ccf1df_6.0.22000.120_none_9d947278b86cc467;C:\Program Files\Java\jdk-18.0.2.1\bin\server;C:\Users\thesp\.javacpp\cache\jaylib-4.2.0-1.jar\com\raylib\windows-x86_64;C:\windows\System32\DriverStore\FileRepository\iigd_dch.inf_amd64_0dd2d545659c5aba

VM Arguments:
jvm_args: --enable-preview -XX:+ShowCodeDetailsInExceptionMessages 
java_command: App
java_class_path (initial): C:\Users\nycas\Documents\D\java\the rain\bin;c:\Users\nycas\Documents\D\java\the rain\lib\jaylib-4.2.0-1.jar;c:\Users\nycas\Documents\D\java\the rain\lib\jaylib-4.2.0-1-javadoc.jar
Launcher Type: SUN_STANDARD

[Global flags]
     intx CICompilerCount                          = 12                                        {product} {ergonomic}
     uint ConcGCThreads                            = 5                                         {product} {ergonomic}
     uint G1ConcRefinementThreads                  = 18                                        {product} {ergonomic}
   size_t G1HeapRegionSize                         = 4194304                                   {product} {ergonomic}
    uintx GCDrainStackTargetSize                   = 64                                        {product} {ergonomic}
   size_t InitialHeapSize                          = 532676608                                 {product} {ergonomic}
   size_t MarkStackSize                            = 4194304                                   {product} {ergonomic}
   size_t MaxHeapSize                              = 8506048512                                {product} {ergonomic}
   size_t MaxNewSize                               = 5100273664                                {product} {ergonomic}
   size_t MinHeapDeltaBytes                        = 4194304                                   {product} {ergonomic}
   size_t MinHeapSize                              = 8388608                                   {product} {ergonomic}
    uintx NonNMethodCodeHeapSize                   = 7602480                                {pd product} {ergonomic}
    uintx NonProfiledCodeHeapSize                  = 122027880                              {pd product} {ergonomic}
    uintx ProfiledCodeHeapSize                     = 122027880                              {pd product} {ergonomic}
    uintx ReservedCodeCacheSize                    = 251658240                              {pd product} {ergonomic}
     bool SegmentedCodeCache                       = true                                      {product} {ergonomic}
     bool ShowCodeDetailsInExceptionMessages       = true                                   {manageable} {command line}
   size_t SoftMaxHeapSize                          = 8506048512                             {manageable} {ergonomic}
     bool UseCompressedClassPointers               = true                           {product lp64_product} {ergonomic}
     bool UseCompressedOops                        = true                           {product lp64_product} {ergonomic}
     bool UseG1GC                                  = true                                      {product} {ergonomic}
     bool UseLargePagesIndividualAllocation        = false                                  {pd product} {ergonomic}

Logging:
Log output configuration:
 #0: stdout all=warning uptime,level,tags foldmultilines=false
 #1: stderr all=off uptime,level,tags foldmultilines=false

Environment Variables:
PATH=C:\Program Files\Common Files\Oracle\Java\javapath;C:\Program Files (x86)\Common Files\Oracle\Java\javapath;C:\Program Files\Eclipse Adoptium\jdk-17.0.4.101-hotspot\bin;C:\windows\system32;C:\windows;C:\windows\System32\Wbem;C:\windows\System32\WindowsPowerShell\v1.0\;C:\windows\System32\OpenSSH\;C:\Program Files (x86)\NVIDIA Corporation\PhysX\Common;C:\Program Files\NVIDIA Corporation\NVIDIA NvDLISR;C:\Program Files\Git\cmd;C:\Users\thesp\AppData\Local\Microsoft\WindowsApps;;C:\Users\thesp\AppData\Local\Programs\Microsoft VS Code\bin
USERNAME=thesp
LANG=en_US.UTF-8
OS=Windows_NT
PROCESSOR_IDENTIFIER=Intel64 Family 6 Model 151 Stepping 2, GenuineIntel



---------------  S Y S T E M  ---------------

OS:
 Windows 11 , 64 bit Build 22000 (10.0.22000.708)
OS uptime: 5 days 18:53 hours

CPU: total 24 (initial active 24) (12 cores per cpu, 2 threads per core) family 6 model 151 stepping 2 microcode 0x1e, cx8, cmov, fxsr, ht, mmx, 3dnowpref, sse, sse2, sse3, ssse3, sse4.1, sse4.2, popcnt, lzcnt, tsc, tscinvbit, avx, avx2, aes, erms, clmul, bmi1, bmi2, adx, sha, fma, vzeroupper, clflush, clflushopt, clwb, serialize

Memory: 4k page, system-wide physical 32436M (14958M free)
TotalPageFile size 39391M (AvailPageFile size 6473M)
current process WorkingSet (physical memory assigned to process): 190M, peak: 190M
current process commit charge ("private bytes"): 739M, peak: 739M

vm_info: Java HotSpot(TM) 64-Bit Server VM (18.0.2.1+1-1) for windows-amd64 JRE (18.0.2.1+1-1), built on Aug 16 2022 01:46:33 by "mach5one" with MS VC++ 16.8 / 16.9 (VS2019)

END.
