#
# A fatal error has been detected by the Java Runtime Environment:
#
#  EXCEPTION_INT_DIVIDE_BY_ZERO (0xc0000094) at pc=0x00007ffd19b7ef6a, pid=20728, tid=20172
#
# JRE version: Java(TM) SE Runtime Environment (18.0.2.1+1) (build 18.0.2.1+1-1)
# Java VM: Java HotSpot(TM) 64-Bit Server VM (18.0.2.1+1-1, mixed mode, sharing, tiered, compressed oops, compressed class ptrs, g1 gc, windows-amd64)
# Problematic frame:
# C  [jniRaylib.dll+0x9ef6a]
#
# No core dump will be written. Minidumps are not enabled by default on client versions of Windows
#
# If you would like to submit a bug report, please visit:
#   https://bugreport.java.com/bugreport/crash.jsp
# The crash happened outside the Java Virtual Machine in native code.
# See problematic frame for where to report the bug.
#

---------------  S U M M A R Y ------------

Command Line: -XX:+ShowCodeDetailsInExceptionMessages App

Host: 12th Gen Intel(R) Core(TM) i7-12800HX, 24 cores, 31G,  Windows 11 , 64 bit Build 22000 (10.0.22000.708)
Time: Thu Sep 29 20:01:54 2022 Pacific Daylight Time elapsed time: 0.427993 seconds (0d 0h 0m 0s)

---------------  T H R E A D  ---------------

Current thread (0x000002314b8514f0):  JavaThread "main" [_thread_in_native, id=20172, stack(0x0000006b06800000,0x0000006b06900000)]

Stack: [0x0000006b06800000,0x0000006b06900000],  sp=0x0000006b068ff180,  free space=1020k
Native frames: (J=compiled Java code, j=interpreted, Vv=VM code, C=native code)
C  [jniRaylib.dll+0x9ef6a]

Java frames: (J=compiled Java code, j=interpreted, Vv=VM code)
j  com.raylib.Raylib.ImageResizeNN(Lcom/raylib/Raylib$Image;II)V+0
j  tiles.tile.resize(Lactial/renderer;I)V+29
j  actial.tilesys.lambda$0(Lactial/renderer;ILjava/lang/String;Ltiles/tile;)V+3
j  actial.tilesys$$Lambda$24+0x0000000800c15578.accept(Ljava/lang/Object;Ljava/lang/Object;)V+16
j  java.util.HashMap.forEach(Ljava/util/function/BiConsumer;)V+74 java.base@18.0.2.1
j  actial.tilesys.resize(Lactial/renderer;I)V+16
j  App$1.resized()V+33
j  actial.renderer.<init>(IILjava/lang/String;Ljava/lang/String;)V+31
j  App$1.<init>(IILjava/lang/String;Ljava/lang/String;)V+6
j  App.main([Ljava/lang/String;)V+13
v  ~StubRoutines::call_stub

siginfo: EXCEPTION_INT_DIVIDE_BY_ZERO (0xc0000094)


Register to memory mapping:

RIP=0x00007ffd19b7ef6a jniRaylib.dll
RAX=0x0000000000200000 is an unknown value
RBX=0x000002310037e270 points into unknown readable memory: 0x0000023100dece80 | 80 ce de 00 31 02 00 00
RCX=0x000002317d93c200 points into unknown readable memory: 0x00007ffd5b103158 | 58 31 10 5b fd 7f 00 00
RDX=0x0 is NULL
RSP=0x0000006b068ff180 is pointing into the stack for thread: 0x000002314b8514f0
RBP=0x0 is NULL
RSI=0x0000023100deeea0 points into unknown readable memory: 0x0000000000000000 | 00 00 00 00 00 00 00 00
RDI=0x000002310037e270 points into unknown readable memory: 0x0000023100dece80 | 80 ce de 00 31 02 00 00
R8 =0x0000000000000082 is an unknown value
R9 =0x0000000000000040 is an unknown value
R10=0x0000000000000080 is an unknown value
R11=0x55d000080b14b401 is an unknown value
R12=0x0 is NULL
R13={method} {0x0000023179822e88} 'ImageResizeNN' '(Lcom/raylib/Raylib$Image;II)V' in 'com/raylib/Raylib'
R14=0x0 is NULL
R15=0x0 is NULL


Registers:
RAX=0x0000000000200000, RBX=0x000002310037e270, RCX=0x000002317d93c200, RDX=0x0000000000000000
RSP=0x0000006b068ff180, RBP=0x0000000000000000, RSI=0x0000023100deeea0, RDI=0x000002310037e270
R8 =0x0000000000000082, R9 =0x0000000000000040, R10=0x0000000000000080, R11=0x55d000080b14b401
R12=0x0000000000000000, R13=0x0000023179822e80, R14=0x0000000000000000, R15=0x0000000000000000
RIP=0x00007ffd19b7ef6a, EFLAGS=0x0000000000010206

Top of Stack: (sp=0x0000006b068ff180)
0x0000006b068ff180:   000002310037e270 000002314b851780
0x0000006b068ff190:   000002310037e270 00000231531994fe
0x0000006b068ff1a0:   0000023100dece80 0000002000000020
0x0000006b068ff1b0:   0000000700000001 00007ffd16e540e5
0x0000006b068ff1c0:   0000023179822e80 00000231531b4936
0x0000006b068ff1d0:   000002314b851780 0000000000000000
0x0000006b068ff1e0:   000002314b8514f0 0000006b068ff2e0
0x0000006b068ff1f0:   0000006b068ff2e0 00007ffd19b12ae9
0x0000006b068ff200:   000002317d93c200 000002310037e270
0x0000006b068ff210:   0000023100000000 00000006238a9888
0x0000006b068ff220:   00000231531994fe 000002315319d621
0x0000006b068ff230:   0000023179822e80 0000006b068ff2b0
0x0000006b068ff240:   00000000ffffffff 00000000ffffffff
0x0000006b068ff250:   0000023100000000 0000000000000000
0x0000006b068ff260:   000002315319d2f6 0000006b068ff268
0x0000006b068ff270:   0000023179822e80 0000006b068ff2e0 

Instructions: (pc=0x00007ffd19b7ef6a)
0x00007ffd19b7ee6a:   c7 3b 7c 24 20 7c cf 8b ac 24 e0 00 00 00 44 8b
0x00007ffd19b7ee7a:   b4 24 d8 00 00 00 4c 8b ac 24 98 00 00 00 48 8b
0x00007ffd19b7ee8a:   0b ff 15 87 57 0a 00 44 0f 28 5c 24 30 44 0f 28
0x00007ffd19b7ee9a:   54 24 40 44 0f 28 44 24 60 4c 8b bc 24 90 00 00
0x00007ffd19b7eeaa:   00 48 8b b4 24 e8 00 00 00 4c 89 23 4c 8b a4 24
0x00007ffd19b7eeba:   a0 00 00 00 44 89 73 08 89 6b 0c 48 81 c4 a8 00
0x00007ffd19b7eeca:   00 00 41 5e 5f 5d 5b c3 cc cc cc cc cc cc cc cc
0x00007ffd19b7eeda:   cc cc cc cc cc cc 48 8b c4 44 89 40 18 57 41 56
0x00007ffd19b7eeea:   41 57 48 83 ec 60 48 83 39 00 48 8b f9 45 8b f8
0x00007ffd19b7eefa:   44 8b f2 0f 84 3b 01 00 00 83 79 08 00 0f 84 31
0x00007ffd19b7ef0a:   01 00 00 83 79 0c 00 0f 84 27 01 00 00 0f 10 01
0x00007ffd19b7ef1a:   48 89 58 10 f2 0f 10 49 10 48 8d 48 a8 48 89 68
0x00007ffd19b7ef2a:   e0 48 89 70 d8 0f 29 40 a8 4c 89 68 c8 f2 0f 11
0x00007ffd19b7ef3a:   48 b8 e8 bf 0f 00 00 41 8b ce 48 8b f0 41 0f af
0x00007ffd19b7ef4a:   cf 48 63 c9 48 c1 e1 02 ff 15 b8 56 0a 00 48 8b
0x00007ffd19b7ef5a:   c8 48 89 84 24 80 00 00 00 8b 47 08 c1 e0 10 99
0x00007ffd19b7ef6a:   41 f7 fe 8d 68 01 8b 47 0c c1 e0 10 99 41 f7 ff
0x00007ffd19b7ef7a:   44 8d 68 01 45 85 ff 7e 6b 4c 89 64 24 48 45 33
0x00007ffd19b7ef8a:   db 4d 63 e6 48 8b d9 49 c1 e4 02 45 85 f6 7e 3b
0x00007ffd19b7ef9a:   45 8b d3 48 8b c3 41 c1 fa 10 4d 8b ce 45 33 c0
0x00007ffd19b7efaa:   66 0f 1f 44 00 00 41 8b c8 48 8d 40 04 c1 f9 10
0x00007ffd19b7efba:   41 8b d2 0f af 57 08 44 03 c5 03 d1 48 63 ca 8b
0x00007ffd19b7efca:   14 8e 89 50 fc 49 83 e9 01 75 db 45 03 dd 49 03
0x00007ffd19b7efda:   dc 49 83 ef 01 75 b4 44 8b bc 24 90 00 00 00 4c
0x00007ffd19b7efea:   8b 64 24 48 48 8b 0f 8b 5f 14 ff 15 1e 56 0a 00
0x00007ffd19b7effa:   48 8b 84 24 80 00 00 00 8b d3 48 8b cf 48 89 07
0x00007ffd19b7f00a:   44 89 77 08 44 89 7f 0c c7 47 14 07 00 00 00 e8
0x00007ffd19b7f01a:   52 ed ff ff 48 8b ce ff 15 f1 55 0a 00 4c 8b 6c
0x00007ffd19b7f02a:   24 40 48 8b 74 24 50 48 8b 6c 24 58 48 8b 9c 24
0x00007ffd19b7f03a:   88 00 00 00 48 83 c4 60 41 5f 41 5e 5f c3 cc cc
0x00007ffd19b7f04a:   cc cc cc cc cc cc 40 53 48 83 ec 20 48 83 39 00
0x00007ffd19b7f05a:   48 8b d9 0f 84 22 01 00 00 83 79 08 00 0f 84 18 


Stack slot to memory mapping:
stack at sp + 0 slots: 0x000002310037e270 points into unknown readable memory: 0x0000023100dece80 | 80 ce de 00 31 02 00 00
stack at sp + 1 slots: 0x000002314b851780 points into unknown readable memory: 0x00007ffd17574720 | 20 47 57 17 fd 7f 00 00
stack at sp + 2 slots: 0x000002310037e270 points into unknown readable memory: 0x0000023100dece80 | 80 ce de 00 31 02 00 00
stack at sp + 3 slots: 0x00000231531994fe is at code_begin+1118 in an Interpreter codelet
return entry points  [0x00000231531990a0, 0x0000023153199ba0]  2816 bytes
stack at sp + 4 slots: 0x0000023100dece80 points into unknown readable memory: 0x0000000000000000 | 00 00 00 00 00 00 00 00
stack at sp + 5 slots: 0x0000002000000020 is an unknown value
stack at sp + 6 slots: 0x0000000700000001 is an unallocated location in the heap
stack at sp + 7 slots: 0x00007ffd16e540e5 jvm.dll


---------------  P R O C E S S  ---------------

Threads class SMR info:
_java_thread_list=0x000002317d75c610, length=18, elements={
0x000002314b8514f0, 0x00000231780824d0, 0x0000023178082e70, 0x000002317809db80,
0x000002317809e430, 0x000002317809edd0, 0x000002317809f770, 0x00000231780a0440,
0x00000231780a2140, 0x00000231780a4a40, 0x000002317806f280, 0x000002317d5872f0,
0x000002317d595cc0, 0x000002317d5991e0, 0x000002317daed200, 0x000002317db887a0,
0x000002317e1f05c0, 0x000002317e2282e0
}

Java Threads: ( => current thread )
=>0x000002314b8514f0 JavaThread "main" [_thread_in_native, id=20172, stack(0x0000006b06800000,0x0000006b06900000)]
  0x00000231780824d0 JavaThread "Reference Handler" daemon [_thread_blocked, id=23140, stack(0x0000006b06f00000,0x0000006b07000000)]
  0x0000023178082e70 JavaThread "Finalizer" daemon [_thread_blocked, id=7816, stack(0x0000006b07000000,0x0000006b07100000)]
  0x000002317809db80 JavaThread "Signal Dispatcher" daemon [_thread_blocked, id=17904, stack(0x0000006b07100000,0x0000006b07200000)]
  0x000002317809e430 JavaThread "Attach Listener" daemon [_thread_blocked, id=11484, stack(0x0000006b07200000,0x0000006b07300000)]
  0x000002317809edd0 JavaThread "Service Thread" daemon [_thread_blocked, id=26136, stack(0x0000006b07300000,0x0000006b07400000)]
  0x000002317809f770 JavaThread "Monitor Deflation Thread" daemon [_thread_blocked, id=14520, stack(0x0000006b07400000,0x0000006b07500000)]
  0x00000231780a0440 JavaThread "C2 CompilerThread0" daemon [_thread_blocked, id=13228, stack(0x0000006b07500000,0x0000006b07600000)]
  0x00000231780a2140 JavaThread "C1 CompilerThread0" daemon [_thread_blocked, id=12308, stack(0x0000006b07600000,0x0000006b07700000)]
  0x00000231780a4a40 JavaThread "Sweeper thread" daemon [_thread_blocked, id=28032, stack(0x0000006b07700000,0x0000006b07800000)]
  0x000002317806f280 JavaThread "C1 CompilerThread1" daemon [_thread_blocked, id=3480, stack(0x0000006b07800000,0x0000006b07900000)]
  0x000002317d5872f0 JavaThread "C1 CompilerThread2" daemon [_thread_blocked, id=17424, stack(0x0000006b07900000,0x0000006b07a00000)]
  0x000002317d595cc0 JavaThread "Notification Thread" daemon [_thread_blocked, id=16832, stack(0x0000006b07a00000,0x0000006b07b00000)]
  0x000002317d5991e0 JavaThread "Common-Cleaner" daemon [_thread_blocked, id=11028, stack(0x0000006b07c00000,0x0000006b07d00000)]
  0x000002317daed200 JavaThread "C2 CompilerThread1" daemon [_thread_blocked, id=9408, stack(0x0000006b07d00000,0x0000006b07e00000)]
  0x000002317db887a0 JavaThread "C2 CompilerThread2" daemon [_thread_blocked, id=24676, stack(0x0000006b07e00000,0x0000006b07f00000)]
  0x000002317e1f05c0 JavaThread "C2 CompilerThread3" daemon [_thread_blocked, id=21652, stack(0x0000006b07f00000,0x0000006b08000000)]
  0x000002317e2282e0 JavaThread "JavaCPP Deallocator" daemon [_thread_blocked, id=25564, stack(0x0000006b08000000,0x0000006b08100000)]

Other Threads:
  0x0000023177f0e1c0 VMThread "VM Thread" [stack: 0x0000006b06e00000,0x0000006b06f00000] [id=24312]
  0x000002317d5985a0 WatcherThread "VM Periodic Task Thread" [stack: 0x0000006b07b00000,0x0000006b07c00000] [id=13428]
  0x000002314b9087b0 WorkerThread "GC Thread#0" [stack: 0x0000006b06900000,0x0000006b06a00000] [id=676]
  0x000002314b919560 ConcurrentGCThread "G1 Main Marker" [stack: 0x0000006b06a00000,0x0000006b06b00000] [id=7420]
  0x000002314b91a5f0 WorkerThread "G1 Conc#0" [stack: 0x0000006b06b00000,0x0000006b06c00000] [id=28012]
  0x000002314b875750 ConcurrentGCThread "G1 Refine#0" [stack: 0x0000006b06c00000,0x0000006b06d00000] [id=16904]
  0x0000023177f39a10 ConcurrentGCThread "G1 Service" [stack: 0x0000006b06d00000,0x0000006b06e00000] [id=13336]

Threads with active compile tasks:

VM state: not at safepoint (normal execution)

VM Mutex/Monitor currently owned by a thread: None

Heap address: 0x0000000605000000, size: 8112 MB, Compressed Oops mode: Zero based, Oop shift amount: 3

CDS archive(s) mapped at: [0x0000000800000000-0x0000000800ba0000-0x0000000800ba0000), size 12189696, SharedBaseAddress: 0x0000000800000000, ArchiveRelocationMode: 0.
Compressed class space mapped at: 0x0000000800c00000-0x0000000840c00000, reserved size: 1073741824
Narrow klass base: 0x0000000800000000, Narrow klass shift: 0, Narrow klass range: 0x100000000

GC Precious Log:
 CardTable entry size: 512
 Card Set container configuration: InlinePtr #cards 4 size 8 Array Of Cards #cards 32 size 80 Howl #buckets 8 coarsen threshold 7372 Howl Bitmap #cards 1024 size 144 coarsen threshold 921 Card regions per heap region 1 cards per card region 8192
 CPUs: 24 total, 24 available
 Memory: 32436M
 Large Page Support: Disabled
 NUMA Support: Disabled
 Compressed Oops: Enabled (Zero based)
 Heap Region Size: 4M
 Heap Min Capacity: 8M
 Heap Initial Capacity: 508M
 Heap Max Capacity: 8112M
 Pre-touch: Disabled
 Parallel Workers: 18
 Concurrent Workers: 5
 Concurrent Refinement Workers: 18
 Periodic GC: Disabled

Heap:
 garbage-first heap   total 520192K, used 16384K [0x0000000605000000, 0x0000000800000000)
  region size 4096K, 5 young (20480K), 0 survivors (0K)
 Metaspace       used 2022K, committed 2176K, reserved 1114112K
  class space    used 176K, committed 256K, reserved 1048576K

Heap Regions: E=young(eden), S=young(survivor), O=old, HS=humongous(starts), HC=humongous(continues), CS=collection set, F=free, OA=open archive, CA=closed archive, TAMS=top-at-mark-start (previous, next)
|   0|0x0000000605000000, 0x0000000605000000, 0x0000000605400000|  0%| F|  |TAMS 0x0000000605000000, 0x0000000605000000| Untracked 
|   1|0x0000000605400000, 0x0000000605400000, 0x0000000605800000|  0%| F|  |TAMS 0x0000000605400000, 0x0000000605400000| Untracked 
|   2|0x0000000605800000, 0x0000000605800000, 0x0000000605c00000|  0%| F|  |TAMS 0x0000000605800000, 0x0000000605800000| Untracked 
|   3|0x0000000605c00000, 0x0000000605c00000, 0x0000000606000000|  0%| F|  |TAMS 0x0000000605c00000, 0x0000000605c00000| Untracked 
|   4|0x0000000606000000, 0x0000000606000000, 0x0000000606400000|  0%| F|  |TAMS 0x0000000606000000, 0x0000000606000000| Untracked 
|   5|0x0000000606400000, 0x0000000606400000, 0x0000000606800000|  0%| F|  |TAMS 0x0000000606400000, 0x0000000606400000| Untracked 
|   6|0x0000000606800000, 0x0000000606800000, 0x0000000606c00000|  0%| F|  |TAMS 0x0000000606800000, 0x0000000606800000| Untracked 
|   7|0x0000000606c00000, 0x0000000606c00000, 0x0000000607000000|  0%| F|  |TAMS 0x0000000606c00000, 0x0000000606c00000| Untracked 
|   8|0x0000000607000000, 0x0000000607000000, 0x0000000607400000|  0%| F|  |TAMS 0x0000000607000000, 0x0000000607000000| Untracked 
|   9|0x0000000607400000, 0x0000000607400000, 0x0000000607800000|  0%| F|  |TAMS 0x0000000607400000, 0x0000000607400000| Untracked 
|  10|0x0000000607800000, 0x0000000607800000, 0x0000000607c00000|  0%| F|  |TAMS 0x0000000607800000, 0x0000000607800000| Untracked 
|  11|0x0000000607c00000, 0x0000000607c00000, 0x0000000608000000|  0%| F|  |TAMS 0x0000000607c00000, 0x0000000607c00000| Untracked 
|  12|0x0000000608000000, 0x0000000608000000, 0x0000000608400000|  0%| F|  |TAMS 0x0000000608000000, 0x0000000608000000| Untracked 
|  13|0x0000000608400000, 0x0000000608400000, 0x0000000608800000|  0%| F|  |TAMS 0x0000000608400000, 0x0000000608400000| Untracked 
|  14|0x0000000608800000, 0x0000000608800000, 0x0000000608c00000|  0%| F|  |TAMS 0x0000000608800000, 0x0000000608800000| Untracked 
|  15|0x0000000608c00000, 0x0000000608c00000, 0x0000000609000000|  0%| F|  |TAMS 0x0000000608c00000, 0x0000000608c00000| Untracked 
|  16|0x0000000609000000, 0x0000000609000000, 0x0000000609400000|  0%| F|  |TAMS 0x0000000609000000, 0x0000000609000000| Untracked 
|  17|0x0000000609400000, 0x0000000609400000, 0x0000000609800000|  0%| F|  |TAMS 0x0000000609400000, 0x0000000609400000| Untracked 
|  18|0x0000000609800000, 0x0000000609800000, 0x0000000609c00000|  0%| F|  |TAMS 0x0000000609800000, 0x0000000609800000| Untracked 
|  19|0x0000000609c00000, 0x0000000609c00000, 0x000000060a000000|  0%| F|  |TAMS 0x0000000609c00000, 0x0000000609c00000| Untracked 
|  20|0x000000060a000000, 0x000000060a000000, 0x000000060a400000|  0%| F|  |TAMS 0x000000060a000000, 0x000000060a000000| Untracked 
|  21|0x000000060a400000, 0x000000060a400000, 0x000000060a800000|  0%| F|  |TAMS 0x000000060a400000, 0x000000060a400000| Untracked 
|  22|0x000000060a800000, 0x000000060a800000, 0x000000060ac00000|  0%| F|  |TAMS 0x000000060a800000, 0x000000060a800000| Untracked 
|  23|0x000000060ac00000, 0x000000060ac00000, 0x000000060b000000|  0%| F|  |TAMS 0x000000060ac00000, 0x000000060ac00000| Untracked 
|  24|0x000000060b000000, 0x000000060b000000, 0x000000060b400000|  0%| F|  |TAMS 0x000000060b000000, 0x000000060b000000| Untracked 
|  25|0x000000060b400000, 0x000000060b400000, 0x000000060b800000|  0%| F|  |TAMS 0x000000060b400000, 0x000000060b400000| Untracked 
|  26|0x000000060b800000, 0x000000060b800000, 0x000000060bc00000|  0%| F|  |TAMS 0x000000060b800000, 0x000000060b800000| Untracked 
|  27|0x000000060bc00000, 0x000000060bc00000, 0x000000060c000000|  0%| F|  |TAMS 0x000000060bc00000, 0x000000060bc00000| Untracked 
|  28|0x000000060c000000, 0x000000060c000000, 0x000000060c400000|  0%| F|  |TAMS 0x000000060c000000, 0x000000060c000000| Untracked 
|  29|0x000000060c400000, 0x000000060c400000, 0x000000060c800000|  0%| F|  |TAMS 0x000000060c400000, 0x000000060c400000| Untracked 
|  30|0x000000060c800000, 0x000000060c800000, 0x000000060cc00000|  0%| F|  |TAMS 0x000000060c800000, 0x000000060c800000| Untracked 
|  31|0x000000060cc00000, 0x000000060cc00000, 0x000000060d000000|  0%| F|  |TAMS 0x000000060cc00000, 0x000000060cc00000| Untracked 
|  32|0x000000060d000000, 0x000000060d000000, 0x000000060d400000|  0%| F|  |TAMS 0x000000060d000000, 0x000000060d000000| Untracked 
|  33|0x000000060d400000, 0x000000060d400000, 0x000000060d800000|  0%| F|  |TAMS 0x000000060d400000, 0x000000060d400000| Untracked 
|  34|0x000000060d800000, 0x000000060d800000, 0x000000060dc00000|  0%| F|  |TAMS 0x000000060d800000, 0x000000060d800000| Untracked 
|  35|0x000000060dc00000, 0x000000060dc00000, 0x000000060e000000|  0%| F|  |TAMS 0x000000060dc00000, 0x000000060dc00000| Untracked 
|  36|0x000000060e000000, 0x000000060e000000, 0x000000060e400000|  0%| F|  |TAMS 0x000000060e000000, 0x000000060e000000| Untracked 
|  37|0x000000060e400000, 0x000000060e400000, 0x000000060e800000|  0%| F|  |TAMS 0x000000060e400000, 0x000000060e400000| Untracked 
|  38|0x000000060e800000, 0x000000060e800000, 0x000000060ec00000|  0%| F|  |TAMS 0x000000060e800000, 0x000000060e800000| Untracked 
|  39|0x000000060ec00000, 0x000000060ec00000, 0x000000060f000000|  0%| F|  |TAMS 0x000000060ec00000, 0x000000060ec00000| Untracked 
|  40|0x000000060f000000, 0x000000060f000000, 0x000000060f400000|  0%| F|  |TAMS 0x000000060f000000, 0x000000060f000000| Untracked 
|  41|0x000000060f400000, 0x000000060f400000, 0x000000060f800000|  0%| F|  |TAMS 0x000000060f400000, 0x000000060f400000| Untracked 
|  42|0x000000060f800000, 0x000000060f800000, 0x000000060fc00000|  0%| F|  |TAMS 0x000000060f800000, 0x000000060f800000| Untracked 
|  43|0x000000060fc00000, 0x000000060fc00000, 0x0000000610000000|  0%| F|  |TAMS 0x000000060fc00000, 0x000000060fc00000| Untracked 
|  44|0x0000000610000000, 0x0000000610000000, 0x0000000610400000|  0%| F|  |TAMS 0x0000000610000000, 0x0000000610000000| Untracked 
|  45|0x0000000610400000, 0x0000000610400000, 0x0000000610800000|  0%| F|  |TAMS 0x0000000610400000, 0x0000000610400000| Untracked 
|  46|0x0000000610800000, 0x0000000610800000, 0x0000000610c00000|  0%| F|  |TAMS 0x0000000610800000, 0x0000000610800000| Untracked 
|  47|0x0000000610c00000, 0x0000000610c00000, 0x0000000611000000|  0%| F|  |TAMS 0x0000000610c00000, 0x0000000610c00000| Untracked 
|  48|0x0000000611000000, 0x0000000611000000, 0x0000000611400000|  0%| F|  |TAMS 0x0000000611000000, 0x0000000611000000| Untracked 
|  49|0x0000000611400000, 0x0000000611400000, 0x0000000611800000|  0%| F|  |TAMS 0x0000000611400000, 0x0000000611400000| Untracked 
|  50|0x0000000611800000, 0x0000000611800000, 0x0000000611c00000|  0%| F|  |TAMS 0x0000000611800000, 0x0000000611800000| Untracked 
|  51|0x0000000611c00000, 0x0000000611c00000, 0x0000000612000000|  0%| F|  |TAMS 0x0000000611c00000, 0x0000000611c00000| Untracked 
|  52|0x0000000612000000, 0x0000000612000000, 0x0000000612400000|  0%| F|  |TAMS 0x0000000612000000, 0x0000000612000000| Untracked 
|  53|0x0000000612400000, 0x0000000612400000, 0x0000000612800000|  0%| F|  |TAMS 0x0000000612400000, 0x0000000612400000| Untracked 
|  54|0x0000000612800000, 0x0000000612800000, 0x0000000612c00000|  0%| F|  |TAMS 0x0000000612800000, 0x0000000612800000| Untracked 
|  55|0x0000000612c00000, 0x0000000612c00000, 0x0000000613000000|  0%| F|  |TAMS 0x0000000612c00000, 0x0000000612c00000| Untracked 
|  56|0x0000000613000000, 0x0000000613000000, 0x0000000613400000|  0%| F|  |TAMS 0x0000000613000000, 0x0000000613000000| Untracked 
|  57|0x0000000613400000, 0x0000000613400000, 0x0000000613800000|  0%| F|  |TAMS 0x0000000613400000, 0x0000000613400000| Untracked 
|  58|0x0000000613800000, 0x0000000613800000, 0x0000000613c00000|  0%| F|  |TAMS 0x0000000613800000, 0x0000000613800000| Untracked 
|  59|0x0000000613c00000, 0x0000000613c00000, 0x0000000614000000|  0%| F|  |TAMS 0x0000000613c00000, 0x0000000613c00000| Untracked 
|  60|0x0000000614000000, 0x0000000614000000, 0x0000000614400000|  0%| F|  |TAMS 0x0000000614000000, 0x0000000614000000| Untracked 
|  61|0x0000000614400000, 0x0000000614400000, 0x0000000614800000|  0%| F|  |TAMS 0x0000000614400000, 0x0000000614400000| Untracked 
|  62|0x0000000614800000, 0x0000000614800000, 0x0000000614c00000|  0%| F|  |TAMS 0x0000000614800000, 0x0000000614800000| Untracked 
|  63|0x0000000614c00000, 0x0000000614c00000, 0x0000000615000000|  0%| F|  |TAMS 0x0000000614c00000, 0x0000000614c00000| Untracked 
|  64|0x0000000615000000, 0x0000000615000000, 0x0000000615400000|  0%| F|  |TAMS 0x0000000615000000, 0x0000000615000000| Untracked 
|  65|0x0000000615400000, 0x0000000615400000, 0x0000000615800000|  0%| F|  |TAMS 0x0000000615400000, 0x0000000615400000| Untracked 
|  66|0x0000000615800000, 0x0000000615800000, 0x0000000615c00000|  0%| F|  |TAMS 0x0000000615800000, 0x0000000615800000| Untracked 
|  67|0x0000000615c00000, 0x0000000615c00000, 0x0000000616000000|  0%| F|  |TAMS 0x0000000615c00000, 0x0000000615c00000| Untracked 
|  68|0x0000000616000000, 0x0000000616000000, 0x0000000616400000|  0%| F|  |TAMS 0x0000000616000000, 0x0000000616000000| Untracked 
|  69|0x0000000616400000, 0x0000000616400000, 0x0000000616800000|  0%| F|  |TAMS 0x0000000616400000, 0x0000000616400000| Untracked 
|  70|0x0000000616800000, 0x0000000616800000, 0x0000000616c00000|  0%| F|  |TAMS 0x0000000616800000, 0x0000000616800000| Untracked 
|  71|0x0000000616c00000, 0x0000000616c00000, 0x0000000617000000|  0%| F|  |TAMS 0x0000000616c00000, 0x0000000616c00000| Untracked 
|  72|0x0000000617000000, 0x0000000617000000, 0x0000000617400000|  0%| F|  |TAMS 0x0000000617000000, 0x0000000617000000| Untracked 
|  73|0x0000000617400000, 0x0000000617400000, 0x0000000617800000|  0%| F|  |TAMS 0x0000000617400000, 0x0000000617400000| Untracked 
|  74|0x0000000617800000, 0x0000000617800000, 0x0000000617c00000|  0%| F|  |TAMS 0x0000000617800000, 0x0000000617800000| Untracked 
|  75|0x0000000617c00000, 0x0000000617c00000, 0x0000000618000000|  0%| F|  |TAMS 0x0000000617c00000, 0x0000000617c00000| Untracked 
|  76|0x0000000618000000, 0x0000000618000000, 0x0000000618400000|  0%| F|  |TAMS 0x0000000618000000, 0x0000000618000000| Untracked 
|  77|0x0000000618400000, 0x0000000618400000, 0x0000000618800000|  0%| F|  |TAMS 0x0000000618400000, 0x0000000618400000| Untracked 
|  78|0x0000000618800000, 0x0000000618800000, 0x0000000618c00000|  0%| F|  |TAMS 0x0000000618800000, 0x0000000618800000| Untracked 
|  79|0x0000000618c00000, 0x0000000618c00000, 0x0000000619000000|  0%| F|  |TAMS 0x0000000618c00000, 0x0000000618c00000| Untracked 
|  80|0x0000000619000000, 0x0000000619000000, 0x0000000619400000|  0%| F|  |TAMS 0x0000000619000000, 0x0000000619000000| Untracked 
|  81|0x0000000619400000, 0x0000000619400000, 0x0000000619800000|  0%| F|  |TAMS 0x0000000619400000, 0x0000000619400000| Untracked 
|  82|0x0000000619800000, 0x0000000619800000, 0x0000000619c00000|  0%| F|  |TAMS 0x0000000619800000, 0x0000000619800000| Untracked 
|  83|0x0000000619c00000, 0x0000000619c00000, 0x000000061a000000|  0%| F|  |TAMS 0x0000000619c00000, 0x0000000619c00000| Untracked 
|  84|0x000000061a000000, 0x000000061a000000, 0x000000061a400000|  0%| F|  |TAMS 0x000000061a000000, 0x000000061a000000| Untracked 
|  85|0x000000061a400000, 0x000000061a400000, 0x000000061a800000|  0%| F|  |TAMS 0x000000061a400000, 0x000000061a400000| Untracked 
|  86|0x000000061a800000, 0x000000061a800000, 0x000000061ac00000|  0%| F|  |TAMS 0x000000061a800000, 0x000000061a800000| Untracked 
|  87|0x000000061ac00000, 0x000000061ac00000, 0x000000061b000000|  0%| F|  |TAMS 0x000000061ac00000, 0x000000061ac00000| Untracked 
|  88|0x000000061b000000, 0x000000061b000000, 0x000000061b400000|  0%| F|  |TAMS 0x000000061b000000, 0x000000061b000000| Untracked 
|  89|0x000000061b400000, 0x000000061b400000, 0x000000061b800000|  0%| F|  |TAMS 0x000000061b400000, 0x000000061b400000| Untracked 
|  90|0x000000061b800000, 0x000000061b800000, 0x000000061bc00000|  0%| F|  |TAMS 0x000000061b800000, 0x000000061b800000| Untracked 
|  91|0x000000061bc00000, 0x000000061bc00000, 0x000000061c000000|  0%| F|  |TAMS 0x000000061bc00000, 0x000000061bc00000| Untracked 
|  92|0x000000061c000000, 0x000000061c000000, 0x000000061c400000|  0%| F|  |TAMS 0x000000061c000000, 0x000000061c000000| Untracked 
|  93|0x000000061c400000, 0x000000061c400000, 0x000000061c800000|  0%| F|  |TAMS 0x000000061c400000, 0x000000061c400000| Untracked 
|  94|0x000000061c800000, 0x000000061c800000, 0x000000061cc00000|  0%| F|  |TAMS 0x000000061c800000, 0x000000061c800000| Untracked 
|  95|0x000000061cc00000, 0x000000061cc00000, 0x000000061d000000|  0%| F|  |TAMS 0x000000061cc00000, 0x000000061cc00000| Untracked 
|  96|0x000000061d000000, 0x000000061d000000, 0x000000061d400000|  0%| F|  |TAMS 0x000000061d000000, 0x000000061d000000| Untracked 
|  97|0x000000061d400000, 0x000000061d400000, 0x000000061d800000|  0%| F|  |TAMS 0x000000061d400000, 0x000000061d400000| Untracked 
|  98|0x000000061d800000, 0x000000061d800000, 0x000000061dc00000|  0%| F|  |TAMS 0x000000061d800000, 0x000000061d800000| Untracked 
|  99|0x000000061dc00000, 0x000000061dc00000, 0x000000061e000000|  0%| F|  |TAMS 0x000000061dc00000, 0x000000061dc00000| Untracked 
| 100|0x000000061e000000, 0x000000061e000000, 0x000000061e400000|  0%| F|  |TAMS 0x000000061e000000, 0x000000061e000000| Untracked 
| 101|0x000000061e400000, 0x000000061e400000, 0x000000061e800000|  0%| F|  |TAMS 0x000000061e400000, 0x000000061e400000| Untracked 
| 102|0x000000061e800000, 0x000000061e800000, 0x000000061ec00000|  0%| F|  |TAMS 0x000000061e800000, 0x000000061e800000| Untracked 
| 103|0x000000061ec00000, 0x000000061ec00000, 0x000000061f000000|  0%| F|  |TAMS 0x000000061ec00000, 0x000000061ec00000| Untracked 
| 104|0x000000061f000000, 0x000000061f000000, 0x000000061f400000|  0%| F|  |TAMS 0x000000061f000000, 0x000000061f000000| Untracked 
| 105|0x000000061f400000, 0x000000061f400000, 0x000000061f800000|  0%| F|  |TAMS 0x000000061f400000, 0x000000061f400000| Untracked 
| 106|0x000000061f800000, 0x000000061f800000, 0x000000061fc00000|  0%| F|  |TAMS 0x000000061f800000, 0x000000061f800000| Untracked 
| 107|0x000000061fc00000, 0x000000061fc00000, 0x0000000620000000|  0%| F|  |TAMS 0x000000061fc00000, 0x000000061fc00000| Untracked 
| 108|0x0000000620000000, 0x0000000620000000, 0x0000000620400000|  0%| F|  |TAMS 0x0000000620000000, 0x0000000620000000| Untracked 
| 109|0x0000000620400000, 0x0000000620400000, 0x0000000620800000|  0%| F|  |TAMS 0x0000000620400000, 0x0000000620400000| Untracked 
| 110|0x0000000620800000, 0x0000000620800000, 0x0000000620c00000|  0%| F|  |TAMS 0x0000000620800000, 0x0000000620800000| Untracked 
| 111|0x0000000620c00000, 0x0000000620c00000, 0x0000000621000000|  0%| F|  |TAMS 0x0000000620c00000, 0x0000000620c00000| Untracked 
| 112|0x0000000621000000, 0x0000000621000000, 0x0000000621400000|  0%| F|  |TAMS 0x0000000621000000, 0x0000000621000000| Untracked 
| 113|0x0000000621400000, 0x0000000621400000, 0x0000000621800000|  0%| F|  |TAMS 0x0000000621400000, 0x0000000621400000| Untracked 
| 114|0x0000000621800000, 0x0000000621800000, 0x0000000621c00000|  0%| F|  |TAMS 0x0000000621800000, 0x0000000621800000| Untracked 
| 115|0x0000000621c00000, 0x0000000621c00000, 0x0000000622000000|  0%| F|  |TAMS 0x0000000621c00000, 0x0000000621c00000| Untracked 
| 116|0x0000000622000000, 0x0000000622000000, 0x0000000622400000|  0%| F|  |TAMS 0x0000000622000000, 0x0000000622000000| Untracked 
| 117|0x0000000622400000, 0x0000000622400000, 0x0000000622800000|  0%| F|  |TAMS 0x0000000622400000, 0x0000000622400000| Untracked 
| 118|0x0000000622800000, 0x0000000622800000, 0x0000000622c00000|  0%| F|  |TAMS 0x0000000622800000, 0x0000000622800000| Untracked 
| 119|0x0000000622c00000, 0x0000000622c00000, 0x0000000623000000|  0%| F|  |TAMS 0x0000000622c00000, 0x0000000622c00000| Untracked 
| 120|0x0000000623000000, 0x0000000623000000, 0x0000000623400000|  0%| F|  |TAMS 0x0000000623000000, 0x0000000623000000| Untracked 
| 121|0x0000000623400000, 0x0000000623400000, 0x0000000623800000|  0%| F|  |TAMS 0x0000000623400000, 0x0000000623400000| Untracked 
| 122|0x0000000623800000, 0x00000006238f7350, 0x0000000623c00000| 24%| E|  |TAMS 0x0000000623800000, 0x0000000623800000| Complete 
| 123|0x0000000623c00000, 0x0000000624000000, 0x0000000624000000|100%| E|CS|TAMS 0x0000000623c00000, 0x0000000623c00000| Complete 
| 124|0x0000000624000000, 0x0000000624400000, 0x0000000624400000|100%| E|CS|TAMS 0x0000000624000000, 0x0000000624000000| Complete 
| 125|0x0000000624400000, 0x0000000624800000, 0x0000000624800000|100%| E|CS|TAMS 0x0000000624400000, 0x0000000624400000| Complete 
| 126|0x0000000624800000, 0x0000000624c00000, 0x0000000624c00000|100%| E|CS|TAMS 0x0000000624800000, 0x0000000624800000| Complete 

Card table byte_map: [0x0000023163f50000,0x0000023164f30000] _byte_map_base: 0x0000023160f28000

Marking Bits (Prev, Next): (CMBitMap*) 0x000002314b908cb0, (CMBitMap*) 0x000002314b908cf0
 Prev Bits: [0x0000023165f10000, 0x000002316ddd0000)
 Next Bits: [0x000002316ddd0000, 0x0000023175c90000)

Polling page: 0x0000023149850000

Metaspace:

Usage:
  Non-class:      1.80 MB used.
      Class:    176.01 KB used.
       Both:      1.98 MB used.

Virtual space:
  Non-class space:       64.00 MB reserved,       1.88 MB (  3%) committed,  1 nodes.
      Class space:        1.00 GB reserved,     256.00 KB ( <1%) committed,  1 nodes.
             Both:        1.06 GB reserved,       2.12 MB ( <1%) committed. 

Chunk freelists:
   Non-Class:  3.26 MB
       Class:  3.65 MB
        Both:  6.92 MB

MaxMetaspaceSize: unlimited
CompressedClassSpaceSize: 1.00 GB
Initial GC threshold: 21.00 MB
Current GC threshold: 21.00 MB
CDS: on
MetaspaceReclaimPolicy: balanced
 - commit_granule_bytes: 65536.
 - commit_granule_words: 8192.
 - virtual_space_node_default_size: 8388608.
 - enlarge_chunks_in_place: 1.
 - new_chunks_are_fully_committed: 0.
 - uncommit_free_chunks: 1.
 - use_allocation_guard: 0.


Internal statistics:

num_allocs_failed_limit: 0.
num_arena_births: 30.
num_arena_deaths: 0.
num_vsnodes_births: 2.
num_vsnodes_deaths: 0.
num_space_committed: 34.
num_space_uncommitted: 0.
num_chunks_returned_to_freelist: 0.
num_chunks_taken_from_freelist: 70.
num_chunk_merges: 0.
num_chunk_splits: 47.
num_chunks_enlarged: 36.
num_inconsistent_stats: 0.

CodeHeap 'non-profiled nmethods': size=119168Kb used=505Kb max_used=505Kb free=118662Kb
 bounds [0x000002315ad30000, 0x000002315afa0000, 0x0000023162190000]
CodeHeap 'profiled nmethods': size=119104Kb used=1238Kb max_used=1238Kb free=117865Kb
 bounds [0x00000231538e0000, 0x0000023153b50000, 0x000002315ad30000]
CodeHeap 'non-nmethods': size=7488Kb used=2285Kb max_used=2337Kb free=5202Kb
 bounds [0x0000023153190000, 0x0000023153400000, 0x00000231538e0000]
 total_blobs=1175 nmethods=734 adapters=352
 compilation: enabled
              stopped_count=0, restarted_count=0
 full_count=0

Compilation events (20 events):
Event: 0.349 Thread 0x000002317db887a0 nmethod 566 0x000002315ad9e210 code [0x000002315ad9e8c0, 0x000002315ada7f58]
Event: 0.407 Thread 0x00000231780a2140  720       3       jdk.internal.loader.NativeLibraries$NativeLibraryImpl::find (6 bytes)
Event: 0.407 Thread 0x00000231780a2140 nmethod 720 0x0000023153a12810 code [0x0000023153a129a0, 0x0000023153a12ac8]
Event: 0.408 Thread 0x000002317d5872f0  722       3       java.util.ArrayList::contains (14 bytes)
Event: 0.408 Thread 0x000002317806f280  723       3       java.util.Arrays::asList (9 bytes)
Event: 0.408 Thread 0x000002317d5872f0 nmethod 722 0x0000023153a12b90 code [0x0000023153a12d40, 0x0000023153a12f48]
Event: 0.408 Thread 0x00000231780a2140  724       3       java.util.Arrays$ArrayList::<init> (16 bytes)
Event: 0.408 Thread 0x000002317d5872f0  725       3       java.net.URI::match (56 bytes)
Event: 0.408 Thread 0x000002317d5872f0 nmethod 725 0x0000023153a13010 code [0x0000023153a131c0, 0x0000023153a134d8]
Event: 0.408 Thread 0x00000231780a2140 nmethod 724 0x0000023153a13590 code [0x0000023153a13760, 0x0000023153a13b48]
Event: 0.408 Thread 0x000002317806f280 nmethod 723 0x0000023153a13d10 code [0x0000023153a13ee0, 0x0000023153a14368]
Event: 0.419 Thread 0x000002317d5872f0  727       3       java.lang.invoke.LambdaForm::argument (27 bytes)
Event: 0.419 Thread 0x000002317d5872f0 nmethod 727 0x0000023153a14510 code [0x0000023153a146c0, 0x0000023153a14928]
Event: 0.420 Thread 0x000002317d5872f0  729       3       jdk.internal.org.objectweb.asm.ByteVector::<init> (13 bytes)
Event: 0.420 Thread 0x000002317daed200  730       4       jdk.internal.org.objectweb.asm.ByteVector::putUTF8 (144 bytes)
Event: 0.420 Thread 0x00000231780a2140  731       3       jdk.internal.org.objectweb.asm.ByteVector::putByteArray (49 bytes)
Event: 0.420 Thread 0x000002317d5872f0 nmethod 729 0x0000023153a14a90 code [0x0000023153a14c40, 0x0000023153a14eb8]
Event: 0.420 Thread 0x000002317d5872f0  734       3       java.lang.invoke.LambdaForm$Name::initIndex (26 bytes)
Event: 0.420 Thread 0x000002317d5872f0 nmethod 734 0x0000023153a14f90 code [0x0000023153a15120, 0x0000023153a152d8]
Event: 0.420 Thread 0x00000231780a2140 nmethod 731 0x0000023153a15390 code [0x0000023153a15540, 0x0000023153a15818]

GC Heap History (0 events):
No events

Deoptimization events (20 events):
Event: 0.222 Thread 0x000002314b8514f0 DEOPT PACKING pc=0x000002315ad6ef40 sp=0x0000006b068fe180
Event: 0.222 Thread 0x000002314b8514f0 DEOPT UNPACKING pc=0x00000231531e23a3 sp=0x0000006b068fdf58 mode 2
Event: 0.222 Thread 0x000002314b8514f0 Uncommon trap: trap_request=0xffffff45 fr.pc=0x000002315ad6df2c relative=0x000000000000046c
Event: 0.222 Thread 0x000002314b8514f0 Uncommon trap: reason=unstable_if action=reinterpret pc=0x000002315ad6df2c method=java.util.zip.ZipFile$Source.getEntryPos(Ljava/lang/String;Z)I @ 43 c2
Event: 0.222 Thread 0x000002314b8514f0 DEOPT PACKING pc=0x000002315ad6df2c sp=0x0000006b068fe0f0
Event: 0.222 Thread 0x000002314b8514f0 DEOPT UNPACKING pc=0x00000231531e23a3 sp=0x0000006b068fdf78 mode 2
Event: 0.222 Thread 0x000002314b8514f0 Uncommon trap: trap_request=0xffffff45 fr.pc=0x000002315ad6d114 relative=0x0000000000000454
Event: 0.222 Thread 0x000002314b8514f0 Uncommon trap: reason=unstable_if action=reinterpret pc=0x000002315ad6d114 method=java.util.zip.ZipFile$Source.getEntryPos(Ljava/lang/String;Z)I @ 43 c2
Event: 0.222 Thread 0x000002314b8514f0 DEOPT PACKING pc=0x000002315ad6d114 sp=0x0000006b068fe060
Event: 0.222 Thread 0x000002314b8514f0 DEOPT UNPACKING pc=0x00000231531e23a3 sp=0x0000006b068fdf68 mode 2
Event: 0.222 Thread 0x000002314b8514f0 Uncommon trap: trap_request=0xffffff45 fr.pc=0x000002315ad68d6c relative=0x00000000000002ac
Event: 0.222 Thread 0x000002314b8514f0 Uncommon trap: reason=unstable_if action=reinterpret pc=0x000002315ad68d6c method=java.util.zip.ZipFile$Source.getEntryPos(Ljava/lang/String;Z)I @ 43 c2
Event: 0.222 Thread 0x000002314b8514f0 DEOPT PACKING pc=0x000002315ad68d6c sp=0x0000006b068fdff0
Event: 0.222 Thread 0x000002314b8514f0 DEOPT UNPACKING pc=0x00000231531e23a3 sp=0x0000006b068fdf68 mode 2
Event: 0.227 Thread 0x000002314b8514f0 Uncommon trap: trap_request=0xffffff45 fr.pc=0x000002315ad7ee44 relative=0x0000000000003d84
Event: 0.227 Thread 0x000002314b8514f0 Uncommon trap: reason=unstable_if action=reinterpret pc=0x000002315ad7ee44 method=sun.net.www.ParseUtil.firstEncodeIndex(Ljava/lang/String;)I @ 51 c2
Event: 0.227 Thread 0x000002314b8514f0 DEOPT PACKING pc=0x000002315ad7ee44 sp=0x0000006b068fd180
Event: 0.227 Thread 0x000002314b8514f0 DEOPT UNPACKING pc=0x00000231531e23a3 sp=0x0000006b068fce98 mode 2
Event: 0.240 Thread 0x000002314b8514f0 DEOPT PACKING pc=0x00000231539e2c11 sp=0x0000006b068fcb60
Event: 0.240 Thread 0x000002314b8514f0 DEOPT UNPACKING pc=0x00000231531e2b43 sp=0x0000006b068fc068 mode 0

Classes loaded (20 events):
Event: 0.227 Loading class java/time/zone/Ser
Event: 0.227 Loading class java/io/Externalizable
Event: 0.227 Loading class java/io/Externalizable done
Event: 0.227 Loading class java/time/zone/Ser done
Event: 0.228 Loading class java/time/Month
Event: 0.228 Loading class java/time/Month done
Event: 0.228 Loading class java/time/DayOfWeek
Event: 0.228 Loading class java/time/DayOfWeek done
Event: 0.228 Loading class java/time/zone/ZoneOffsetTransitionRule$TimeDefinition
Event: 0.228 Loading class java/time/zone/ZoneOffsetTransitionRule$TimeDefinition done
Event: 0.228 Loading class java/time/zone/ZoneOffsetTransition
Event: 0.228 Loading class java/time/zone/ZoneOffsetTransition done
Event: 0.228 Loading class java/time/temporal/TemporalAdjusters
Event: 0.228 Loading class java/time/temporal/TemporalAdjusters done
Event: 0.229 Loading class java/time/zone/ZoneOffsetTransitionRule$1
Event: 0.229 Loading class java/time/zone/ZoneOffsetTransitionRule$1 done
Event: 0.229 Loading class java/util/concurrent/TimeUnit$1
Event: 0.230 Loading class java/util/concurrent/TimeUnit$1 done
Event: 0.237 Loading class java/lang/NumberFormatException
Event: 0.237 Loading class java/lang/NumberFormatException done

Classes unloaded (0 events):
No events

Classes redefined (0 events):
No events

Internal exceptions (8 events):
Event: 0.047 Thread 0x000002314b8514f0 Exception <a 'java/lang/NoSuchMethodError'{0x0000000624b4d5c0}: 'int java.lang.invoke.DirectMethodHandle$Holder.invokeStaticInit(java.lang.Object, java.lang.Object, java.lang.Object, java.lang.Object)'> (0x0000000624b4d5c0) 
thrown [s\open\src\hotspot\share\interpreter\linkResolver.cpp, line 759]
Event: 0.048 Thread 0x000002314b8514f0 Exception <a 'java/lang/NoSuchMethodError'{0x0000000624b581f8}: 'java.lang.Object java.lang.invoke.DirectMethodHandle$Holder.invokeInterface(java.lang.Object, java.lang.Object)'> (0x0000000624b581f8) 
thrown [s\open\src\hotspot\share\interpreter\linkResolver.cpp, line 759]
Event: 0.048 Thread 0x000002314b8514f0 Exception <a 'java/lang/IncompatibleClassChangeError'{0x0000000624b5b7e0}: Found class java.lang.Object, but interface was expected> (0x0000000624b5b7e0) 
thrown [s\open\src\hotspot\share\interpreter\linkResolver.cpp, line 826]
Event: 0.048 Thread 0x000002314b8514f0 Exception <a 'java/lang/NoSuchMethodError'{0x0000000624b5ea30}: 'void java.lang.invoke.DirectMethodHandle$Holder.invokeStatic(java.lang.Object, java.lang.Object)'> (0x0000000624b5ea30) 
thrown [s\open\src\hotspot\share\interpreter\linkResolver.cpp, line 759]
Event: 0.048 Thread 0x000002314b8514f0 Exception <a 'java/lang/NoSuchMethodError'{0x0000000624b62098}: 'void java.lang.invoke.DirectMethodHandle$Holder.invokeStaticInit(java.lang.Object, java.lang.Object)'> (0x0000000624b62098) 
thrown [s\open\src\hotspot\share\interpreter\linkResolver.cpp, line 759]
Event: 0.049 Thread 0x000002314b8514f0 Exception <a 'java/lang/NoSuchMethodError'{0x0000000624b68890}: 'int java.lang.invoke.DirectMethodHandle$Holder.invokeStaticInit(java.lang.Object, java.lang.Object)'> (0x0000000624b68890) 
thrown [s\open\src\hotspot\share\interpreter\linkResolver.cpp, line 759]
Event: 0.228 Thread 0x000002314b8514f0 Exception <a 'java/lang/NoSuchMethodError'{0x0000000623fcc638}: 'java.lang.Object java.lang.invoke.DirectMethodHandle$Holder.invokeStatic(java.lang.Object, int, java.lang.Object)'> (0x0000000623fcc638) 
thrown [s\open\src\hotspot\share\interpreter\linkResolver.cpp, line 759]
Event: 0.420 Thread 0x000002314b8514f0 Exception <a 'java/lang/NoSuchMethodError'{0x00000006238b12d0}: 'java.lang.Object java.lang.invoke.DirectMethodHandle$Holder.newInvokeSpecial(java.lang.Object, java.lang.Object, int)'> (0x00000006238b12d0) 
thrown [s\open\src\hotspot\share\interpreter\linkResolver.cpp, line 759]

VM Operations (4 events):
Event: 0.034 Executing VM operation: HandshakeAllThreads
Event: 0.034 Executing VM operation: HandshakeAllThreads done
Event: 0.069 Executing VM operation: HandshakeAllThreads
Event: 0.069 Executing VM operation: HandshakeAllThreads done

Events (20 events):
Event: 0.167 Loaded shared library C:\Program Files\Java\jdk-18.0.2.1\bin\api-ms-win-core-file-l1-2-0.dll
Event: 0.171 Loaded shared library C:\Program Files\Java\jdk-18.0.2.1\bin\api-ms-win-core-profile-l1-1-0.dll
Event: 0.174 Loaded shared library C:\Program Files\Java\jdk-18.0.2.1\bin\api-ms-win-core-memory-l1-1-0.dll
Event: 0.178 Loaded shared library C:\Program Files\Java\jdk-18.0.2.1\bin\api-ms-win-core-util-l1-1-0.dll
Event: 0.178 Thread 0x000002317e1f05c0 Thread added: 0x000002317e1f05c0
Event: 0.181 Loaded shared library C:\Program Files\Java\jdk-18.0.2.1\bin\api-ms-win-core-interlocked-l1-1-0.dll
Event: 0.185 Loaded shared library C:\Program Files\Java\jdk-18.0.2.1\bin\ucrtbase.dll
Event: 0.189 Loaded shared library C:\Program Files\Java\jdk-18.0.2.1\bin\vcruntime140.dll
Event: 0.193 Loaded shared library C:\Program Files\Java\jdk-18.0.2.1\bin\vcruntime140_1.dll
Event: 0.197 Loaded shared library C:\Program Files\Java\jdk-18.0.2.1\bin\msvcp140.dll
Event: 0.201 Loaded shared library C:\Windows\System32\msvcp140_1.dll
Event: 0.205 Loaded shared library C:\Windows\System32\concrt140.dll
Event: 0.209 Loaded shared library C:\Windows\System32\vcomp140.dll
Event: 0.215 Loaded shared library C:\Windows\System32\winmm.dll
Event: 0.219 Loaded shared library C:\Windows\System32\opengl32.dll
Event: 0.220 Loaded shared library C:\Windows\System32\user32.dll
Event: 0.220 Loaded shared library C:\Windows\System32\shell32.dll
Event: 0.221 Loaded shared library C:\Windows\System32\gdi32.dll
Event: 0.232 Loaded shared library C:\Users\thesp\.javacpp\cache\jaylib-4.2.0-1.jar\com\raylib\windows-x86_64\jniRaylib.dll
Event: 0.238 Thread 0x000002317e2282e0 Thread added: 0x000002317e2282e0


Dynamic libraries:
0x00007ff724560000 - 0x00007ff724570000 	C:\Program Files\Java\jdk-18.0.2.1\bin\java.exe
0x00007ffd75c60000 - 0x00007ffd75e69000 	C:\windows\SYSTEM32\ntdll.dll
0x00007ffd74c00000 - 0x00007ffd74cbd000 	C:\windows\System32\KERNEL32.DLL
0x00007ffd733a0000 - 0x00007ffd7371c000 	C:\windows\System32\KERNELBASE.dll
0x00007ffd73890000 - 0x00007ffd739a1000 	C:\windows\System32\ucrtbase.dll
0x00007ffd4bfb0000 - 0x00007ffd4bfc8000 	C:\Program Files\Java\jdk-18.0.2.1\bin\jli.dll
0x00007ffd75a50000 - 0x00007ffd75afe000 	C:\windows\System32\ADVAPI32.dll
0x00007ffd3dac0000 - 0x00007ffd3dada000 	C:\Program Files\Java\jdk-18.0.2.1\bin\VCRUNTIME140.dll
0x00007ffd75080000 - 0x00007ffd75123000 	C:\windows\System32\msvcrt.dll
0x00007ffd75300000 - 0x00007ffd7539e000 	C:\windows\System32\sechost.dll
0x00007ffd75b00000 - 0x00007ffd75c20000 	C:\windows\System32\RPCRT4.dll
0x00007ffd74cf0000 - 0x00007ffd74e9d000 	C:\windows\System32\USER32.dll
0x00007ffd731e0000 - 0x00007ffd73206000 	C:\windows\System32\win32u.dll
0x00007ffd74210000 - 0x00007ffd74239000 	C:\windows\System32\GDI32.dll
0x00007ffd51600000 - 0x00007ffd518a5000 	C:\windows\WinSxS\amd64_microsoft.windows.common-controls_6595b64144ccf1df_6.0.22000.120_none_9d947278b86cc467\COMCTL32.dll
0x00007ffd73280000 - 0x00007ffd73399000 	C:\windows\System32\gdi32full.dll
0x00007ffd73140000 - 0x00007ffd731dd000 	C:\windows\System32\msvcp_win.dll
0x00007ffd6a850000 - 0x00007ffd6a85a000 	C:\windows\SYSTEM32\VERSION.dll
0x00007ffd759a0000 - 0x00007ffd759d1000 	C:\windows\System32\IMM32.DLL
0x00007ffd5d550000 - 0x00007ffd5d55c000 	C:\Program Files\Java\jdk-18.0.2.1\bin\vcruntime140_1.dll
0x00007ffd369a0000 - 0x00007ffd36a2d000 	C:\Program Files\Java\jdk-18.0.2.1\bin\msvcp140.dll
0x00007ffd16ab0000 - 0x00007ffd176c1000 	C:\Program Files\Java\jdk-18.0.2.1\bin\server\jvm.dll
0x00007ffd74200000 - 0x00007ffd74208000 	C:\windows\System32\PSAPI.DLL
0x00007ffd37780000 - 0x00007ffd37789000 	C:\windows\SYSTEM32\WSOCK32.dll
0x00007ffd6b160000 - 0x00007ffd6b193000 	C:\windows\SYSTEM32\WINMM.dll
0x00007ffd753a0000 - 0x00007ffd7540f000 	C:\windows\System32\WS2_32.dll
0x00007ffd72320000 - 0x00007ffd72338000 	C:\windows\SYSTEM32\kernel.appcore.dll
0x00007ffd37770000 - 0x00007ffd3777a000 	C:\Program Files\Java\jdk-18.0.2.1\bin\jimage.dll
0x00007ffd70c70000 - 0x00007ffd70e91000 	C:\windows\SYSTEM32\DBGHELP.DLL
0x00007ffd5d820000 - 0x00007ffd5d851000 	C:\windows\SYSTEM32\dbgcore.DLL
0x00007ffd73a70000 - 0x00007ffd73aef000 	C:\windows\System32\bcryptPrimitives.dll
0x00007ffd37730000 - 0x00007ffd37755000 	C:\Program Files\Java\jdk-18.0.2.1\bin\java.dll
0x00007ffd1bd10000 - 0x00007ffd1bde6000 	C:\Program Files\Java\jdk-18.0.2.1\bin\jsvml.dll
0x00007ffd74240000 - 0x00007ffd749f8000 	C:\windows\System32\SHELL32.dll
0x00007ffd712b0000 - 0x00007ffd71b18000 	C:\windows\SYSTEM32\windows.storage.dll
0x00007ffd73b70000 - 0x00007ffd73ee9000 	C:\windows\System32\combase.dll
0x00007ffd71140000 - 0x00007ffd712a6000 	C:\windows\SYSTEM32\wintypes.dll
0x00007ffd74ea0000 - 0x00007ffd74f8a000 	C:\windows\System32\SHCORE.dll
0x00007ffd73ef0000 - 0x00007ffd73f4d000 	C:\windows\System32\shlwapi.dll
0x00007ffd73070000 - 0x00007ffd73091000 	C:\windows\SYSTEM32\profapi.dll
0x00007ffd35ab0000 - 0x00007ffd35ac3000 	C:\Program Files\Java\jdk-18.0.2.1\bin\net.dll
0x00007ffd6c8e0000 - 0x00007ffd6c9ec000 	C:\windows\SYSTEM32\WINHTTP.dll
0x00007ffd72750000 - 0x00007ffd727b7000 	C:\windows\system32\mswsock.dll
0x00007ffd2e250000 - 0x00007ffd2e266000 	C:\Program Files\Java\jdk-18.0.2.1\bin\nio.dll
0x00007ffd36920000 - 0x00007ffd36938000 	C:\Program Files\Java\jdk-18.0.2.1\bin\zip.dll
0x000002314b770000 - 0x000002314b773000 	C:\Program Files\Java\jdk-18.0.2.1\bin\api-ms-win-crt-locale-l1-1-0.dll
0x000002314b780000 - 0x000002314b784000 	C:\Program Files\Java\jdk-18.0.2.1\bin\api-ms-win-crt-string-l1-1-0.dll
0x000002314b790000 - 0x000002314b794000 	C:\Program Files\Java\jdk-18.0.2.1\bin\api-ms-win-crt-stdio-l1-1-0.dll
0x000002314b7a0000 - 0x000002314b7a5000 	C:\Program Files\Java\jdk-18.0.2.1\bin\api-ms-win-crt-math-l1-1-0.dll
0x000002314b7b0000 - 0x000002314b7b3000 	C:\Program Files\Java\jdk-18.0.2.1\bin\api-ms-win-crt-heap-l1-1-0.dll
0x000002314b7c0000 - 0x000002314b7c4000 	C:\Program Files\Java\jdk-18.0.2.1\bin\api-ms-win-crt-runtime-l1-1-0.dll
0x000002314b7d0000 - 0x000002314b7d4000 	C:\Program Files\Java\jdk-18.0.2.1\bin\api-ms-win-crt-convert-l1-1-0.dll
0x000002314b7e0000 - 0x000002314b7e3000 	C:\Program Files\Java\jdk-18.0.2.1\bin\api-ms-win-crt-environment-l1-1-0.dll
0x000002314b7f0000 - 0x000002314b7f3000 	C:\Program Files\Java\jdk-18.0.2.1\bin\api-ms-win-crt-time-l1-1-0.dll
0x000002314b800000 - 0x000002314b803000 	C:\Program Files\Java\jdk-18.0.2.1\bin\api-ms-win-crt-filesystem-l1-1-0.dll
0x000002314b810000 - 0x000002314b813000 	C:\Program Files\Java\jdk-18.0.2.1\bin\api-ms-win-crt-utility-l1-1-0.dll
0x00000231793c0000 - 0x00000231793c5000 	C:\Program Files\Java\jdk-18.0.2.1\bin\api-ms-win-crt-multibyte-l1-1-0.dll
0x00000231793d0000 - 0x00000231793d3000 	C:\Program Files\Java\jdk-18.0.2.1\bin\api-ms-win-crt-conio-l1-1-0.dll
0x00000231793e0000 - 0x00000231793f0000 	C:\Program Files\Java\jdk-18.0.2.1\bin\api-ms-win-crt-private-l1-1-0.dll
0x00000231793f0000 - 0x00000231793f3000 	C:\Program Files\Java\jdk-18.0.2.1\bin\api-ms-win-crt-process-l1-1-0.dll
0x000002317e000000 - 0x000002317e003000 	C:\Program Files\Java\jdk-18.0.2.1\bin\api-ms-win-core-console-l1-2-0.dll
0x000002317e010000 - 0x000002317e013000 	C:\Program Files\Java\jdk-18.0.2.1\bin\api-ms-win-core-string-l1-1-0.dll
0x000002317e020000 - 0x000002317e023000 	C:\Program Files\Java\jdk-18.0.2.1\bin\api-ms-win-core-errorhandling-l1-1-0.dll
0x000002317e030000 - 0x000002317e033000 	C:\Program Files\Java\jdk-18.0.2.1\bin\api-ms-win-core-timezone-l1-1-0.dll
0x000002317e040000 - 0x000002317e044000 	C:\Program Files\Java\jdk-18.0.2.1\bin\api-ms-win-core-file-l1-1-0.dll
0x000002317e050000 - 0x000002317e053000 	C:\Program Files\Java\jdk-18.0.2.1\bin\api-ms-win-core-namedpipe-l1-1-0.dll
0x000002317e060000 - 0x000002317e063000 	C:\Program Files\Java\jdk-18.0.2.1\bin\api-ms-win-core-handle-l1-1-0.dll
0x000002317e070000 - 0x000002317e073000 	C:\Program Files\Java\jdk-18.0.2.1\bin\api-ms-win-core-file-l2-1-0.dll
0x000002317e080000 - 0x000002317e083000 	C:\Program Files\Java\jdk-18.0.2.1\bin\api-ms-win-core-heap-l1-1-0.dll
0x000002317e090000 - 0x000002317e093000 	C:\Program Files\Java\jdk-18.0.2.1\bin\api-ms-win-core-libraryloader-l1-1-0.dll
0x000002317e0a0000 - 0x000002317e0a3000 	C:\Program Files\Java\jdk-18.0.2.1\bin\api-ms-win-core-synch-l1-1-0.dll
0x000002317e0b0000 - 0x000002317e0b3000 	C:\Program Files\Java\jdk-18.0.2.1\bin\api-ms-win-core-processthreads-l1-1-0.dll
0x000002317e0c0000 - 0x000002317e0c3000 	C:\Program Files\Java\jdk-18.0.2.1\bin\api-ms-win-core-processenvironment-l1-1-0.dll
0x000002317e0d0000 - 0x000002317e0d3000 	C:\Program Files\Java\jdk-18.0.2.1\bin\api-ms-win-core-datetime-l1-1-0.dll
0x000002317e0e0000 - 0x000002317e0e3000 	C:\Program Files\Java\jdk-18.0.2.1\bin\api-ms-win-core-localization-l1-2-0.dll
0x000002317e0f0000 - 0x000002317e0f3000 	C:\Program Files\Java\jdk-18.0.2.1\bin\api-ms-win-core-sysinfo-l1-1-0.dll
0x000002317e100000 - 0x000002317e103000 	C:\Program Files\Java\jdk-18.0.2.1\bin\api-ms-win-core-synch-l1-2-0.dll
0x000002317e110000 - 0x000002317e113000 	C:\Program Files\Java\jdk-18.0.2.1\bin\api-ms-win-core-console-l1-1-0.dll
0x000002317e120000 - 0x000002317e123000 	C:\Program Files\Java\jdk-18.0.2.1\bin\api-ms-win-core-debug-l1-1-0.dll
0x000002317f100000 - 0x000002317f103000 	C:\Program Files\Java\jdk-18.0.2.1\bin\api-ms-win-core-rtlsupport-l1-1-0.dll
0x000002317f110000 - 0x000002317f113000 	C:\Program Files\Java\jdk-18.0.2.1\bin\api-ms-win-core-processthreads-l1-1-1.dll
0x000002317f120000 - 0x000002317f123000 	C:\Program Files\Java\jdk-18.0.2.1\bin\api-ms-win-core-file-l1-2-0.dll
0x000002317f130000 - 0x000002317f133000 	C:\Program Files\Java\jdk-18.0.2.1\bin\api-ms-win-core-profile-l1-1-0.dll
0x000002317f140000 - 0x000002317f143000 	C:\Program Files\Java\jdk-18.0.2.1\bin\api-ms-win-core-memory-l1-1-0.dll
0x000002317f150000 - 0x000002317f153000 	C:\Program Files\Java\jdk-18.0.2.1\bin\api-ms-win-core-util-l1-1-0.dll
0x000002317f160000 - 0x000002317f163000 	C:\Program Files\Java\jdk-18.0.2.1\bin\api-ms-win-core-interlocked-l1-1-0.dll
0x00007ffd25940000 - 0x00007ffd25a3a000 	C:\Program Files\Java\jdk-18.0.2.1\bin\ucrtbase.dll
0x00007ffd57f60000 - 0x00007ffd57f69000 	C:\Windows\System32\msvcp140_1.dll
0x00007ffd3e960000 - 0x00007ffd3e9ae000 	C:\Windows\System32\concrt140.dll
0x00007ffd42540000 - 0x00007ffd42571000 	C:\Windows\System32\vcomp140.dll
0x00007ffd19d20000 - 0x00007ffd19e21000 	C:\Windows\System32\opengl32.dll
0x00007ffd412a0000 - 0x00007ffd412cd000 	C:\windows\SYSTEM32\GLU32.dll
0x00007ffd70690000 - 0x00007ffd706c8000 	C:\windows\SYSTEM32\dxcore.dll
0x00007ffd19ae0000 - 0x00007ffd19d12000 	C:\Users\thesp\.javacpp\cache\jaylib-4.2.0-1.jar\com\raylib\windows-x86_64\jniRaylib.dll
0x00007ffd6da10000 - 0x00007ffd6dabc000 	C:\windows\system32\uxtheme.dll
0x00007ffd427e0000 - 0x00007ffd42825000 	C:\windows\SYSTEM32\dinput8.dll
0x00007ffd43240000 - 0x00007ffd43251000 	C:\windows\SYSTEM32\xinput1_4.dll
0x00007ffd72e40000 - 0x00007ffd72e8c000 	C:\windows\SYSTEM32\cfgmgr32.dll
0x00007ffd72e10000 - 0x00007ffd72e3c000 	C:\windows\SYSTEM32\DEVOBJ.dll
0x00007ffd70710000 - 0x00007ffd7073f000 	C:\windows\SYSTEM32\dwmapi.dll
0x00007ffd439d0000 - 0x00007ffd43b99000 	C:\windows\SYSTEM32\inputhost.dll
0x00007ffd6d3a0000 - 0x00007ffd6d4d2000 	C:\windows\SYSTEM32\CoreMessaging.dll
0x00007ffd74ae0000 - 0x00007ffd74bfe000 	C:\windows\System32\MSCTF.dll
0x00007ffd729b0000 - 0x00007ffd729bc000 	C:\windows\SYSTEM32\CRYPTBASE.DLL
0x00007ffd71b20000 - 0x00007ffd71b2e000 	C:\windows\SYSTEM32\HID.DLL
0x00007ffd754d0000 - 0x00007ffd7593c000 	C:\windows\System32\SETUPAPI.DLL
0x00007ffd73210000 - 0x00007ffd73278000 	C:\windows\System32\WINTRUST.dll
0x00007ffd73720000 - 0x00007ffd73882000 	C:\windows\System32\CRYPT32.dll
0x00007ffd729f0000 - 0x00007ffd72a02000 	C:\windows\SYSTEM32\MSASN1.dll
0x00007ffd6b390000 - 0x00007ffd6b3d4000 	C:\windows\SYSTEM32\directxdatabasehelper.dll
0x00007ffd70820000 - 0x00007ffd70854000 	C:\windows\SYSTEM32\ntmarta.dll
0x00007ffd75410000 - 0x00007ffd754bf000 	C:\windows\System32\clbcatq.dll
0x00007ffcbd930000 - 0x00007ffcbe923000 	C:\windows\System32\DriverStore\FileRepository\iigd_dch.inf_amd64_0dd2d545659c5aba\igxelpicd64.dll
0x00007ffd74000000 - 0x00007ffd7419a000 	C:\windows\System32\ole32.dll
0x00007ffd6db80000 - 0x00007ffd6dc73000 	C:\windows\system32\dxgi.dll
0x00007ffd0b5e0000 - 0x00007ffd0ba33000 	C:\windows\System32\DriverStore\FileRepository\iigd_dch.inf_amd64_0dd2d545659c5aba\igdml64.dll
0x00007ffd60f30000 - 0x00007ffd612f7000 	C:\windows\System32\DriverStore\FileRepository\iigd_dch.inf_amd64_0dd2d545659c5aba\igdgmm64.dll
0x00007ffd58c20000 - 0x00007ffd5c231000 	C:\windows\System32\DriverStore\FileRepository\iigd_dch.inf_amd64_0dd2d545659c5aba\igc64.dll
0x00007ffd71b30000 - 0x00007ffd71b7d000 	C:\windows\SYSTEM32\powrprof.dll
0x00007ffd71c20000 - 0x00007ffd71c33000 	C:\windows\SYSTEM32\UMPDC.dll
0x00007ffd52800000 - 0x00007ffd5292d000 	C:\windows\SYSTEM32\textinputframework.dll
0x00007ffd74a00000 - 0x00007ffd74ad6000 	C:\windows\System32\OLEAUT32.dll
0x00007ffd68a60000 - 0x00007ffd68dcd000 	C:\windows\SYSTEM32\CoreUIComponents.dll
0x00007ffd6ba30000 - 0x00007ffd6bae8000 	C:\windows\SYSTEM32\mscms.dll
0x00007ffd72b20000 - 0x00007ffd72b47000 	C:\windows\SYSTEM32\bcrypt.dll
0x00007ffd698b0000 - 0x00007ffd698f4000 	C:\windows\SYSTEM32\icm32.dll

dbghelp: loaded successfully - version: 4.0.5 - missing functions: none
symbol engine: initialized successfully - sym options: 0x614 - pdb path: .;C:\Program Files\Java\jdk-18.0.2.1\bin;C:\windows\SYSTEM32;C:\windows\WinSxS\amd64_microsoft.windows.common-controls_6595b64144ccf1df_6.0.22000.120_none_9d947278b86cc467;C:\Program Files\Java\jdk-18.0.2.1\bin\server;C:\Users\thesp\.javacpp\cache\jaylib-4.2.0-1.jar\com\raylib\windows-x86_64;C:\windows\System32\DriverStore\FileRepository\iigd_dch.inf_amd64_0dd2d545659c5aba

VM Arguments:
jvm_args: -XX:+ShowCodeDetailsInExceptionMessages 
java_command: App
java_class_path (initial): C:\Users\nycas\Documents\D\java\the rain\bin;c:\Users\nycas\Documents\D\java\the rain\lib\jaylib-4.2.0-1.jar;c:\Users\nycas\Documents\D\java\the rain\lib\jaylib-4.2.0-1-javadoc.jar
Launcher Type: SUN_STANDARD

[Global flags]
     intx CICompilerCount                          = 12                                        {product} {ergonomic}
     uint ConcGCThreads                            = 5                                         {product} {ergonomic}
     uint G1ConcRefinementThreads                  = 18                                        {product} {ergonomic}
   size_t G1HeapRegionSize                         = 4194304                                   {product} {ergonomic}
    uintx GCDrainStackTargetSize                   = 64                                        {product} {ergonomic}
   size_t InitialHeapSize                          = 532676608                                 {product} {ergonomic}
   size_t MarkStackSize                            = 4194304                                   {product} {ergonomic}
   size_t MaxHeapSize                              = 8506048512                                {product} {ergonomic}
   size_t MaxNewSize                               = 5100273664                                {product} {ergonomic}
   size_t MinHeapDeltaBytes                        = 4194304                                   {product} {ergonomic}
   size_t MinHeapSize                              = 8388608                                   {product} {ergonomic}
    uintx NonNMethodCodeHeapSize                   = 7602480                                {pd product} {ergonomic}
    uintx NonProfiledCodeHeapSize                  = 122027880                              {pd product} {ergonomic}
    uintx ProfiledCodeHeapSize                     = 122027880                              {pd product} {ergonomic}
    uintx ReservedCodeCacheSize                    = 251658240                              {pd product} {ergonomic}
     bool SegmentedCodeCache                       = true                                      {product} {ergonomic}
     bool ShowCodeDetailsInExceptionMessages       = true                                   {manageable} {command line}
   size_t SoftMaxHeapSize                          = 8506048512                             {manageable} {ergonomic}
     bool UseCompressedClassPointers               = true                           {product lp64_product} {ergonomic}
     bool UseCompressedOops                        = true                           {product lp64_product} {ergonomic}
     bool UseG1GC                                  = true                                      {product} {ergonomic}
     bool UseLargePagesIndividualAllocation        = false                                  {pd product} {ergonomic}

Logging:
Log output configuration:
 #0: stdout all=warning uptime,level,tags foldmultilines=false
 #1: stderr all=off uptime,level,tags foldmultilines=false

Environment Variables:
PATH=C:\Program Files\Common Files\Oracle\Java\javapath;C:\Program Files (x86)\Common Files\Oracle\Java\javapath;C:\Program Files\Eclipse Adoptium\jdk-17.0.4.101-hotspot\bin;C:\windows\system32;C:\windows;C:\windows\System32\Wbem;C:\windows\System32\WindowsPowerShell\v1.0\;C:\windows\System32\OpenSSH\;C:\Program Files (x86)\NVIDIA Corporation\PhysX\Common;C:\Program Files\NVIDIA Corporation\NVIDIA NvDLISR;C:\Program Files\Git\cmd;C:\Users\thesp\AppData\Local\Microsoft\WindowsApps;C:\Users\thesp\AppData\Local\Programs\Microsoft VS Code\bin;C:\Users\thesp\AppData\Local\Gource\cmd
USERNAME=thesp
LANG=en_US.UTF-8
OS=Windows_NT
PROCESSOR_IDENTIFIER=Intel64 Family 6 Model 151 Stepping 2, GenuineIntel



---------------  S Y S T E M  ---------------

OS:
 Windows 11 , 64 bit Build 22000 (10.0.22000.708)
OS uptime: 1 days 1:26 hours

CPU: total 24 (initial active 24) (12 cores per cpu, 2 threads per core) family 6 model 151 stepping 2 microcode 0x1e, cx8, cmov, fxsr, ht, mmx, 3dnowpref, sse, sse2, sse3, ssse3, sse4.1, sse4.2, popcnt, lzcnt, tsc, tscinvbit, avx, avx2, aes, erms, clmul, bmi1, bmi2, adx, sha, fma, vzeroupper, clflush, clflushopt, clwb, serialize

Memory: 4k page, system-wide physical 32436M (20326M free)
TotalPageFile size 37300M (AvailPageFile size 21881M)
current process WorkingSet (physical memory assigned to process): 190M, peak: 190M
current process commit charge ("private bytes"): 740M, peak: 740M

vm_info: Java HotSpot(TM) 64-Bit Server VM (18.0.2.1+1-1) for windows-amd64 JRE (18.0.2.1+1-1), built on Aug 16 2022 01:46:33 by "mach5one" with MS VC++ 16.8 / 16.9 (VS2019)

END.
