#
# A fatal error has been detected by the Java Runtime Environment:
#
#  EXCEPTION_ACCESS_VIOLATION (0xc0000005) at pc=0x00007ffd2d92366c, pid=20292, tid=24596
#
# JRE version: Java(TM) SE Runtime Environment (18.0.2.1+1) (build 18.0.2.1+1-1)
# Java VM: Java HotSpot(TM) 64-Bit Server VM (18.0.2.1+1-1, mixed mode, sharing, tiered, compressed oops, compressed class ptrs, g1 gc, windows-amd64)
# Problematic frame:
# C  [igxelpicd64.dll+0x13366c]
#
# No core dump will be written. Minidumps are not enabled by default on client versions of Windows
#
# If you would like to submit a bug report, please visit:
#   https://bugreport.java.com/bugreport/crash.jsp
#

---------------  S U M M A R Y ------------

Command Line: -XX:+ShowCodeDetailsInExceptionMessages App

Host: 12th Gen Intel(R) Core(TM) i7-12800HX, 24 cores, 31G,  Windows 11 , 64 bit Build 22000 (10.0.22000.708)
Time: Wed Oct  5 14:33:34 2022 Pacific Daylight Time elapsed time: 0.476223 seconds (0d 0h 0m 0s)

---------------  T H R E A D  ---------------

Current thread (0x00000160ffdf8f20):  VMThread "VM Thread" [stack: 0x00000050b0b00000,0x00000050b0c00000] [id=24596]

Stack: [0x00000050b0b00000,0x00000050b0c00000],  sp=0x00000050b0bfe340,  free space=1016k
Native frames: (J=compiled Java code, j=interpreted, Vv=VM code, C=native code)
C  [igxelpicd64.dll+0x13366c]


siginfo: EXCEPTION_ACCESS_VIOLATION (0xc0000005), reading address 0x00000000000356f8


Register to memory mapping:

RIP=0x00007ffd2d92366c igxelpicd64.dll
RAX=0x000001609a0656b0 points into unknown readable memory: 0x00000000000000e7 | e7 00 00 00 00 00 00 00
RBX=0x000001609a065560 points into unknown readable memory: 0x00000160998276b0 | b0 76 82 99 60 01 00 00
RCX=0x0 is NULL
RDX=0x0000000000000001 is an unknown value
RSP=0x00000050b0bfe340 points into unknown readable memory: 0x000001609b047b80 | 80 7b 04 9b 60 01 00 00
RBP=0x0 is NULL
RSI=0x000001609a065b30 points into unknown readable memory: 0x000001609a0606a0 | a0 06 06 9a 60 01 00 00
RDI=0x000001609b6f6340 points into unknown readable memory: 0x000001609bad5500 | 00 55 ad 9b 60 01 00 00
R8 =0x0000000000000014 is an unknown value
R9 =0x0 is NULL
R10=0x0 is NULL
R11=0x0 is NULL
R12=0x0 is NULL
R13=0x000001609a0606a0 points into unknown readable memory: 0x00000160998276b0 | b0 76 82 99 60 01 00 00
R14=0x0 is NULL
R15=0x0000000000000016 is an unknown value


Registers:
RAX=0x000001609a0656b0, RBX=0x000001609a065560, RCX=0x0000000000000000, RDX=0x0000000000000001
RSP=0x00000050b0bfe340, RBP=0x0000000000000000, RSI=0x000001609a065b30, RDI=0x000001609b6f6340
R8 =0x0000000000000014, R9 =0x0000000000000000, R10=0x0000000000000000, R11=0x0000000000000000
R12=0x0000000000000000, R13=0x000001609a0606a0, R14=0x0000000000000000, R15=0x0000000000000016
RIP=0x00007ffd2d92366c, EFLAGS=0x0000000000010202

Top of Stack: (sp=0x00000050b0bfe340)
0x00000050b0bfe340:   000001609b047b80 0000000000000000
0x00000050b0bfe350:   4aa1006186a0025b 00007ffddd8e7ad4
0x00000050b0bfe360:   2ea2000605a2012a 84a301e444a3011e
0x00000050b0bfe370:   e7a300e2c4a30182 aea4000258a40115
0x00000050b0bfe380:   000001609bd31eb8 00000000000000e8
0x00000050b0bfe390:   0000000000000000 000000000000000f
0x00000050b0bfe3a0:   0000000000000000 0000000000000000
0x00000050b0bfe3b0:   00000050b0bfe4c0 00007ffd2da9bc3c
0x00000050b0bfe3c0:   000001609b047b80 000001609b6f6340
0x00000050b0bfe3d0:   d3ac01e702ac0200 2dad01e220ad0100
0x00000050b0bfe3e0:   0000005000004284 0000740419620000
0x00000050b0bfe3f0:   0000000000000000 08af01a906af01d4
0x00000050b0bfe400:   36b0012ff4af0165 bcb101dd77b001cb
0x00000050b0bfe410:   1db201caf6b1015b 25b30121aab20242
0x00000050b0bfe420:   92b301a55db3018e 00007ffd2da919a0
0x00000050b0bfe430:   0fb701671bb501c5 02b80238fdb70236 

Instructions: (pc=0x00007ffd2d92366c)
0x00007ffd2d92356c:   ec 40 45 8a e1 48 8b fa 48 8b e9 48 8b 1d 42 08
0x00007ffd2d92357c:   e0 00 48 89 58 08 48 8b cb ff 15 85 5b 9a 00 90
0x00007ffd2d92358c:   4c 8b af 78 02 00 00 48 8b 05 c6 e4 cf 00 44 8b
0x00007ffd2d92359c:   b8 40 0b 00 00 45 33 db 45 8a f3 4c 89 9f 78 02
0x00007ffd2d9235ac:   00 00 44 89 9f 80 02 00 00 4c 89 9f 98 02 00 00
0x00007ffd2d9235bc:   4c 89 9f 88 02 00 00 48 85 ed 75 38 8b 35 4a e2
0x00007ffd2d9235cc:   df 00 65 48 8b 04 25 58 00 00 00 b9 14 00 00 00
0x00007ffd2d9235dc:   48 8b 04 f0 44 38 1c 01 0f 84 8d da 86 00 65 48
0x00007ffd2d9235ec:   8b 04 25 58 00 00 00 bd 20 00 00 00 48 8b 04 f0
0x00007ffd2d9235fc:   48 8b 2c 28 48 3b 2d 39 07 e0 00 45 0f 44 fb 4d
0x00007ffd2d92360c:   85 ed 0f 84 21 01 00 00 44 8a a4 24 90 00 00 00
0x00007ffd2d92361c:   49 8b dd 49 8d b5 d0 05 00 00 4c 8b 2e 45 84 e4
0x00007ffd2d92362c:   0f 85 2a 03 00 00 8b 97 c8 01 00 00 48 8b 05 21
0x00007ffd2d92363c:   e4 cf 00 83 b8 78 03 00 00 02 75 31 83 fa 10 0f
0x00007ffd2d92364c:   83 20 01 00 00 48 8d 04 d5 21 00 00 00 48 03 c2
0x00007ffd2d92365c:   48 8d 04 c3 48 85 c0 0f 85 ff 00 00 00 49 8b cb
0x00007ffd2d92366c:   48 3b 8d f8 56 03 00 0f 87 f3 02 00 00 4c 39 9b
0x00007ffd2d92367c:   48 06 00 00 0f 85 31 da 86 00 44 8b 97 c8 01 00
0x00007ffd2d92368c:   00 48 8b 87 e0 01 00 00 4c 8b 08 8b 97 c8 01 00
0x00007ffd2d92369c:   00 83 fa 10 0f 83 03 01 00 00 48 8d 04 d5 21 00
0x00007ffd2d9236ac:   00 00 48 03 c2 48 8d 04 c3 48 85 c0 0f 85 e2 00
0x00007ffd2d9236bc:   00 00 49 8b cb 49 3b c9 0f 86 0e 01 00 00 48 8b
0x00007ffd2d9236cc:   87 78 02 00 00 48 89 06 48 89 9f 78 02 00 00 ff
0x00007ffd2d9236dc:   87 80 02 00 00 48 8b 43 08 48 8b 88 18 01 00 00
0x00007ffd2d9236ec:   48 81 e1 00 00 ff ff 48 81 c1 00 00 01 00 48 01
0x00007ffd2d9236fc:   8f 88 02 00 00 48 8b 43 08 48 8b 88 18 01 00 00
0x00007ffd2d92370c:   48 01 8f 98 02 00 00 4d 85 ed 0f 85 00 ff ff ff
0x00007ffd2d92371c:   45 84 f6 44 8a a4 24 98 00 00 00 0f 85 82 03 00
0x00007ffd2d92372c:   00 48 8b 9c 24 80 00 00 00 48 8b cf 45 84 e4 0f
0x00007ffd2d92373c:   85 8a 03 00 00 e8 fa f9 ff ff 90 48 8b cb 48 8b
0x00007ffd2d92374c:   9c 24 88 00 00 00 48 83 c4 40 41 5f 41 5e 41 5d
0x00007ffd2d92375c:   41 5c 5f 5e 5d 48 ff 25 b0 59 9a 00 48 8b 48 08 


Stack slot to memory mapping:
stack at sp + 0 slots: 0x000001609b047b80 points into unknown readable memory: 0xffffffffffffffff | ff ff ff ff ff ff ff ff
stack at sp + 1 slots: 0x0 is NULL
stack at sp + 2 slots: 0x4aa1006186a0025b is an unknown value
stack at sp + 3 slots: 0x00007ffddd8e7ad4 ntdll.dll
stack at sp + 4 slots: 0x2ea2000605a2012a is an unknown value
stack at sp + 5 slots: 0x84a301e444a3011e is an unknown value
stack at sp + 6 slots: 0xe7a300e2c4a30182 is an unknown value
stack at sp + 7 slots: 0xaea4000258a40115 is an unknown value

VM_Operation (0x00000050b05ff040): Exit, mode: safepoint, requested by thread 0x00000160e549dfa0


---------------  P R O C E S S  ---------------

Threads class SMR info:
_java_thread_list=0x000001609a41bc40, length=16, elements={
0x00000160e549dfa0, 0x00000160fffbb350, 0x00000160fffbbcf0, 0x00000160994169f0,
0x00000160994193a0, 0x000001609941bd50, 0x000001609941cc10, 0x000001609942af30,
0x000001609944fd40, 0x0000016099450630, 0x000001609957a690, 0x000001609957cba0,
0x000001609957d0a0, 0x000001609941c740, 0x000001609941df50, 0x000001609941e420
}

Java Threads: ( => current thread )
  0x00000160e549dfa0 JavaThread "main" [_thread_blocked, id=13324, stack(0x00000050b0500000,0x00000050b0600000)]
  0x00000160fffbb350 JavaThread "Reference Handler" daemon [_thread_blocked, id=23996, stack(0x00000050b0c00000,0x00000050b0d00000)]
  0x00000160fffbbcf0 JavaThread "Finalizer" daemon [_thread_blocked, id=20352, stack(0x00000050b0d00000,0x00000050b0e00000)]
  0x00000160994169f0 JavaThread "Signal Dispatcher" daemon [_thread_blocked, id=22452, stack(0x00000050b0e00000,0x00000050b0f00000)]
  0x00000160994193a0 JavaThread "Attach Listener" daemon [_thread_blocked, id=12504, stack(0x00000050b0f00000,0x00000050b1000000)]
  0x000001609941bd50 JavaThread "Service Thread" daemon [_thread_blocked, id=23540, stack(0x00000050b1000000,0x00000050b1100000)]
  0x000001609941cc10 JavaThread "Monitor Deflation Thread" daemon [_thread_blocked, id=15016, stack(0x00000050b1100000,0x00000050b1200000)]
  0x000001609942af30 JavaThread "C2 CompilerThread0" daemon [_thread_blocked, id=12000, stack(0x00000050b1200000,0x00000050b1300000)]
  0x000001609944fd40 JavaThread "C1 CompilerThread0" daemon [_thread_blocked, id=16108, stack(0x00000050b1300000,0x00000050b1400000)]
  0x0000016099450630 JavaThread "Sweeper thread" daemon [_thread_blocked, id=17004, stack(0x00000050b1400000,0x00000050b1500000)]
  0x000001609957a690 JavaThread "C1 CompilerThread1" daemon [_thread_blocked, id=23340, stack(0x00000050b1500000,0x00000050b1600000)]
  0x000001609957cba0 JavaThread "C1 CompilerThread2" daemon [_thread_blocked, id=4712, stack(0x00000050b1600000,0x00000050b1700000)]
  0x000001609957d0a0 JavaThread "C1 CompilerThread3" daemon [_thread_blocked, id=23328, stack(0x00000050b1700000,0x00000050b1800000)]
  0x000001609941c740 JavaThread "Notification Thread" daemon [_thread_blocked, id=22896, stack(0x00000050b1800000,0x00000050b1900000)]
  0x000001609941df50 JavaThread "Common-Cleaner" daemon [_thread_blocked, id=23696, stack(0x00000050b1a00000,0x00000050b1b00000)]
  0x000001609941e420 JavaThread "JavaCPP Deallocator" daemon [_thread_blocked, id=24220, stack(0x00000050b1f00000,0x00000050b2000000)]

Other Threads:
=>0x00000160ffdf8f20 VMThread "VM Thread" [stack: 0x00000050b0b00000,0x00000050b0c00000] [id=24596]
  0x00000160e5736320 WorkerThread "GC Thread#0" [stack: 0x00000050b0600000,0x00000050b0700000] [id=22020]
  0x00000160e57471d0 ConcurrentGCThread "G1 Main Marker" terminated
  0x00000160e5748bd0 WorkerThread "G1 Conc#0" [stack: 0x00000050b0800000,0x00000050b0900000] [id=24204]
  0x00000160e56a2a50 ConcurrentGCThread "G1 Refine#0" terminated
  0x00000160ffe76770 ConcurrentGCThread "G1 Service" terminated

Threads with active compile tasks:

VM state: at safepoint (shutting down)

VM Mutex/Monitor currently owned by a thread:  ([mutex/lock_event])
[0x00000160e549b6e0] Threads_lock - owner thread: 0x00000160ffdf8f20
[0x00000160e549b770] Heap_lock - owner thread: 0x00000160e549dfa0

Heap address: 0x0000000605000000, size: 8112 MB, Compressed Oops mode: Zero based, Oop shift amount: 3

CDS archive(s) mapped at: [0x0000000800000000-0x0000000800ba0000-0x0000000800ba0000), size 12189696, SharedBaseAddress: 0x0000000800000000, ArchiveRelocationMode: 0.
Compressed class space mapped at: 0x0000000800c00000-0x0000000840c00000, reserved size: 1073741824
Narrow klass base: 0x0000000800000000, Narrow klass shift: 0, Narrow klass range: 0x100000000

GC Precious Log:
 CardTable entry size: 512
 Card Set container configuration: InlinePtr #cards 4 size 8 Array Of Cards #cards 32 size 80 Howl #buckets 8 coarsen threshold 7372 Howl Bitmap #cards 1024 size 144 coarsen threshold 921 Card regions per heap region 1 cards per card region 8192
 CPUs: 24 total, 24 available
 Memory: 32436M
 Large Page Support: Disabled
 NUMA Support: Disabled
 Compressed Oops: Enabled (Zero based)
 Heap Region Size: 4M
 Heap Min Capacity: 8M
 Heap Initial Capacity: 508M
 Heap Max Capacity: 8112M
 Pre-touch: Disabled
 Parallel Workers: 18
 Concurrent Workers: 5
 Concurrent Refinement Workers: 18
 Periodic GC: Disabled

Heap:
 garbage-first heap   total 520192K, used 16384K [0x0000000605000000, 0x0000000800000000)
  region size 4096K, 5 young (20480K), 0 survivors (0K)
 Metaspace       used 2039K, committed 2176K, reserved 1114112K
  class space    used 177K, committed 256K, reserved 1048576K

Heap Regions: E=young(eden), S=young(survivor), O=old, HS=humongous(starts), HC=humongous(continues), CS=collection set, F=free, OA=open archive, CA=closed archive, TAMS=top-at-mark-start (previous, next)
|   0|0x0000000605000000, 0x0000000605000000, 0x0000000605400000|  0%| F|  |TAMS 0x0000000605000000, 0x0000000605000000| Untracked 
|   1|0x0000000605400000, 0x0000000605400000, 0x0000000605800000|  0%| F|  |TAMS 0x0000000605400000, 0x0000000605400000| Untracked 
|   2|0x0000000605800000, 0x0000000605800000, 0x0000000605c00000|  0%| F|  |TAMS 0x0000000605800000, 0x0000000605800000| Untracked 
|   3|0x0000000605c00000, 0x0000000605c00000, 0x0000000606000000|  0%| F|  |TAMS 0x0000000605c00000, 0x0000000605c00000| Untracked 
|   4|0x0000000606000000, 0x0000000606000000, 0x0000000606400000|  0%| F|  |TAMS 0x0000000606000000, 0x0000000606000000| Untracked 
|   5|0x0000000606400000, 0x0000000606400000, 0x0000000606800000|  0%| F|  |TAMS 0x0000000606400000, 0x0000000606400000| Untracked 
|   6|0x0000000606800000, 0x0000000606800000, 0x0000000606c00000|  0%| F|  |TAMS 0x0000000606800000, 0x0000000606800000| Untracked 
|   7|0x0000000606c00000, 0x0000000606c00000, 0x0000000607000000|  0%| F|  |TAMS 0x0000000606c00000, 0x0000000606c00000| Untracked 
|   8|0x0000000607000000, 0x0000000607000000, 0x0000000607400000|  0%| F|  |TAMS 0x0000000607000000, 0x0000000607000000| Untracked 
|   9|0x0000000607400000, 0x0000000607400000, 0x0000000607800000|  0%| F|  |TAMS 0x0000000607400000, 0x0000000607400000| Untracked 
|  10|0x0000000607800000, 0x0000000607800000, 0x0000000607c00000|  0%| F|  |TAMS 0x0000000607800000, 0x0000000607800000| Untracked 
|  11|0x0000000607c00000, 0x0000000607c00000, 0x0000000608000000|  0%| F|  |TAMS 0x0000000607c00000, 0x0000000607c00000| Untracked 
|  12|0x0000000608000000, 0x0000000608000000, 0x0000000608400000|  0%| F|  |TAMS 0x0000000608000000, 0x0000000608000000| Untracked 
|  13|0x0000000608400000, 0x0000000608400000, 0x0000000608800000|  0%| F|  |TAMS 0x0000000608400000, 0x0000000608400000| Untracked 
|  14|0x0000000608800000, 0x0000000608800000, 0x0000000608c00000|  0%| F|  |TAMS 0x0000000608800000, 0x0000000608800000| Untracked 
|  15|0x0000000608c00000, 0x0000000608c00000, 0x0000000609000000|  0%| F|  |TAMS 0x0000000608c00000, 0x0000000608c00000| Untracked 
|  16|0x0000000609000000, 0x0000000609000000, 0x0000000609400000|  0%| F|  |TAMS 0x0000000609000000, 0x0000000609000000| Untracked 
|  17|0x0000000609400000, 0x0000000609400000, 0x0000000609800000|  0%| F|  |TAMS 0x0000000609400000, 0x0000000609400000| Untracked 
|  18|0x0000000609800000, 0x0000000609800000, 0x0000000609c00000|  0%| F|  |TAMS 0x0000000609800000, 0x0000000609800000| Untracked 
|  19|0x0000000609c00000, 0x0000000609c00000, 0x000000060a000000|  0%| F|  |TAMS 0x0000000609c00000, 0x0000000609c00000| Untracked 
|  20|0x000000060a000000, 0x000000060a000000, 0x000000060a400000|  0%| F|  |TAMS 0x000000060a000000, 0x000000060a000000| Untracked 
|  21|0x000000060a400000, 0x000000060a400000, 0x000000060a800000|  0%| F|  |TAMS 0x000000060a400000, 0x000000060a400000| Untracked 
|  22|0x000000060a800000, 0x000000060a800000, 0x000000060ac00000|  0%| F|  |TAMS 0x000000060a800000, 0x000000060a800000| Untracked 
|  23|0x000000060ac00000, 0x000000060ac00000, 0x000000060b000000|  0%| F|  |TAMS 0x000000060ac00000, 0x000000060ac00000| Untracked 
|  24|0x000000060b000000, 0x000000060b000000, 0x000000060b400000|  0%| F|  |TAMS 0x000000060b000000, 0x000000060b000000| Untracked 
|  25|0x000000060b400000, 0x000000060b400000, 0x000000060b800000|  0%| F|  |TAMS 0x000000060b400000, 0x000000060b400000| Untracked 
|  26|0x000000060b800000, 0x000000060b800000, 0x000000060bc00000|  0%| F|  |TAMS 0x000000060b800000, 0x000000060b800000| Untracked 
|  27|0x000000060bc00000, 0x000000060bc00000, 0x000000060c000000|  0%| F|  |TAMS 0x000000060bc00000, 0x000000060bc00000| Untracked 
|  28|0x000000060c000000, 0x000000060c000000, 0x000000060c400000|  0%| F|  |TAMS 0x000000060c000000, 0x000000060c000000| Untracked 
|  29|0x000000060c400000, 0x000000060c400000, 0x000000060c800000|  0%| F|  |TAMS 0x000000060c400000, 0x000000060c400000| Untracked 
|  30|0x000000060c800000, 0x000000060c800000, 0x000000060cc00000|  0%| F|  |TAMS 0x000000060c800000, 0x000000060c800000| Untracked 
|  31|0x000000060cc00000, 0x000000060cc00000, 0x000000060d000000|  0%| F|  |TAMS 0x000000060cc00000, 0x000000060cc00000| Untracked 
|  32|0x000000060d000000, 0x000000060d000000, 0x000000060d400000|  0%| F|  |TAMS 0x000000060d000000, 0x000000060d000000| Untracked 
|  33|0x000000060d400000, 0x000000060d400000, 0x000000060d800000|  0%| F|  |TAMS 0x000000060d400000, 0x000000060d400000| Untracked 
|  34|0x000000060d800000, 0x000000060d800000, 0x000000060dc00000|  0%| F|  |TAMS 0x000000060d800000, 0x000000060d800000| Untracked 
|  35|0x000000060dc00000, 0x000000060dc00000, 0x000000060e000000|  0%| F|  |TAMS 0x000000060dc00000, 0x000000060dc00000| Untracked 
|  36|0x000000060e000000, 0x000000060e000000, 0x000000060e400000|  0%| F|  |TAMS 0x000000060e000000, 0x000000060e000000| Untracked 
|  37|0x000000060e400000, 0x000000060e400000, 0x000000060e800000|  0%| F|  |TAMS 0x000000060e400000, 0x000000060e400000| Untracked 
|  38|0x000000060e800000, 0x000000060e800000, 0x000000060ec00000|  0%| F|  |TAMS 0x000000060e800000, 0x000000060e800000| Untracked 
|  39|0x000000060ec00000, 0x000000060ec00000, 0x000000060f000000|  0%| F|  |TAMS 0x000000060ec00000, 0x000000060ec00000| Untracked 
|  40|0x000000060f000000, 0x000000060f000000, 0x000000060f400000|  0%| F|  |TAMS 0x000000060f000000, 0x000000060f000000| Untracked 
|  41|0x000000060f400000, 0x000000060f400000, 0x000000060f800000|  0%| F|  |TAMS 0x000000060f400000, 0x000000060f400000| Untracked 
|  42|0x000000060f800000, 0x000000060f800000, 0x000000060fc00000|  0%| F|  |TAMS 0x000000060f800000, 0x000000060f800000| Untracked 
|  43|0x000000060fc00000, 0x000000060fc00000, 0x0000000610000000|  0%| F|  |TAMS 0x000000060fc00000, 0x000000060fc00000| Untracked 
|  44|0x0000000610000000, 0x0000000610000000, 0x0000000610400000|  0%| F|  |TAMS 0x0000000610000000, 0x0000000610000000| Untracked 
|  45|0x0000000610400000, 0x0000000610400000, 0x0000000610800000|  0%| F|  |TAMS 0x0000000610400000, 0x0000000610400000| Untracked 
|  46|0x0000000610800000, 0x0000000610800000, 0x0000000610c00000|  0%| F|  |TAMS 0x0000000610800000, 0x0000000610800000| Untracked 
|  47|0x0000000610c00000, 0x0000000610c00000, 0x0000000611000000|  0%| F|  |TAMS 0x0000000610c00000, 0x0000000610c00000| Untracked 
|  48|0x0000000611000000, 0x0000000611000000, 0x0000000611400000|  0%| F|  |TAMS 0x0000000611000000, 0x0000000611000000| Untracked 
|  49|0x0000000611400000, 0x0000000611400000, 0x0000000611800000|  0%| F|  |TAMS 0x0000000611400000, 0x0000000611400000| Untracked 
|  50|0x0000000611800000, 0x0000000611800000, 0x0000000611c00000|  0%| F|  |TAMS 0x0000000611800000, 0x0000000611800000| Untracked 
|  51|0x0000000611c00000, 0x0000000611c00000, 0x0000000612000000|  0%| F|  |TAMS 0x0000000611c00000, 0x0000000611c00000| Untracked 
|  52|0x0000000612000000, 0x0000000612000000, 0x0000000612400000|  0%| F|  |TAMS 0x0000000612000000, 0x0000000612000000| Untracked 
|  53|0x0000000612400000, 0x0000000612400000, 0x0000000612800000|  0%| F|  |TAMS 0x0000000612400000, 0x0000000612400000| Untracked 
|  54|0x0000000612800000, 0x0000000612800000, 0x0000000612c00000|  0%| F|  |TAMS 0x0000000612800000, 0x0000000612800000| Untracked 
|  55|0x0000000612c00000, 0x0000000612c00000, 0x0000000613000000|  0%| F|  |TAMS 0x0000000612c00000, 0x0000000612c00000| Untracked 
|  56|0x0000000613000000, 0x0000000613000000, 0x0000000613400000|  0%| F|  |TAMS 0x0000000613000000, 0x0000000613000000| Untracked 
|  57|0x0000000613400000, 0x0000000613400000, 0x0000000613800000|  0%| F|  |TAMS 0x0000000613400000, 0x0000000613400000| Untracked 
|  58|0x0000000613800000, 0x0000000613800000, 0x0000000613c00000|  0%| F|  |TAMS 0x0000000613800000, 0x0000000613800000| Untracked 
|  59|0x0000000613c00000, 0x0000000613c00000, 0x0000000614000000|  0%| F|  |TAMS 0x0000000613c00000, 0x0000000613c00000| Untracked 
|  60|0x0000000614000000, 0x0000000614000000, 0x0000000614400000|  0%| F|  |TAMS 0x0000000614000000, 0x0000000614000000| Untracked 
|  61|0x0000000614400000, 0x0000000614400000, 0x0000000614800000|  0%| F|  |TAMS 0x0000000614400000, 0x0000000614400000| Untracked 
|  62|0x0000000614800000, 0x0000000614800000, 0x0000000614c00000|  0%| F|  |TAMS 0x0000000614800000, 0x0000000614800000| Untracked 
|  63|0x0000000614c00000, 0x0000000614c00000, 0x0000000615000000|  0%| F|  |TAMS 0x0000000614c00000, 0x0000000614c00000| Untracked 
|  64|0x0000000615000000, 0x0000000615000000, 0x0000000615400000|  0%| F|  |TAMS 0x0000000615000000, 0x0000000615000000| Untracked 
|  65|0x0000000615400000, 0x0000000615400000, 0x0000000615800000|  0%| F|  |TAMS 0x0000000615400000, 0x0000000615400000| Untracked 
|  66|0x0000000615800000, 0x0000000615800000, 0x0000000615c00000|  0%| F|  |TAMS 0x0000000615800000, 0x0000000615800000| Untracked 
|  67|0x0000000615c00000, 0x0000000615c00000, 0x0000000616000000|  0%| F|  |TAMS 0x0000000615c00000, 0x0000000615c00000| Untracked 
|  68|0x0000000616000000, 0x0000000616000000, 0x0000000616400000|  0%| F|  |TAMS 0x0000000616000000, 0x0000000616000000| Untracked 
|  69|0x0000000616400000, 0x0000000616400000, 0x0000000616800000|  0%| F|  |TAMS 0x0000000616400000, 0x0000000616400000| Untracked 
|  70|0x0000000616800000, 0x0000000616800000, 0x0000000616c00000|  0%| F|  |TAMS 0x0000000616800000, 0x0000000616800000| Untracked 
|  71|0x0000000616c00000, 0x0000000616c00000, 0x0000000617000000|  0%| F|  |TAMS 0x0000000616c00000, 0x0000000616c00000| Untracked 
|  72|0x0000000617000000, 0x0000000617000000, 0x0000000617400000|  0%| F|  |TAMS 0x0000000617000000, 0x0000000617000000| Untracked 
|  73|0x0000000617400000, 0x0000000617400000, 0x0000000617800000|  0%| F|  |TAMS 0x0000000617400000, 0x0000000617400000| Untracked 
|  74|0x0000000617800000, 0x0000000617800000, 0x0000000617c00000|  0%| F|  |TAMS 0x0000000617800000, 0x0000000617800000| Untracked 
|  75|0x0000000617c00000, 0x0000000617c00000, 0x0000000618000000|  0%| F|  |TAMS 0x0000000617c00000, 0x0000000617c00000| Untracked 
|  76|0x0000000618000000, 0x0000000618000000, 0x0000000618400000|  0%| F|  |TAMS 0x0000000618000000, 0x0000000618000000| Untracked 
|  77|0x0000000618400000, 0x0000000618400000, 0x0000000618800000|  0%| F|  |TAMS 0x0000000618400000, 0x0000000618400000| Untracked 
|  78|0x0000000618800000, 0x0000000618800000, 0x0000000618c00000|  0%| F|  |TAMS 0x0000000618800000, 0x0000000618800000| Untracked 
|  79|0x0000000618c00000, 0x0000000618c00000, 0x0000000619000000|  0%| F|  |TAMS 0x0000000618c00000, 0x0000000618c00000| Untracked 
|  80|0x0000000619000000, 0x0000000619000000, 0x0000000619400000|  0%| F|  |TAMS 0x0000000619000000, 0x0000000619000000| Untracked 
|  81|0x0000000619400000, 0x0000000619400000, 0x0000000619800000|  0%| F|  |TAMS 0x0000000619400000, 0x0000000619400000| Untracked 
|  82|0x0000000619800000, 0x0000000619800000, 0x0000000619c00000|  0%| F|  |TAMS 0x0000000619800000, 0x0000000619800000| Untracked 
|  83|0x0000000619c00000, 0x0000000619c00000, 0x000000061a000000|  0%| F|  |TAMS 0x0000000619c00000, 0x0000000619c00000| Untracked 
|  84|0x000000061a000000, 0x000000061a000000, 0x000000061a400000|  0%| F|  |TAMS 0x000000061a000000, 0x000000061a000000| Untracked 
|  85|0x000000061a400000, 0x000000061a400000, 0x000000061a800000|  0%| F|  |TAMS 0x000000061a400000, 0x000000061a400000| Untracked 
|  86|0x000000061a800000, 0x000000061a800000, 0x000000061ac00000|  0%| F|  |TAMS 0x000000061a800000, 0x000000061a800000| Untracked 
|  87|0x000000061ac00000, 0x000000061ac00000, 0x000000061b000000|  0%| F|  |TAMS 0x000000061ac00000, 0x000000061ac00000| Untracked 
|  88|0x000000061b000000, 0x000000061b000000, 0x000000061b400000|  0%| F|  |TAMS 0x000000061b000000, 0x000000061b000000| Untracked 
|  89|0x000000061b400000, 0x000000061b400000, 0x000000061b800000|  0%| F|  |TAMS 0x000000061b400000, 0x000000061b400000| Untracked 
|  90|0x000000061b800000, 0x000000061b800000, 0x000000061bc00000|  0%| F|  |TAMS 0x000000061b800000, 0x000000061b800000| Untracked 
|  91|0x000000061bc00000, 0x000000061bc00000, 0x000000061c000000|  0%| F|  |TAMS 0x000000061bc00000, 0x000000061bc00000| Untracked 
|  92|0x000000061c000000, 0x000000061c000000, 0x000000061c400000|  0%| F|  |TAMS 0x000000061c000000, 0x000000061c000000| Untracked 
|  93|0x000000061c400000, 0x000000061c400000, 0x000000061c800000|  0%| F|  |TAMS 0x000000061c400000, 0x000000061c400000| Untracked 
|  94|0x000000061c800000, 0x000000061c800000, 0x000000061cc00000|  0%| F|  |TAMS 0x000000061c800000, 0x000000061c800000| Untracked 
|  95|0x000000061cc00000, 0x000000061cc00000, 0x000000061d000000|  0%| F|  |TAMS 0x000000061cc00000, 0x000000061cc00000| Untracked 
|  96|0x000000061d000000, 0x000000061d000000, 0x000000061d400000|  0%| F|  |TAMS 0x000000061d000000, 0x000000061d000000| Untracked 
|  97|0x000000061d400000, 0x000000061d400000, 0x000000061d800000|  0%| F|  |TAMS 0x000000061d400000, 0x000000061d400000| Untracked 
|  98|0x000000061d800000, 0x000000061d800000, 0x000000061dc00000|  0%| F|  |TAMS 0x000000061d800000, 0x000000061d800000| Untracked 
|  99|0x000000061dc00000, 0x000000061dc00000, 0x000000061e000000|  0%| F|  |TAMS 0x000000061dc00000, 0x000000061dc00000| Untracked 
| 100|0x000000061e000000, 0x000000061e000000, 0x000000061e400000|  0%| F|  |TAMS 0x000000061e000000, 0x000000061e000000| Untracked 
| 101|0x000000061e400000, 0x000000061e400000, 0x000000061e800000|  0%| F|  |TAMS 0x000000061e400000, 0x000000061e400000| Untracked 
| 102|0x000000061e800000, 0x000000061e800000, 0x000000061ec00000|  0%| F|  |TAMS 0x000000061e800000, 0x000000061e800000| Untracked 
| 103|0x000000061ec00000, 0x000000061ec00000, 0x000000061f000000|  0%| F|  |TAMS 0x000000061ec00000, 0x000000061ec00000| Untracked 
| 104|0x000000061f000000, 0x000000061f000000, 0x000000061f400000|  0%| F|  |TAMS 0x000000061f000000, 0x000000061f000000| Untracked 
| 105|0x000000061f400000, 0x000000061f400000, 0x000000061f800000|  0%| F|  |TAMS 0x000000061f400000, 0x000000061f400000| Untracked 
| 106|0x000000061f800000, 0x000000061f800000, 0x000000061fc00000|  0%| F|  |TAMS 0x000000061f800000, 0x000000061f800000| Untracked 
| 107|0x000000061fc00000, 0x000000061fc00000, 0x0000000620000000|  0%| F|  |TAMS 0x000000061fc00000, 0x000000061fc00000| Untracked 
| 108|0x0000000620000000, 0x0000000620000000, 0x0000000620400000|  0%| F|  |TAMS 0x0000000620000000, 0x0000000620000000| Untracked 
| 109|0x0000000620400000, 0x0000000620400000, 0x0000000620800000|  0%| F|  |TAMS 0x0000000620400000, 0x0000000620400000| Untracked 
| 110|0x0000000620800000, 0x0000000620800000, 0x0000000620c00000|  0%| F|  |TAMS 0x0000000620800000, 0x0000000620800000| Untracked 
| 111|0x0000000620c00000, 0x0000000620c00000, 0x0000000621000000|  0%| F|  |TAMS 0x0000000620c00000, 0x0000000620c00000| Untracked 
| 112|0x0000000621000000, 0x0000000621000000, 0x0000000621400000|  0%| F|  |TAMS 0x0000000621000000, 0x0000000621000000| Untracked 
| 113|0x0000000621400000, 0x0000000621400000, 0x0000000621800000|  0%| F|  |TAMS 0x0000000621400000, 0x0000000621400000| Untracked 
| 114|0x0000000621800000, 0x0000000621800000, 0x0000000621c00000|  0%| F|  |TAMS 0x0000000621800000, 0x0000000621800000| Untracked 
| 115|0x0000000621c00000, 0x0000000621c00000, 0x0000000622000000|  0%| F|  |TAMS 0x0000000621c00000, 0x0000000621c00000| Untracked 
| 116|0x0000000622000000, 0x0000000622000000, 0x0000000622400000|  0%| F|  |TAMS 0x0000000622000000, 0x0000000622000000| Untracked 
| 117|0x0000000622400000, 0x0000000622400000, 0x0000000622800000|  0%| F|  |TAMS 0x0000000622400000, 0x0000000622400000| Untracked 
| 118|0x0000000622800000, 0x0000000622800000, 0x0000000622c00000|  0%| F|  |TAMS 0x0000000622800000, 0x0000000622800000| Untracked 
| 119|0x0000000622c00000, 0x0000000622c00000, 0x0000000623000000|  0%| F|  |TAMS 0x0000000622c00000, 0x0000000622c00000| Untracked 
| 120|0x0000000623000000, 0x0000000623000000, 0x0000000623400000|  0%| F|  |TAMS 0x0000000623000000, 0x0000000623000000| Untracked 
| 121|0x0000000623400000, 0x0000000623400000, 0x0000000623800000|  0%| F|  |TAMS 0x0000000623400000, 0x0000000623400000| Untracked 
| 122|0x0000000623800000, 0x00000006238f6468, 0x0000000623c00000| 24%| E|  |TAMS 0x0000000623800000, 0x0000000623800000| Complete 
| 123|0x0000000623c00000, 0x0000000624000000, 0x0000000624000000|100%| E|CS|TAMS 0x0000000623c00000, 0x0000000623c00000| Complete 
| 124|0x0000000624000000, 0x0000000624400000, 0x0000000624400000|100%| E|CS|TAMS 0x0000000624000000, 0x0000000624000000| Complete 
| 125|0x0000000624400000, 0x0000000624800000, 0x0000000624800000|100%| E|CS|TAMS 0x0000000624400000, 0x0000000624400000| Complete 
| 126|0x0000000624800000, 0x0000000624c00000, 0x0000000624c00000|100%| E|CS|TAMS 0x0000000624800000, 0x0000000624800000| Complete 

Card table byte_map: [0x0000016080000000,0x0000016080fe0000] _byte_map_base: 0x000001607cfd8000

Marking Bits (Prev, Next): (CMBitMap*) 0x00000160e5736920, (CMBitMap*) 0x00000160e5736960
 Prev Bits: [0x0000016081fc0000, 0x0000016089e80000)
 Next Bits: [0x0000016089e80000, 0x0000016091d40000)

Polling page: 0x00000160ee770000

Metaspace:

Usage:
  Non-class:      1.82 MB used.
      Class:    177.95 KB used.
       Both:      1.99 MB used.

Virtual space:
  Non-class space:       64.00 MB reserved,       1.88 MB (  3%) committed,  1 nodes.
      Class space:        1.00 GB reserved,     256.00 KB ( <1%) committed,  1 nodes.
             Both:        1.06 GB reserved,       2.12 MB ( <1%) committed. 

Chunk freelists:
   Non-Class:  3.25 MB
       Class:  3.65 MB
        Both:  6.91 MB

MaxMetaspaceSize: unlimited
CompressedClassSpaceSize: 1.00 GB
Initial GC threshold: 21.00 MB
Current GC threshold: 21.00 MB
CDS: on
MetaspaceReclaimPolicy: balanced
 - commit_granule_bytes: 65536.
 - commit_granule_words: 8192.
 - virtual_space_node_default_size: 8388608.
 - enlarge_chunks_in_place: 1.
 - new_chunks_are_fully_committed: 0.
 - uncommit_free_chunks: 1.
 - use_allocation_guard: 0.


Internal statistics:

num_allocs_failed_limit: 0.
num_arena_births: 30.
num_arena_deaths: 0.
num_vsnodes_births: 2.
num_vsnodes_deaths: 0.
num_space_committed: 34.
num_space_uncommitted: 0.
num_chunks_returned_to_freelist: 0.
num_chunks_taken_from_freelist: 70.
num_chunk_merges: 0.
num_chunk_splits: 47.
num_chunks_enlarged: 36.
num_inconsistent_stats: 0.

CodeHeap 'non-profiled nmethods': size=119168Kb used=554Kb max_used=554Kb free=118614Kb
 bounds [0x00000160f6330000, 0x00000160f65a0000, 0x00000160fd790000]
CodeHeap 'profiled nmethods': size=119104Kb used=1251Kb max_used=1251Kb free=117852Kb
 bounds [0x00000160eeee0000, 0x00000160ef150000, 0x00000160f6330000]
CodeHeap 'non-nmethods': size=7488Kb used=2847Kb max_used=2951Kb free=4640Kb
 bounds [0x00000160ee790000, 0x00000160eea80000, 0x00000160eeee0000]
 total_blobs=1190 nmethods=748 adapters=352
 compilation: enabled
              stopped_count=0, restarted_count=0
 full_count=0

Compilation events (20 events):
Event: 0.457 Thread 0x000001609957cba0  737       3       jdk.internal.org.objectweb.asm.ByteVector::<init> (13 bytes)
Event: 0.458 Thread 0x000001609942af30  738       4       jdk.internal.org.objectweb.asm.ByteVector::putUTF8 (144 bytes)
Event: 0.458 Thread 0x000001609957d0a0  739       3       jdk.internal.org.objectweb.asm.ByteVector::putByteArray (49 bytes)
Event: 0.458 Thread 0x000001609957cba0 nmethod 737 0x00000160ef013d90 code [0x00000160ef013f40, 0x00000160ef0141b8]
Event: 0.458 Thread 0x000001609957d0a0 nmethod 739 0x00000160ef014290 code [0x00000160ef014440, 0x00000160ef014718]
Event: 0.458 Thread 0x000001609957d0a0  742       3       java.lang.invoke.LambdaForm$Name::initIndex (26 bytes)
Event: 0.458 Thread 0x000001609957d0a0 nmethod 742 0x00000160ef014810 code [0x00000160ef0149a0, 0x00000160ef014b58]
Event: 0.460 Thread 0x000001609942af30 nmethod 738 0x00000160f63b9f90 code [0x00000160f63ba140, 0x00000160f63ba4d8]
Event: 0.461 Thread 0x000001609957a690  743       3       java.util.Arrays$ArrayList::iterator (12 bytes)
Event: 0.461 Thread 0x000001609957cba0  744       3       java.util.Arrays$ArrayItr::<init> (10 bytes)
Event: 0.461 Thread 0x000001609957d0a0  745       3       org.bytedeco.javacpp.ClassProperties::addAll (14 bytes)
Event: 0.461 Thread 0x000001609944fd40  746       3       org.bytedeco.javacpp.ClassProperties::addAll (199 bytes)
Event: 0.461 Thread 0x000001609957cba0 nmethod 744 0x00000160ef014c10 code [0x00000160ef014da0, 0x00000160ef014f58]
Event: 0.461 Thread 0x000001609957a690 nmethod 743 0x00000160ef015010 code [0x00000160ef0151c0, 0x00000160ef015458]
Event: 0.461 Thread 0x000001609957a690  747       3       java.util.regex.Pattern::isSupplementary (21 bytes)
Event: 0.461 Thread 0x000001609957d0a0 nmethod 745 0x00000160ef015590 code [0x00000160ef015780, 0x00000160ef015d18]
Event: 0.461 Thread 0x000001609957d0a0  748       3       java.lang.Character::isSurrogate (18 bytes)
Event: 0.461 Thread 0x000001609957d0a0 nmethod 748 0x00000160ef015f90 code [0x00000160ef016120, 0x00000160ef0162b8]
Event: 0.461 Thread 0x000001609957a690 nmethod 747 0x00000160ef016390 code [0x00000160ef016540, 0x00000160ef0167b8]
Event: 0.462 Thread 0x000001609944fd40 nmethod 746 0x00000160ef016890 code [0x00000160ef016ca0, 0x00000160ef0186b8]

GC Heap History (0 events):
No events

Deoptimization events (20 events):
Event: 0.241 Thread 0x00000160e549dfa0 Uncommon trap: trap_request=0xffffff45 fr.pc=0x00000160f636ed40 relative=0x0000000000000560
Event: 0.241 Thread 0x00000160e549dfa0 Uncommon trap: reason=unstable_if action=reinterpret pc=0x00000160f636ed40 method=java.util.zip.ZipFile$Source.getEntryPos(Ljava/lang/String;Z)I @ 43 c2
Event: 0.241 Thread 0x00000160e549dfa0 DEOPT PACKING pc=0x00000160f636ed40 sp=0x00000050b05fe000
Event: 0.241 Thread 0x00000160e549dfa0 DEOPT UNPACKING pc=0x00000160ee7e23a3 sp=0x00000050b05fddd8 mode 2
Event: 0.241 Thread 0x00000160e549dfa0 Uncommon trap: trap_request=0xffffff45 fr.pc=0x00000160f636dd2c relative=0x000000000000046c
Event: 0.241 Thread 0x00000160e549dfa0 Uncommon trap: reason=unstable_if action=reinterpret pc=0x00000160f636dd2c method=java.util.zip.ZipFile$Source.getEntryPos(Ljava/lang/String;Z)I @ 43 c2
Event: 0.241 Thread 0x00000160e549dfa0 DEOPT PACKING pc=0x00000160f636dd2c sp=0x00000050b05fdf70
Event: 0.241 Thread 0x00000160e549dfa0 DEOPT UNPACKING pc=0x00000160ee7e23a3 sp=0x00000050b05fddf8 mode 2
Event: 0.241 Thread 0x00000160e549dfa0 Uncommon trap: trap_request=0xffffff45 fr.pc=0x00000160f636cf14 relative=0x0000000000000454
Event: 0.241 Thread 0x00000160e549dfa0 Uncommon trap: reason=unstable_if action=reinterpret pc=0x00000160f636cf14 method=java.util.zip.ZipFile$Source.getEntryPos(Ljava/lang/String;Z)I @ 43 c2
Event: 0.241 Thread 0x00000160e549dfa0 DEOPT PACKING pc=0x00000160f636cf14 sp=0x00000050b05fdee0
Event: 0.241 Thread 0x00000160e549dfa0 DEOPT UNPACKING pc=0x00000160ee7e23a3 sp=0x00000050b05fdde8 mode 2
Event: 0.241 Thread 0x00000160e549dfa0 Uncommon trap: trap_request=0xffffff45 fr.pc=0x00000160f6367d6c relative=0x00000000000002ac
Event: 0.241 Thread 0x00000160e549dfa0 Uncommon trap: reason=unstable_if action=reinterpret pc=0x00000160f6367d6c method=java.util.zip.ZipFile$Source.getEntryPos(Ljava/lang/String;Z)I @ 43 c2
Event: 0.241 Thread 0x00000160e549dfa0 DEOPT PACKING pc=0x00000160f6367d6c sp=0x00000050b05fde70
Event: 0.241 Thread 0x00000160e549dfa0 DEOPT UNPACKING pc=0x00000160ee7e23a3 sp=0x00000050b05fdde8 mode 2
Event: 0.246 Thread 0x00000160e549dfa0 Uncommon trap: trap_request=0xffffff45 fr.pc=0x00000160f6381af4 relative=0x0000000000003db4
Event: 0.246 Thread 0x00000160e549dfa0 Uncommon trap: reason=unstable_if action=reinterpret pc=0x00000160f6381af4 method=sun.net.www.ParseUtil.firstEncodeIndex(Ljava/lang/String;)I @ 51 c2
Event: 0.246 Thread 0x00000160e549dfa0 DEOPT PACKING pc=0x00000160f6381af4 sp=0x00000050b05fd000
Event: 0.246 Thread 0x00000160e549dfa0 DEOPT UNPACKING pc=0x00000160ee7e23a3 sp=0x00000050b05fcd18 mode 2

Classes loaded (20 events):
Event: 0.246 Loading class java/time/zone/Ser
Event: 0.246 Loading class java/io/Externalizable
Event: 0.246 Loading class java/io/Externalizable done
Event: 0.246 Loading class java/time/zone/Ser done
Event: 0.246 Loading class java/time/Month
Event: 0.247 Loading class java/time/Month done
Event: 0.247 Loading class java/time/DayOfWeek
Event: 0.247 Loading class java/time/DayOfWeek done
Event: 0.247 Loading class java/time/zone/ZoneOffsetTransitionRule$TimeDefinition
Event: 0.247 Loading class java/time/zone/ZoneOffsetTransitionRule$TimeDefinition done
Event: 0.247 Loading class java/time/zone/ZoneOffsetTransition
Event: 0.247 Loading class java/time/zone/ZoneOffsetTransition done
Event: 0.247 Loading class java/time/temporal/TemporalAdjusters
Event: 0.247 Loading class java/time/temporal/TemporalAdjusters done
Event: 0.248 Loading class java/time/zone/ZoneOffsetTransitionRule$1
Event: 0.248 Loading class java/time/zone/ZoneOffsetTransitionRule$1 done
Event: 0.249 Loading class java/util/concurrent/TimeUnit$1
Event: 0.249 Loading class java/util/concurrent/TimeUnit$1 done
Event: 0.258 Loading class java/lang/NumberFormatException
Event: 0.258 Loading class java/lang/NumberFormatException done

Classes unloaded (0 events):
No events

Classes redefined (0 events):
No events

Internal exceptions (8 events):
Event: 0.046 Thread 0x00000160e549dfa0 Exception <a 'java/lang/NoSuchMethodError'{0x0000000624a57918}: 'int java.lang.invoke.DirectMethodHandle$Holder.invokeStaticInit(java.lang.Object, java.lang.Object, java.lang.Object, java.lang.Object)'> (0x0000000624a57918) 
thrown [s\open\src\hotspot\share\interpreter\linkResolver.cpp, line 759]
Event: 0.047 Thread 0x00000160e549dfa0 Exception <a 'java/lang/NoSuchMethodError'{0x0000000624a62550}: 'java.lang.Object java.lang.invoke.DirectMethodHandle$Holder.invokeInterface(java.lang.Object, java.lang.Object)'> (0x0000000624a62550) 
thrown [s\open\src\hotspot\share\interpreter\linkResolver.cpp, line 759]
Event: 0.047 Thread 0x00000160e549dfa0 Exception <a 'java/lang/IncompatibleClassChangeError'{0x0000000624a65b38}: Found class java.lang.Object, but interface was expected> (0x0000000624a65b38) 
thrown [s\open\src\hotspot\share\interpreter\linkResolver.cpp, line 826]
Event: 0.048 Thread 0x00000160e549dfa0 Exception <a 'java/lang/NoSuchMethodError'{0x0000000624a68d88}: 'void java.lang.invoke.DirectMethodHandle$Holder.invokeStatic(java.lang.Object, java.lang.Object)'> (0x0000000624a68d88) 
thrown [s\open\src\hotspot\share\interpreter\linkResolver.cpp, line 759]
Event: 0.048 Thread 0x00000160e549dfa0 Exception <a 'java/lang/NoSuchMethodError'{0x0000000624a6c3f0}: 'void java.lang.invoke.DirectMethodHandle$Holder.invokeStaticInit(java.lang.Object, java.lang.Object)'> (0x0000000624a6c3f0) 
thrown [s\open\src\hotspot\share\interpreter\linkResolver.cpp, line 759]
Event: 0.048 Thread 0x00000160e549dfa0 Exception <a 'java/lang/NoSuchMethodError'{0x0000000624a72e08}: 'int java.lang.invoke.DirectMethodHandle$Holder.invokeStaticInit(java.lang.Object, java.lang.Object)'> (0x0000000624a72e08) 
thrown [s\open\src\hotspot\share\interpreter\linkResolver.cpp, line 759]
Event: 0.248 Thread 0x00000160e549dfa0 Exception <a 'java/lang/NoSuchMethodError'{0x0000000623fd7340}: 'java.lang.Object java.lang.invoke.DirectMethodHandle$Holder.invokeStatic(java.lang.Object, int, java.lang.Object)'> (0x0000000623fd7340) 
thrown [s\open\src\hotspot\share\interpreter\linkResolver.cpp, line 759]
Event: 0.457 Thread 0x00000160e549dfa0 Exception <a 'java/lang/NoSuchMethodError'{0x00000006238bb278}: 'java.lang.Object java.lang.invoke.DirectMethodHandle$Holder.newInvokeSpecial(java.lang.Object, java.lang.Object, int)'> (0x00000006238bb278) 
thrown [s\open\src\hotspot\share\interpreter\linkResolver.cpp, line 759]

VM Operations (5 events):
Event: 0.035 Executing VM operation: HandshakeAllThreads
Event: 0.035 Executing VM operation: HandshakeAllThreads done
Event: 0.066 Executing VM operation: HandshakeAllThreads
Event: 0.066 Executing VM operation: HandshakeAllThreads done
Event: 0.462 Executing VM operation: Exit

Events (20 events):
Event: 0.194 Loaded shared library C:\Program Files\Java\jdk-18.0.2.1\bin\api-ms-win-core-util-l1-1-0.dll
Event: 0.199 Loaded shared library C:\Program Files\Java\jdk-18.0.2.1\bin\api-ms-win-core-interlocked-l1-1-0.dll
Event: 0.203 Loaded shared library C:\Program Files\Java\jdk-18.0.2.1\bin\ucrtbase.dll
Event: 0.207 Loaded shared library C:\Program Files\Java\jdk-18.0.2.1\bin\vcruntime140.dll
Event: 0.210 Loaded shared library C:\Program Files\Java\jdk-18.0.2.1\bin\vcruntime140_1.dll
Event: 0.214 Loaded shared library C:\Program Files\Java\jdk-18.0.2.1\bin\msvcp140.dll
Event: 0.218 Loaded shared library C:\Windows\System32\msvcp140_1.dll
Event: 0.223 Loaded shared library C:\Windows\System32\concrt140.dll
Event: 0.228 Loaded shared library C:\Windows\System32\vcomp140.dll
Event: 0.234 Loaded shared library C:\Windows\System32\winmm.dll
Event: 0.238 Loaded shared library C:\Windows\System32\opengl32.dll
Event: 0.239 Loaded shared library C:\Windows\System32\user32.dll
Event: 0.239 Loaded shared library C:\Windows\System32\shell32.dll
Event: 0.240 Loaded shared library C:\Windows\System32\gdi32.dll
Event: 0.251 Loaded shared library C:\Users\thesp\.javacpp\cache\jaylib-4.2.0-1.jar\com\raylib\windows-x86_64\jniRaylib.dll
Event: 0.258 Thread 0x000001609941e420 Thread added: 0x000001609941e420
Event: 0.446 Thread 0x000001609a20a660 Thread exited: 0x000001609a20a660
Event: 0.447 Thread 0x000001609a661170 Thread exited: 0x000001609a661170
Event: 0.447 Thread 0x0000016099821c70 Thread exited: 0x0000016099821c70
Event: 0.447 Thread 0x00000160999e6a90 Thread exited: 0x00000160999e6a90


Dynamic libraries:
0x00007ff7bfab0000 - 0x00007ff7bfac0000 	C:\Program Files\Java\jdk-18.0.2.1\bin\java.exe
0x00007ffddd840000 - 0x00007ffddda49000 	C:\windows\SYSTEM32\ntdll.dll
0x00007ffddc100000 - 0x00007ffddc1bd000 	C:\windows\System32\KERNEL32.DLL
0x00007ffddad20000 - 0x00007ffddb09c000 	C:\windows\System32\KERNELBASE.dll
0x00007ffddb2e0000 - 0x00007ffddb3f1000 	C:\windows\System32\ucrtbase.dll
0x00007ffdb0d40000 - 0x00007ffdb0d5a000 	C:\Program Files\Java\jdk-18.0.2.1\bin\VCRUNTIME140.dll
0x00007ffdb48f0000 - 0x00007ffdb4908000 	C:\Program Files\Java\jdk-18.0.2.1\bin\jli.dll
0x00007ffddc800000 - 0x00007ffddc8ae000 	C:\windows\System32\ADVAPI32.dll
0x00007ffddc6f0000 - 0x00007ffddc793000 	C:\windows\System32\msvcrt.dll
0x00007ffddba50000 - 0x00007ffddbaee000 	C:\windows\System32\sechost.dll
0x00007ffddbe20000 - 0x00007ffddbf40000 	C:\windows\System32\RPCRT4.dll
0x00007ffddc540000 - 0x00007ffddc6ed000 	C:\windows\System32\USER32.dll
0x00007ffddb400000 - 0x00007ffddb426000 	C:\windows\System32\win32u.dll
0x00007ffddbaf0000 - 0x00007ffddbb19000 	C:\windows\System32\GDI32.dll
0x00007ffddb140000 - 0x00007ffddb259000 	C:\windows\System32\gdi32full.dll
0x00007ffddb0a0000 - 0x00007ffddb13d000 	C:\windows\System32\msvcp_win.dll
0x00007ffdd9090000 - 0x00007ffdd909a000 	C:\windows\SYSTEM32\VERSION.dll
0x00007ffdd9ef0000 - 0x00007ffdda195000 	C:\windows\WinSxS\amd64_microsoft.windows.common-controls_6595b64144ccf1df_6.0.22000.120_none_9d947278b86cc467\COMCTL32.dll
0x00007ffddb870000 - 0x00007ffddb8a1000 	C:\windows\System32\IMM32.DLL
0x00007ffdd2ae0000 - 0x00007ffdd2aec000 	C:\Program Files\Java\jdk-18.0.2.1\bin\vcruntime140_1.dll
0x00007ffdaac20000 - 0x00007ffdaacad000 	C:\Program Files\Java\jdk-18.0.2.1\bin\msvcp140.dll
0x00007ffd3be70000 - 0x00007ffd3ca81000 	C:\Program Files\Java\jdk-18.0.2.1\bin\server\jvm.dll
0x00007ffddbe10000 - 0x00007ffddbe18000 	C:\windows\System32\PSAPI.DLL
0x00007ffdcbcf0000 - 0x00007ffdcbcf9000 	C:\windows\SYSTEM32\WSOCK32.dll
0x00007ffddbb20000 - 0x00007ffddbb8f000 	C:\windows\System32\WS2_32.dll
0x00007ffdd1310000 - 0x00007ffdd1343000 	C:\windows\SYSTEM32\WINMM.dll
0x00007ffdd8f70000 - 0x00007ffdd8f88000 	C:\windows\SYSTEM32\kernel.appcore.dll
0x00007ffdc0f80000 - 0x00007ffdc0f8a000 	C:\Program Files\Java\jdk-18.0.2.1\bin\jimage.dll
0x00007ffdda750000 - 0x00007ffdda971000 	C:\windows\SYSTEM32\DBGHELP.DLL
0x00007ffdda370000 - 0x00007ffdda3a1000 	C:\windows\SYSTEM32\dbgcore.DLL
0x00007ffddb260000 - 0x00007ffddb2df000 	C:\windows\System32\bcryptPrimitives.dll
0x00007ffdb5f40000 - 0x00007ffdb5f65000 	C:\Program Files\Java\jdk-18.0.2.1\bin\java.dll
0x00007ffd62270000 - 0x00007ffd62346000 	C:\Program Files\Java\jdk-18.0.2.1\bin\jsvml.dll
0x00007ffddcea0000 - 0x00007ffddd658000 	C:\windows\System32\SHELL32.dll
0x00007ffdd7f70000 - 0x00007ffdd87d8000 	C:\windows\SYSTEM32\windows.storage.dll
0x00007ffddc1c0000 - 0x00007ffddc539000 	C:\windows\System32\combase.dll
0x00007ffdd7e00000 - 0x00007ffdd7f66000 	C:\windows\SYSTEM32\wintypes.dll
0x00007ffddbc00000 - 0x00007ffddbcea000 	C:\windows\System32\SHCORE.dll
0x00007ffddc7a0000 - 0x00007ffddc7fd000 	C:\windows\System32\shlwapi.dll
0x00007ffddac50000 - 0x00007ffddac71000 	C:\windows\SYSTEM32\profapi.dll
0x00007ffdaba40000 - 0x00007ffdaba53000 	C:\Program Files\Java\jdk-18.0.2.1\bin\net.dll
0x00007ffdd3250000 - 0x00007ffdd335c000 	C:\windows\SYSTEM32\WINHTTP.dll
0x00007ffdd9d30000 - 0x00007ffdd9d97000 	C:\windows\system32\mswsock.dll
0x00007ffdaa6b0000 - 0x00007ffdaa6c6000 	C:\Program Files\Java\jdk-18.0.2.1\bin\nio.dll
0x00007ffdb4910000 - 0x00007ffdb4928000 	C:\Program Files\Java\jdk-18.0.2.1\bin\zip.dll
0x0000016095190000 - 0x0000016095193000 	C:\Program Files\Java\jdk-18.0.2.1\bin\api-ms-win-crt-locale-l1-1-0.dll
0x00000160951a0000 - 0x00000160951a4000 	C:\Program Files\Java\jdk-18.0.2.1\bin\api-ms-win-crt-string-l1-1-0.dll
0x00000160951b0000 - 0x00000160951b4000 	C:\Program Files\Java\jdk-18.0.2.1\bin\api-ms-win-crt-stdio-l1-1-0.dll
0x00000160951c0000 - 0x00000160951c5000 	C:\Program Files\Java\jdk-18.0.2.1\bin\api-ms-win-crt-math-l1-1-0.dll
0x00000160951d0000 - 0x00000160951d3000 	C:\Program Files\Java\jdk-18.0.2.1\bin\api-ms-win-crt-heap-l1-1-0.dll
0x00000160951e0000 - 0x00000160951e4000 	C:\Program Files\Java\jdk-18.0.2.1\bin\api-ms-win-crt-runtime-l1-1-0.dll
0x00000160951f0000 - 0x00000160951f4000 	C:\Program Files\Java\jdk-18.0.2.1\bin\api-ms-win-crt-convert-l1-1-0.dll
0x0000016095200000 - 0x0000016095203000 	C:\Program Files\Java\jdk-18.0.2.1\bin\api-ms-win-crt-environment-l1-1-0.dll
0x0000016095210000 - 0x0000016095213000 	C:\Program Files\Java\jdk-18.0.2.1\bin\api-ms-win-crt-time-l1-1-0.dll
0x0000016095220000 - 0x0000016095223000 	C:\Program Files\Java\jdk-18.0.2.1\bin\api-ms-win-crt-filesystem-l1-1-0.dll
0x0000016095230000 - 0x0000016095233000 	C:\Program Files\Java\jdk-18.0.2.1\bin\api-ms-win-crt-utility-l1-1-0.dll
0x0000016095240000 - 0x0000016095245000 	C:\Program Files\Java\jdk-18.0.2.1\bin\api-ms-win-crt-multibyte-l1-1-0.dll
0x0000016095250000 - 0x0000016095253000 	C:\Program Files\Java\jdk-18.0.2.1\bin\api-ms-win-crt-conio-l1-1-0.dll
0x0000016095260000 - 0x0000016095270000 	C:\Program Files\Java\jdk-18.0.2.1\bin\api-ms-win-crt-private-l1-1-0.dll
0x0000016095270000 - 0x0000016095273000 	C:\Program Files\Java\jdk-18.0.2.1\bin\api-ms-win-crt-process-l1-1-0.dll
0x0000016095280000 - 0x0000016095283000 	C:\Program Files\Java\jdk-18.0.2.1\bin\api-ms-win-core-console-l1-2-0.dll
0x0000016095290000 - 0x0000016095293000 	C:\Program Files\Java\jdk-18.0.2.1\bin\api-ms-win-core-string-l1-1-0.dll
0x00000160952a0000 - 0x00000160952a3000 	C:\Program Files\Java\jdk-18.0.2.1\bin\api-ms-win-core-errorhandling-l1-1-0.dll
0x00000160952b0000 - 0x00000160952b3000 	C:\Program Files\Java\jdk-18.0.2.1\bin\api-ms-win-core-timezone-l1-1-0.dll
0x00000160952c0000 - 0x00000160952c4000 	C:\Program Files\Java\jdk-18.0.2.1\bin\api-ms-win-core-file-l1-1-0.dll
0x00000160952d0000 - 0x00000160952d3000 	C:\Program Files\Java\jdk-18.0.2.1\bin\api-ms-win-core-namedpipe-l1-1-0.dll
0x00000160952e0000 - 0x00000160952e3000 	C:\Program Files\Java\jdk-18.0.2.1\bin\api-ms-win-core-handle-l1-1-0.dll
0x00000160952f0000 - 0x00000160952f3000 	C:\Program Files\Java\jdk-18.0.2.1\bin\api-ms-win-core-file-l2-1-0.dll
0x0000016095300000 - 0x0000016095303000 	C:\Program Files\Java\jdk-18.0.2.1\bin\api-ms-win-core-heap-l1-1-0.dll
0x0000016095310000 - 0x0000016095313000 	C:\Program Files\Java\jdk-18.0.2.1\bin\api-ms-win-core-libraryloader-l1-1-0.dll
0x0000016095320000 - 0x0000016095323000 	C:\Program Files\Java\jdk-18.0.2.1\bin\api-ms-win-core-synch-l1-1-0.dll
0x0000016095330000 - 0x0000016095333000 	C:\Program Files\Java\jdk-18.0.2.1\bin\api-ms-win-core-processthreads-l1-1-0.dll
0x0000016095340000 - 0x0000016095343000 	C:\Program Files\Java\jdk-18.0.2.1\bin\api-ms-win-core-processenvironment-l1-1-0.dll
0x0000016095350000 - 0x0000016095353000 	C:\Program Files\Java\jdk-18.0.2.1\bin\api-ms-win-core-datetime-l1-1-0.dll
0x0000016095360000 - 0x0000016095363000 	C:\Program Files\Java\jdk-18.0.2.1\bin\api-ms-win-core-localization-l1-2-0.dll
0x0000016095370000 - 0x0000016095373000 	C:\Program Files\Java\jdk-18.0.2.1\bin\api-ms-win-core-sysinfo-l1-1-0.dll
0x0000016095380000 - 0x0000016095383000 	C:\Program Files\Java\jdk-18.0.2.1\bin\api-ms-win-core-synch-l1-2-0.dll
0x0000016095390000 - 0x0000016095393000 	C:\Program Files\Java\jdk-18.0.2.1\bin\api-ms-win-core-console-l1-1-0.dll
0x00000160953a0000 - 0x00000160953a3000 	C:\Program Files\Java\jdk-18.0.2.1\bin\api-ms-win-core-debug-l1-1-0.dll
0x00000160953b0000 - 0x00000160953b3000 	C:\Program Files\Java\jdk-18.0.2.1\bin\api-ms-win-core-rtlsupport-l1-1-0.dll
0x00000160953c0000 - 0x00000160953c3000 	C:\Program Files\Java\jdk-18.0.2.1\bin\api-ms-win-core-processthreads-l1-1-1.dll
0x00000160953d0000 - 0x00000160953d3000 	C:\Program Files\Java\jdk-18.0.2.1\bin\api-ms-win-core-file-l1-2-0.dll
0x00000160953e0000 - 0x00000160953e3000 	C:\Program Files\Java\jdk-18.0.2.1\bin\api-ms-win-core-profile-l1-1-0.dll
0x00000160953f0000 - 0x00000160953f3000 	C:\Program Files\Java\jdk-18.0.2.1\bin\api-ms-win-core-memory-l1-1-0.dll
0x000001609afd0000 - 0x000001609afd3000 	C:\Program Files\Java\jdk-18.0.2.1\bin\api-ms-win-core-util-l1-1-0.dll
0x000001609afe0000 - 0x000001609afe3000 	C:\Program Files\Java\jdk-18.0.2.1\bin\api-ms-win-core-interlocked-l1-1-0.dll
0x00007ffda1e00000 - 0x00007ffda1efa000 	C:\Program Files\Java\jdk-18.0.2.1\bin\ucrtbase.dll
0x00007ffdb4d40000 - 0x00007ffdb4d49000 	C:\Windows\System32\msvcp140_1.dll
0x00007ffdab100000 - 0x00007ffdab14e000 	C:\Windows\System32\concrt140.dll
0x00007ffdab0c0000 - 0x00007ffdab0f1000 	C:\Windows\System32\vcomp140.dll
0x00007ffd6ebd0000 - 0x00007ffd6ecd1000 	C:\Windows\System32\opengl32.dll
0x00007ffd6a0c0000 - 0x00007ffd6a0ed000 	C:\windows\SYSTEM32\GLU32.dll
0x00007ffdd77a0000 - 0x00007ffdd77d8000 	C:\windows\SYSTEM32\dxcore.dll
0x00007ffd396b0000 - 0x00007ffd398e2000 	C:\Users\thesp\.javacpp\cache\jaylib-4.2.0-1.jar\com\raylib\windows-x86_64\jniRaylib.dll
0x00007ffdd9900000 - 0x00007ffdd99ac000 	C:\windows\system32\uxtheme.dll
0x00007ffdb4970000 - 0x00007ffdb49b5000 	C:\windows\SYSTEM32\dinput8.dll
0x00007ffdb4930000 - 0x00007ffdb4941000 	C:\windows\SYSTEM32\xinput1_4.dll
0x00007ffdda9f0000 - 0x00007ffddaa1c000 	C:\windows\SYSTEM32\DEVOBJ.dll
0x00007ffddaa20000 - 0x00007ffddaa6c000 	C:\windows\SYSTEM32\cfgmgr32.dll
0x00007ffdd7820000 - 0x00007ffdd784f000 	C:\windows\SYSTEM32\dwmapi.dll
0x00007ffdb8270000 - 0x00007ffdb8439000 	C:\windows\SYSTEM32\inputhost.dll
0x00007ffdd4520000 - 0x00007ffdd4652000 	C:\windows\SYSTEM32\CoreMessaging.dll
0x00007ffddbcf0000 - 0x00007ffddbe0e000 	C:\windows\System32\MSCTF.dll
0x00007ffdd9cf0000 - 0x00007ffdd9cfc000 	C:\windows\SYSTEM32\CRYPTBASE.DLL
0x00007ffdd87e0000 - 0x00007ffdd87ee000 	C:\windows\SYSTEM32\HID.DLL
0x00007ffddc9c0000 - 0x00007ffddce2c000 	C:\windows\System32\SETUPAPI.DLL
0x00007ffddb4f0000 - 0x00007ffddb558000 	C:\windows\System32\WINTRUST.dll
0x00007ffddb560000 - 0x00007ffddb6c2000 	C:\windows\System32\CRYPT32.dll
0x00007ffdd9e80000 - 0x00007ffdd9e92000 	C:\windows\SYSTEM32\MSASN1.dll
0x00007ffdd0ee0000 - 0x00007ffdd0f24000 	C:\windows\SYSTEM32\directxdatabasehelper.dll
0x00007ffdda630000 - 0x00007ffdda664000 	C:\windows\SYSTEM32\ntmarta.dll
0x00007ffddb8b0000 - 0x00007ffddb95f000 	C:\windows\System32\clbcatq.dll
0x00007ffd2d7f0000 - 0x00007ffd2e7e3000 	C:\windows\System32\DriverStore\FileRepository\iigd_dch.inf_amd64_0dd2d545659c5aba\igxelpicd64.dll
0x00007ffddb6d0000 - 0x00007ffddb86a000 	C:\windows\System32\ole32.dll
0x00007ffdd9a30000 - 0x00007ffdd9b23000 	C:\windows\system32\dxgi.dll
0x00007ffd363e0000 - 0x00007ffd36833000 	C:\windows\System32\DriverStore\FileRepository\iigd_dch.inf_amd64_0dd2d545659c5aba\igdml64.dll
0x00007ffdc7110000 - 0x00007ffdc74d7000 	C:\windows\System32\DriverStore\FileRepository\iigd_dch.inf_amd64_0dd2d545659c5aba\igdgmm64.dll
0x00007ffdc3800000 - 0x00007ffdc6e11000 	C:\windows\System32\DriverStore\FileRepository\iigd_dch.inf_amd64_0dd2d545659c5aba\igc64.dll
0x00007ffdda980000 - 0x00007ffdda9cd000 	C:\windows\SYSTEM32\powrprof.dll
0x00007ffdda260000 - 0x00007ffdda273000 	C:\windows\SYSTEM32\UMPDC.dll
0x00007ffdb8020000 - 0x00007ffdb814d000 	C:\windows\SYSTEM32\textinputframework.dll
0x00007ffddb970000 - 0x00007ffddba46000 	C:\windows\System32\OLEAUT32.dll
0x00007ffdcfcc0000 - 0x00007ffdd002d000 	C:\windows\SYSTEM32\CoreUIComponents.dll
0x00007ffdd2b70000 - 0x00007ffdd2c28000 	C:\windows\SYSTEM32\mscms.dll
0x00007ffdda600000 - 0x00007ffdda627000 	C:\windows\SYSTEM32\bcrypt.dll
0x00007ffda1db0000 - 0x00007ffda1df4000 	C:\windows\SYSTEM32\icm32.dll

dbghelp: loaded successfully - version: 4.0.5 - missing functions: none
symbol engine: initialized successfully - sym options: 0x614 - pdb path: .;C:\Program Files\Java\jdk-18.0.2.1\bin;C:\windows\SYSTEM32;C:\windows\WinSxS\amd64_microsoft.windows.common-controls_6595b64144ccf1df_6.0.22000.120_none_9d947278b86cc467;C:\Program Files\Java\jdk-18.0.2.1\bin\server;C:\Users\thesp\.javacpp\cache\jaylib-4.2.0-1.jar\com\raylib\windows-x86_64;C:\windows\System32\DriverStore\FileRepository\iigd_dch.inf_amd64_0dd2d545659c5aba

VM Arguments:
jvm_args: -XX:+ShowCodeDetailsInExceptionMessages 
java_command: App
java_class_path (initial): C:\Users\nycas\Documents\D\java\the rain\bin;c:\Users\nycas\Documents\D\java\the rain\lib\jaylib-4.2.0-1.jar;c:\Users\nycas\Documents\D\java\the rain\lib\jaylib-4.2.0-1-javadoc.jar
Launcher Type: SUN_STANDARD

[Global flags]
     intx CICompilerCount                          = 12                                        {product} {ergonomic}
     uint ConcGCThreads                            = 5                                         {product} {ergonomic}
     uint G1ConcRefinementThreads                  = 18                                        {product} {ergonomic}
   size_t G1HeapRegionSize                         = 4194304                                   {product} {ergonomic}
    uintx GCDrainStackTargetSize                   = 64                                        {product} {ergonomic}
   size_t InitialHeapSize                          = 532676608                                 {product} {ergonomic}
   size_t MarkStackSize                            = 4194304                                   {product} {ergonomic}
   size_t MaxHeapSize                              = 8506048512                                {product} {ergonomic}
   size_t MaxNewSize                               = 5100273664                                {product} {ergonomic}
   size_t MinHeapDeltaBytes                        = 4194304                                   {product} {ergonomic}
   size_t MinHeapSize                              = 8388608                                   {product} {ergonomic}
    uintx NonNMethodCodeHeapSize                   = 7602480                                {pd product} {ergonomic}
    uintx NonProfiledCodeHeapSize                  = 122027880                              {pd product} {ergonomic}
    uintx ProfiledCodeHeapSize                     = 122027880                              {pd product} {ergonomic}
    uintx ReservedCodeCacheSize                    = 251658240                              {pd product} {ergonomic}
     bool SegmentedCodeCache                       = true                                      {product} {ergonomic}
     bool ShowCodeDetailsInExceptionMessages       = true                                   {manageable} {command line}
   size_t SoftMaxHeapSize                          = 8506048512                             {manageable} {ergonomic}
     bool UseCompressedClassPointers               = true                           {product lp64_product} {ergonomic}
     bool UseCompressedOops                        = true                           {product lp64_product} {ergonomic}
     bool UseG1GC                                  = true                                      {product} {ergonomic}
     bool UseLargePagesIndividualAllocation        = false                                  {pd product} {ergonomic}

Logging:
Log output configuration:
 #0: stdout all=off uptime,level,tags foldmultilines=false
 #1: stderr all=off uptime,level,tags foldmultilines=false

Environment Variables:
PATH=C:\Program Files\Common Files\Oracle\Java\javapath;C:\Program Files (x86)\Common Files\Oracle\Java\javapath;C:\Program Files\Eclipse Adoptium\jdk-17.0.4.101-hotspot\bin;C:\windows\system32;C:\windows;C:\windows\System32\Wbem;C:\windows\System32\WindowsPowerShell\v1.0\;C:\windows\System32\OpenSSH\;C:\Program Files (x86)\NVIDIA Corporation\PhysX\Common;C:\Program Files\NVIDIA Corporation\NVIDIA NvDLISR;C:\Program Files\Git\cmd;C:\Users\thesp\AppData\Local\Microsoft\WindowsApps;C:\Users\thesp\AppData\Local\Programs\Microsoft VS Code\bin;C:\Users\thesp\AppData\Local\Gource\cmd
USERNAME=thesp
LANG=en_US.UTF-8
OS=Windows_NT
PROCESSOR_IDENTIFIER=Intel64 Family 6 Model 151 Stepping 2, GenuineIntel



---------------  S Y S T E M  ---------------

OS:
 Windows 11 , 64 bit Build 22000 (10.0.22000.708)
OS uptime: 0 days 14:28 hours

CPU: total 24 (initial active 24) (12 cores per cpu, 2 threads per core) family 6 model 151 stepping 2 microcode 0x1e, cx8, cmov, fxsr, ht, mmx, 3dnowpref, sse, sse2, sse3, ssse3, sse4.1, sse4.2, popcnt, lzcnt, tsc, tscinvbit, avx, avx2, aes, erms, clmul, bmi1, bmi2, adx, sha, fma, vzeroupper, clflush, clflushopt, clwb, serialize

Memory: 4k page, system-wide physical 32436M (22000M free)
TotalPageFile size 37300M (AvailPageFile size 23210M)
current process WorkingSet (physical memory assigned to process): 197M, peak: 197M
current process commit charge ("private bytes"): 746M, peak: 746M

vm_info: Java HotSpot(TM) 64-Bit Server VM (18.0.2.1+1-1) for windows-amd64 JRE (18.0.2.1+1-1), built on Aug 16 2022 01:46:33 by "mach5one" with MS VC++ 16.8 / 16.9 (VS2019)

END.
